<!DOCTYPE html>
<html>
  <head>
    <meta charset="utf-8"/>
    <title id="head-title">report.html</title>
      <style type="text/css">body {
  font-family: Helvetica, Arial, sans-serif;
  font-size: 12px;
  /* do not increase min-width as some may use split screens */
  min-width: 800px;
  color: #999;
}

h1 {
  font-size: 24px;
  color: black;
}

h2 {
  font-size: 16px;
  color: black;
}

p {
  color: black;
}

a {
  color: #999;
}

table {
  border-collapse: collapse;
}

/******************************
 * SUMMARY INFORMATION
 ******************************/
#environment td {
  padding: 5px;
  border: 1px solid #e6e6e6;
  vertical-align: top;
}
#environment tr:nth-child(odd) {
  background-color: #f6f6f6;
}
#environment ul {
  margin: 0;
  padding: 0 20px;
}

/******************************
 * TEST RESULT COLORS
 ******************************/
span.passed,
.passed .col-result {
  color: green;
}

span.skipped,
span.xfailed,
span.rerun,
.skipped .col-result,
.xfailed .col-result,
.rerun .col-result {
  color: orange;
}

span.error,
span.failed,
span.xpassed,
.error .col-result,
.failed .col-result,
.xpassed .col-result {
  color: red;
}

.col-links__extra {
  margin-right: 3px;
}

/******************************
 * RESULTS TABLE
 *
 * 1. Table Layout
 * 2. Extra
 * 3. Sorting items
 *
 ******************************/
/*------------------
 * 1. Table Layout
 *------------------*/
#results-table {
  border: 1px solid #e6e6e6;
  color: #999;
  font-size: 12px;
  width: 100%;
}
#results-table th,
#results-table td {
  padding: 5px;
  border: 1px solid #e6e6e6;
  text-align: left;
}
#results-table th {
  font-weight: bold;
}

/*------------------
 * 2. Extra
 *------------------*/
.logwrapper {
  max-height: 230px;
  overflow-y: scroll;
  background-color: #e6e6e6;
}
.logwrapper.expanded {
  max-height: none;
}
.logwrapper.expanded .logexpander:after {
  content: "collapse [-]";
}
.logwrapper .logexpander {
  z-index: 1;
  position: sticky;
  top: 10px;
  width: max-content;
  border: 1px solid;
  border-radius: 3px;
  padding: 5px 7px;
  margin: 10px 0 10px calc(100% - 80px);
  cursor: pointer;
  background-color: #e6e6e6;
}
.logwrapper .logexpander:after {
  content: "expand [+]";
}
.logwrapper .logexpander:hover {
  color: #000;
  border-color: #000;
}
.logwrapper .log {
  min-height: 40px;
  position: relative;
  top: -50px;
  height: calc(100% + 50px);
  border: 1px solid #e6e6e6;
  color: black;
  display: block;
  font-family: "Courier New", Courier, monospace;
  padding: 5px;
  padding-right: 80px;
  white-space: pre-wrap;
}

div.media {
  border: 1px solid #e6e6e6;
  float: right;
  height: 240px;
  margin: 0 5px;
  overflow: hidden;
  width: 320px;
}

.media-container {
  display: grid;
  grid-template-columns: 25px auto 25px;
  align-items: center;
  flex: 1 1;
  overflow: hidden;
  height: 200px;
}

.media-container--fullscreen {
  grid-template-columns: 0px auto 0px;
}

.media-container__nav--right,
.media-container__nav--left {
  text-align: center;
  cursor: pointer;
}

.media-container__viewport {
  cursor: pointer;
  text-align: center;
  height: inherit;
}
.media-container__viewport img,
.media-container__viewport video {
  object-fit: cover;
  width: 100%;
  max-height: 100%;
}

.media__name,
.media__counter {
  display: flex;
  flex-direction: row;
  justify-content: space-around;
  flex: 0 0 25px;
  align-items: center;
}

.collapsible td:not(.col-links) {
  cursor: pointer;
}
.collapsible td:not(.col-links):hover::after {
  color: #bbb;
  font-style: italic;
  cursor: pointer;
}

.col-result {
  width: 130px;
}
.col-result:hover::after {
  content: " (hide details)";
}

.col-result.collapsed:hover::after {
  content: " (show details)";
}

#environment-header h2:hover::after {
  content: " (hide details)";
  color: #bbb;
  font-style: italic;
  cursor: pointer;
  font-size: 12px;
}

#environment-header.collapsed h2:hover::after {
  content: " (show details)";
  color: #bbb;
  font-style: italic;
  cursor: pointer;
  font-size: 12px;
}

/*------------------
 * 3. Sorting items
 *------------------*/
.sortable {
  cursor: pointer;
}
.sortable.desc:after {
  content: " ";
  position: relative;
  left: 5px;
  bottom: -12.5px;
  border: 10px solid #4caf50;
  border-bottom: 0;
  border-left-color: transparent;
  border-right-color: transparent;
}
.sortable.asc:after {
  content: " ";
  position: relative;
  left: 5px;
  bottom: 12.5px;
  border: 10px solid #4caf50;
  border-top: 0;
  border-left-color: transparent;
  border-right-color: transparent;
}

.hidden, .summary__reload__button.hidden {
  display: none;
}

.summary__data {
  flex: 0 0 550px;
}
.summary__reload {
  flex: 1 1;
  display: flex;
  justify-content: center;
}
.summary__reload__button {
  flex: 0 0 300px;
  display: flex;
  color: white;
  font-weight: bold;
  background-color: #4caf50;
  text-align: center;
  justify-content: center;
  align-items: center;
  border-radius: 3px;
  cursor: pointer;
}
.summary__reload__button:hover {
  background-color: #46a049;
}
.summary__spacer {
  flex: 0 0 550px;
}

.controls {
  display: flex;
  justify-content: space-between;
}

.filters,
.collapse {
  display: flex;
  align-items: center;
}
.filters button,
.collapse button {
  color: #999;
  border: none;
  background: none;
  cursor: pointer;
  text-decoration: underline;
}
.filters button:hover,
.collapse button:hover {
  color: #ccc;
}

.filter__label {
  margin-right: 10px;
}

      </style>
    
  </head>
  <body>
    <h1 id="title">report.html</h1>
    <p>Report generated on 17-Mar-2025 at 14:56:45 by <a href="https://pypi.python.org/pypi/pytest-html">pytest-html</a>
        v4.1.1</p>
    <div id="environment-header">
      <h2>Environment</h2>
    </div>
    <table id="environment"></table>
    <!-- TEMPLATES -->
      <template id="template_environment_row">
      <tr>
        <td></td>
        <td></td>
      </tr>
    </template>
    <template id="template_results-table__body--empty">
      <tbody class="results-table-row">
        <tr id="not-found-message">
          <td colspan="4">No results found. Check the filters.</th>
        </tr>
    </template>
    <template id="template_results-table__tbody">
      <tbody class="results-table-row">
        <tr class="collapsible">
        </tr>
        <tr class="extras-row">
          <td class="extra" colspan="4">
            <div class="extraHTML"></div>
            <div class="media">
              <div class="media-container">
                  <div class="media-container__nav--left"><</div>
                  <div class="media-container__viewport">
                    <img src="" />
                    <video controls>
                      <source src="" type="video/mp4">
                    </video>
                  </div>
                  <div class="media-container__nav--right">></div>
                </div>
                <div class="media__name"></div>
                <div class="media__counter"></div>
            </div>
            <div class="logwrapper">
              <div class="logexpander"></div>
              <div class="log"></div>
            </div>
          </td>
        </tr>
      </tbody>
    </template>
    <!-- END TEMPLATES -->
    <div class="summary">
      <div class="summary__data">
        <h2>Summary</h2>
        <div class="additional-summary prefix">
        </div>
        <p class="run-count">3 tests took 00:00:51.</p>
        <p class="filter">(Un)check the boxes to filter the results.</p>
        <div class="summary__reload">
          <div class="summary__reload__button hidden" onclick="location.reload()">
            <div>There are still tests running. <br />Reload this page to get the latest results!</div>
          </div>
        </div>
        <div class="summary__spacer"></div>
        <div class="controls">
          <div class="filters">
            <input checked="true" class="filter" name="filter_checkbox" type="checkbox" data-test-result="failed" />
            <span class="failed">3 Failed,</span>
            <input checked="true" class="filter" name="filter_checkbox" type="checkbox" data-test-result="passed" disabled/>
            <span class="passed">0 Passed,</span>
            <input checked="true" class="filter" name="filter_checkbox" type="checkbox" data-test-result="skipped" />
            <span class="skipped">49 Skipped,</span>
            <input checked="true" class="filter" name="filter_checkbox" type="checkbox" data-test-result="xfailed" disabled/>
            <span class="xfailed">0 Expected failures,</span>
            <input checked="true" class="filter" name="filter_checkbox" type="checkbox" data-test-result="xpassed" disabled/>
            <span class="xpassed">0 Unexpected passes,</span>
            <input checked="true" class="filter" name="filter_checkbox" type="checkbox" data-test-result="error" disabled/>
            <span class="error">0 Errors,</span>
            <input checked="true" class="filter" name="filter_checkbox" type="checkbox" data-test-result="rerun" disabled/>
            <span class="rerun">0 Reruns</span>
          </div>
          <div class="collapse">
            <button id="show_all_details">Show all details</button>&nbsp;/&nbsp;<button id="hide_all_details">Hide all details</button>
          </div>
        </div>
      </div>
      <div class="additional-summary summary">
      </div>
      <div class="additional-summary postfix">
      </div>
    </div>
    <table id="results-table">
      <thead id="results-table-head">
        <tr>
          <th class="sortable" data-column-type="result">Result</th>
          <th class="sortable" data-column-type="testId">Test</th>
          <th class="sortable" data-column-type="duration">Duration</th>
          <th>Links</th>
        </tr>
      </thead>
    </table>
  </body>
  <footer>
    <div id="data-container" data-jsonblob="{&#34;environment&#34;: {&#34;Python&#34;: &#34;3.13.2&#34;, &#34;Platform&#34;: &#34;Windows-11-10.0.22631-SP0&#34;, &#34;Packages&#34;: {&#34;pytest&#34;: &#34;8.3.5&#34;, &#34;pluggy&#34;: &#34;1.5.0&#34;}, &#34;Plugins&#34;: {&#34;allure-pytest&#34;: &#34;2.13.5&#34;, &#34;html&#34;: &#34;4.1.1&#34;, &#34;metadata&#34;: &#34;3.1.1&#34;}, &#34;JAVA_HOME&#34;: &#34;C:\\Program Files\\Java\\jdk-21&#34;}, &#34;tests&#34;: {&#34;tests/test_order/test_runner.py::test_all[test_case0]&#34;: [{&#34;extras&#34;: [], &#34;result&#34;: &#34;Failed&#34;, &#34;testId&#34;: &#34;tests/test_order/test_runner.py::test_all[test_case0]&#34;, &#34;duration&#34;: &#34;00:00:22&#34;, &#34;resultsTableRow&#34;: [&#34;&lt;td class=\&#34;col-result\&#34;&gt;Failed&lt;/td&gt;&#34;, &#34;&lt;td class=\&#34;col-testId\&#34;&gt;tests/test_order/test_runner.py::test_all[test_case0]&lt;/td&gt;&#34;, &#34;&lt;td class=\&#34;col-duration\&#34;&gt;00:00:22&lt;/td&gt;&#34;, &#34;&lt;td class=\&#34;col-links\&#34;&gt;&lt;/td&gt;&#34;], &#34;log&#34;: &#34;self = &amp;lt;autotest.anor.mr.person.legal_person_add.legal_person_add.LegalPersonAdd object at 0x0000021BFD25BCB0&amp;gt;, locator = (&amp;#x27;xpath&amp;#x27;, &amp;#x27;//input[@ng-model=&amp;quot;d.name&amp;quot; and @ng-change=&amp;quot;validateName()&amp;quot;]&amp;#x27;), timeout = 5\n\n    def _wait_for_presence(self, locator, timeout=None):\n        &amp;quot;&amp;quot;&amp;quot;Element DOMda mavjud ekanligini tekshirish&amp;quot;&amp;quot;&amp;quot;\n    \n        page_name = self.__class__.__name__\n        timeout = timeout or self.default_timeout\n    \n        try:\n&amp;gt;           element = WebDriverWait(self.driver, timeout).until(EC.presence_of_element_located(locator))\n\nautotest\\core\\md\\base_page.py:312: \n_ _ _ _ _ _ _ _ _ _ _ _ _ _ _ _ _ _ _ _ _ _ _ _ _ _ _ _ _ _ _ _ _ _ _ _ _ _ _ _ _ _ _ _ _ _ _ _ _ _ _ _ _ _ _ _ _ _ _ _ _ _ _ _ _ _ _ _ _ _ _ _ _ _ _ _ _ _ _ _ _ _ _ _ _ _ _ _ _ _ _ _ _ _ _ _ _ _ _ _ _ _ _ _ _ _ _ _ _ _ _ _ _ _\n\nself = &amp;lt;selenium.webdriver.support.wait.WebDriverWait (session=&amp;quot;e45a95d888ace6cc9d9e78316154924e&amp;quot;)&amp;gt;, method = &amp;lt;function presence_of_element_located.&amp;lt;locals&amp;gt;._predicate at 0x0000021BFE417A60&amp;gt;, message = &amp;#x27;&amp;#x27;\n\n    def until(self, method: Callable[[D], Union[Literal[False], T]], message: str = &amp;quot;&amp;quot;) -&amp;gt; T:\n        &amp;quot;&amp;quot;&amp;quot;Wait until the method returns a value that is not False.\n    \n        Calls the method provided with the driver as an argument until the\n        return value does not evaluate to ``False``.\n    \n        Parameters:\n        ----------\n        method: callable(WebDriver)\n            - A callable object that takes a WebDriver instance as an argument.\n    \n        message: str\n            - Optional message for :exc:`TimeoutException`\n    \n        Return:\n        -------\n        object: T\n            - The result of the last call to `method`\n    \n        Raises:\n        -------\n        TimeoutException\n            - If &amp;#x27;method&amp;#x27; does not return a truthy value within the WebDriverWait\n            object&amp;#x27;s timeout\n    \n        Example:\n        --------\n        &amp;gt;&amp;gt;&amp;gt; from selenium.webdriver.common.by import By\n        &amp;gt;&amp;gt;&amp;gt; from selenium.webdriver.support.ui import WebDriverWait\n        &amp;gt;&amp;gt;&amp;gt; from selenium.webdriver.support import expected_conditions as EC\n    \n        # Wait until an element is visible on the page\n        &amp;gt;&amp;gt;&amp;gt; wait = WebDriverWait(driver, 10)\n        &amp;gt;&amp;gt;&amp;gt; element = wait.until(EC.visibility_of_element_located((By.ID, &amp;quot;exampleId&amp;quot;)))\n        &amp;gt;&amp;gt;&amp;gt; print(element.text)\n        &amp;quot;&amp;quot;&amp;quot;\n        screen = None\n        stacktrace = None\n    \n        end_time = time.monotonic() + self._timeout\n        while True:\n            try:\n                value = method(self._driver)\n                if value:\n                    return value\n            except self._ignored_exceptions as exc:\n                screen = getattr(exc, &amp;quot;screen&amp;quot;, None)\n                stacktrace = getattr(exc, &amp;quot;stacktrace&amp;quot;, None)\n            if time.monotonic() &amp;gt; end_time:\n                break\n            time.sleep(self._poll)\n&amp;gt;       raise TimeoutException(message, screen, stacktrace)\nE       selenium.common.exceptions.TimeoutException: Message: \nE       Stacktrace:\nE       \tGetHandleVerifier [0x011DB5A3+24387]\nE       \t(No symbol) [0x01165904]\nE       \t(No symbol) [0x01040753]\nE       \t(No symbol) [0x01088BA9]\nE       \t(No symbol) [0x01088EFB]\nE       \t(No symbol) [0x010D19C2]\nE       \t(No symbol) [0x010AD894]\nE       \t(No symbol) [0x010CF138]\nE       \t(No symbol) [0x010AD646]\nE       \t(No symbol) [0x0107C59F]\nE       \t(No symbol) [0x0107D8E4]\nE       \tGetHandleVerifier [0x014DD883+3179043]\nE       \tGetHandleVerifier [0x014F6CF9+3282585]\nE       \tGetHandleVerifier [0x014F167C+3260444]\nE       \tGetHandleVerifier [0x01274330+650448]\nE       \t(No symbol) [0x0116ED0D]\nE       \t(No symbol) [0x0116BAF8]\nE       \t(No symbol) [0x0116BC99]\nE       \t(No symbol) [0x0115E530]\nE       \tBaseThreadInitThunk [0x76DD7BA9+25]\nE       \tRtlInitializeExceptionChain [0x77E7C2EB+107]\nE       \tRtlClearBits [0x77E7C26F+191]\n\n.venv\\Lib\\site-packages\\selenium\\webdriver\\support\\wait.py:146: TimeoutException\n\nDuring handling of the above exception, another exception occurred:\n\nself = &amp;lt;autotest.anor.mr.person.legal_person_add.legal_person_add.LegalPersonAdd object at 0x0000021BFD25BCB0&amp;gt;, locator = (&amp;#x27;xpath&amp;#x27;, &amp;#x27;//input[@ng-model=&amp;quot;d.name&amp;quot; and @ng-change=&amp;quot;validateName()&amp;quot;]&amp;#x27;), retries = 3, retry_delay = 1\n\n    def wait_for_element_visible(self, locator, retries=3, retry_delay=1):\n        &amp;quot;&amp;quot;&amp;quot;Elementni ko&amp;#x27;rinishini kutish funksiyasi&amp;quot;&amp;quot;&amp;quot;\n    \n        page_name = self.__class__.__name__\n        self.logger.debug(f&amp;quot;{page_name}: Running -&amp;gt; wait_for_element_visible: {locator}&amp;quot;)\n    \n        time.sleep(1)\n        attempt = 0\n    \n        while attempt &amp;lt; retries:\n            try:\n                self._wait_for_all_loaders(log_text=&amp;#x27;Run wait_for_element_visible&amp;#x27;)\n&amp;gt;               element_dom = self._wait_for_presence(locator)\n\nautotest\\core\\md\\base_page.py:513: \n_ _ _ _ _ _ _ _ _ _ _ _ _ _ _ _ _ _ _ _ _ _ _ _ _ _ _ _ _ _ _ _ _ _ _ _ _ _ _ _ _ _ _ _ _ _ _ _ _ _ _ _ _ _ _ _ _ _ _ _ _ _ _ _ _ _ _ _ _ _ _ _ _ _ _ _ _ _ _ _ _ _ _ _ _ _ _ _ _ _ _ _ _ _ _ _ _ _ _ _ _ _ _ _ _ _ _ _ _ _ _ _ _ _\n\nself = &amp;lt;autotest.anor.mr.person.legal_person_add.legal_person_add.LegalPersonAdd object at 0x0000021BFD25BCB0&amp;gt;, locator = (&amp;#x27;xpath&amp;#x27;, &amp;#x27;//input[@ng-model=&amp;quot;d.name&amp;quot; and @ng-change=&amp;quot;validateName()&amp;quot;]&amp;#x27;), timeout = 5\n\n    def _wait_for_presence(self, locator, timeout=None):\n        &amp;quot;&amp;quot;&amp;quot;Element DOMda mavjud ekanligini tekshirish&amp;quot;&amp;quot;&amp;quot;\n    \n        page_name = self.__class__.__name__\n        timeout = timeout or self.default_timeout\n    \n        try:\n            element = WebDriverWait(self.driver, timeout).until(EC.presence_of_element_located(locator))\n            return element\n    \n        except StaleElementReferenceException as e:\n            message = f&amp;quot;Element DOM da yangilandi.&amp;quot;\n            self.logger.warning(f&amp;quot;{page_name}: {message}: {locator}: {str(e)}&amp;quot;)\n            raise ElementStaleError(message, locator, e)\n    \n        except TimeoutException as e:\n            message = f&amp;quot;Element {timeout}s ichida DOM da topilmadi.&amp;quot;\n            self.logger.warning(f&amp;quot;{page_name}: {message}: {locator}: {str(e)}&amp;quot;)\n&amp;gt;           raise ElementNotFoundError(message, locator, e)\nE           utils.exception.ElementNotFoundError: Element 5s ichida DOM da topilmadi.\n\nautotest\\core\\md\\base_page.py:323: ElementNotFoundError\n\nDuring handling of the above exception, another exception occurred:\n\ndriver = &amp;lt;selenium.webdriver.chrome.webdriver.WebDriver (session=&amp;quot;e45a95d888ace6cc9d9e78316154924e&amp;quot;)&amp;gt;\ntest_data = {&amp;#x27;data&amp;#x27;: {&amp;#x27;Administration_name&amp;#x27;: &amp;#x27;\u0410\u0434\u043c\u0438\u043d\u0438\u0441\u0442\u0440\u0438\u0440\u043e\u0432\u0430\u043d\u0438\u0435&amp;#x27;, &amp;#x27;Archive&amp;#x27;: &amp;#x27;\u0410\u0440\u0445\u0438\u0432&amp;#x27;, &amp;#x27;Cancelled&amp;#x27;: &amp;#x27;\u041e\u0442\u043c\u0435\u043d\u0435\u043d&amp;#x27;, &amp;#x27;Delivered&amp;#x27;: &amp;#x27;\u0414\u043e\u0441\u0442\u0430\u0432\u043b\u0435\u043d&amp;#x27;, ...}}, legal_person_name = &amp;#x27;legal_person-4&amp;#x27;\n\n    def test_legal_person_add(driver, test_data, legal_person_name=None):\n        &amp;quot;&amp;quot;&amp;quot;Test adding a legal person&amp;quot;&amp;quot;&amp;quot;\n    \n        base_page = BasePage(driver)\n        base_page.logger.info(&amp;quot;\u25b6\ufe0f Running: test_legal_person_add&amp;quot;)\n    \n        # Test data\n        data = test_data[&amp;quot;data&amp;quot;]\n        legal_person_name = legal_person_name or data[&amp;quot;legal_person_name&amp;quot;]\n        base_page.logger.info(f&amp;quot;Data: name=&amp;#x27;{legal_person_name}&amp;#x27;&amp;quot;)\n    \n        try:\n            # Login\n            login_admin(driver, test_data, url=&amp;#x27;anor/mr/person/legal_person_list&amp;#x27;)\n    \n            # Open Legal Person List\n            legal_person_list = LegalPersonList(driver)\n            assert legal_person_list.element_visible(), &amp;quot;LegalPersonList not open!&amp;quot;\n            # legal_person_list.click_add_button()\n    \n            # Add Legal Person\n            legal_person_add = LegalPersonAdd(driver)\n&amp;gt;           assert legal_person_add.element_visible(), &amp;quot;LegalPersonAdd not open!&amp;quot;\n\ntests\\test_order\\test_life_cycle.py:175: \n_ _ _ _ _ _ _ _ _ _ _ _ _ _ _ _ _ _ _ _ _ _ _ _ _ _ _ _ _ _ _ _ _ _ _ _ _ _ _ _ _ _ _ _ _ _ _ _ _ _ _ _ _ _ _ _ _ _ _ _ _ _ _ _ _ _ _ _ _ _ _ _ _ _ _ _ _ _ _ _ _ _ _ _ _ _ _ _ _ _ _ _ _ _ _ _ _ _ _ _ _ _ _ _ _ _ _ _ _ _ _ _ _ _\nautotest\\anor\\mr\\person\\legal_person_add\\legal_person_add.py:10: in element_visible\n    return self.wait_for_element_visible(self.header)\n_ _ _ _ _ _ _ _ _ _ _ _ _ _ _ _ _ _ _ _ _ _ _ _ _ _ _ _ _ _ _ _ _ _ _ _ _ _ _ _ _ _ _ _ _ _ _ _ _ _ _ _ _ _ _ _ _ _ _ _ _ _ _ _ _ _ _ _ _ _ _ _ _ _ _ _ _ _ _ _ _ _ _ _ _ _ _ _ _ _ _ _ _ _ _ _ _ _ _ _ _ _ _ _ _ _ _ _ _ _ _ _ _ _\n\nself = &amp;lt;autotest.anor.mr.person.legal_person_add.legal_person_add.LegalPersonAdd object at 0x0000021BFD25BCB0&amp;gt;, locator = (&amp;#x27;xpath&amp;#x27;, &amp;#x27;//input[@ng-model=&amp;quot;d.name&amp;quot; and @ng-change=&amp;quot;validateName()&amp;quot;]&amp;#x27;), retries = 3, retry_delay = 1\n\n    def wait_for_element_visible(self, locator, retries=3, retry_delay=1):\n        &amp;quot;&amp;quot;&amp;quot;Elementni ko&amp;#x27;rinishini kutish funksiyasi&amp;quot;&amp;quot;&amp;quot;\n    \n        page_name = self.__class__.__name__\n        self.logger.debug(f&amp;quot;{page_name}: Running -&amp;gt; wait_for_element_visible: {locator}&amp;quot;)\n    \n        time.sleep(1)\n        attempt = 0\n    \n        while attempt &amp;lt; retries:\n            try:\n                self._wait_for_all_loaders(log_text=&amp;#x27;Run wait_for_element_visible&amp;#x27;)\n                element_dom = self._wait_for_presence(locator)\n                self._scroll_to_element(element_dom, locator)\n                element = self._wait_for_visibility(locator)\n    \n                if element:\n                    self.logger.info(f&amp;quot;\u23fa {page_name}: Element topildi: {locator}&amp;quot;)\n                    return element\n    \n            except (ElementStaleError, ScrollError, JavaScriptError) as e:\n                self.logger.warning(f&amp;quot;{page_name}: {e.message}, qayta urinish ({attempt + 1}/{retries})&amp;quot;)\n                time.sleep(retry_delay)\n    \n            except (ElementNotFoundError, LoaderTimeoutError) as e:\n                message = &amp;quot;Element topilmadi yoki yuklanmadi. Qidirish bekor qilindi.&amp;quot;\n                self.logger.warning(f&amp;quot;{page_name}: {message}: {locator}: {str(e)}&amp;quot;)\n                self.take_screenshot(f&amp;quot;{page_name.lower()}_visible_elem_not_found_error&amp;quot;)\n&amp;gt;               raise ElementInteractionError(message, locator, e)\nE               utils.exception.ElementInteractionError: Element topilmadi yoki yuklanmadi. Qidirish bekor qilindi.\n\nautotest\\core\\md\\base_page.py:529: ElementInteractionError\n\nDuring handling of the above exception, another exception occurred:\n\ndriver = &amp;lt;selenium.webdriver.chrome.webdriver.WebDriver (session=&amp;quot;e45a95d888ace6cc9d9e78316154924e&amp;quot;)&amp;gt;\ntest_data = {&amp;#x27;data&amp;#x27;: {&amp;#x27;Administration_name&amp;#x27;: &amp;#x27;\u0410\u0434\u043c\u0438\u043d\u0438\u0441\u0442\u0440\u0438\u0440\u043e\u0432\u0430\u043d\u0438\u0435&amp;#x27;, &amp;#x27;Archive&amp;#x27;: &amp;#x27;\u0410\u0440\u0445\u0438\u0432&amp;#x27;, &amp;#x27;Cancelled&amp;#x27;: &amp;#x27;\u041e\u0442\u043c\u0435\u043d\u0435\u043d&amp;#x27;, &amp;#x27;Delivered&amp;#x27;: &amp;#x27;\u0414\u043e\u0441\u0442\u0430\u0432\u043b\u0435\u043d&amp;#x27;, ...}}\ntest_case = {&amp;#x27;func&amp;#x27;: &amp;lt;function test_legal_person_add at 0x0000021BEED7B4C0&amp;gt;, &amp;#x27;name&amp;#x27;: &amp;#x27;Legal Person Add&amp;#x27;}\n\n    @pytest.mark.parametrize(&amp;quot;test_case&amp;quot;, test_cases)\n    def test_all(driver, test_data, test_case):\n        &amp;quot;&amp;quot;&amp;quot;Barcha testlar&amp;quot;&amp;quot;&amp;quot;\n    \n        global stop_execution  # \ud83d\udd34 Global flagni ishlatamiz\n    \n        if stop_execution:\n            pytest.skip(f&amp;quot;\u274c {test_case[&amp;#x27;name&amp;#x27;]} o&amp;#x27;tkazib yuborildi, chunki oldingi testda xatolik bor!&amp;quot;)\n    \n        with allure.step(test_case[&amp;quot;name&amp;quot;]):\n            try:\n&amp;gt;               test_case[&amp;quot;func&amp;quot;](driver, test_data)\n\ntests\\test_order\\test_runner.py:128: \n_ _ _ _ _ _ _ _ _ _ _ _ _ _ _ _ _ _ _ _ _ _ _ _ _ _ _ _ _ _ _ _ _ _ _ _ _ _ _ _ _ _ _ _ _ _ _ _ _ _ _ _ _ _ _ _ _ _ _ _ _ _ _ _ _ _ _ _ _ _ _ _ _ _ _ _ _ _ _ _ _ _ _ _ _ _ _ _ _ _ _ _ _ _ _ _ _ _ _ _ _ _ _ _ _ _ _ _ _ _ _ _ _ _\n\ndriver = &amp;lt;selenium.webdriver.chrome.webdriver.WebDriver (session=&amp;quot;e45a95d888ace6cc9d9e78316154924e&amp;quot;)&amp;gt;\ntest_data = {&amp;#x27;data&amp;#x27;: {&amp;#x27;Administration_name&amp;#x27;: &amp;#x27;\u0410\u0434\u043c\u0438\u043d\u0438\u0441\u0442\u0440\u0438\u0440\u043e\u0432\u0430\u043d\u0438\u0435&amp;#x27;, &amp;#x27;Archive&amp;#x27;: &amp;#x27;\u0410\u0440\u0445\u0438\u0432&amp;#x27;, &amp;#x27;Cancelled&amp;#x27;: &amp;#x27;\u041e\u0442\u043c\u0435\u043d\u0435\u043d&amp;#x27;, &amp;#x27;Delivered&amp;#x27;: &amp;#x27;\u0414\u043e\u0441\u0442\u0430\u0432\u043b\u0435\u043d&amp;#x27;, ...}}, legal_person_name = &amp;#x27;legal_person-4&amp;#x27;\n\n    def test_legal_person_add(driver, test_data, legal_person_name=None):\n        &amp;quot;&amp;quot;&amp;quot;Test adding a legal person&amp;quot;&amp;quot;&amp;quot;\n    \n        base_page = BasePage(driver)\n        base_page.logger.info(&amp;quot;\u25b6\ufe0f Running: test_legal_person_add&amp;quot;)\n    \n        # Test data\n        data = test_data[&amp;quot;data&amp;quot;]\n        legal_person_name = legal_person_name or data[&amp;quot;legal_person_name&amp;quot;]\n        base_page.logger.info(f&amp;quot;Data: name=&amp;#x27;{legal_person_name}&amp;#x27;&amp;quot;)\n    \n        try:\n            # Login\n            login_admin(driver, test_data, url=&amp;#x27;anor/mr/person/legal_person_list&amp;#x27;)\n    \n            # Open Legal Person List\n            legal_person_list = LegalPersonList(driver)\n            assert legal_person_list.element_visible(), &amp;quot;LegalPersonList not open!&amp;quot;\n            # legal_person_list.click_add_button()\n    \n            # Add Legal Person\n            legal_person_add = LegalPersonAdd(driver)\n            assert legal_person_add.element_visible(), &amp;quot;LegalPersonAdd not open!&amp;quot;\n    \n            legal_person_add.input_name(legal_person_name)\n            tin_number = random.randint(1, 999999999)\n            legal_person_add.input_tin(tin_number)\n            legal_person_add.click_save_button()\n    \n            # Verify in List\n            assert legal_person_list.element_visible(), &amp;quot;LegalPersonList not open after save!&amp;quot;\n            legal_person_list.find_row(legal_person_name)\n            legal_person_list.click_view_button()\n    \n            # Verify in View\n            legal_person_view = LegalPersonView(driver)\n            assert legal_person_view.element_visible(), &amp;quot;LegalPersonView not open!&amp;quot;\n            text = legal_person_view.check_text()\n    \n            assert legal_person_name == text, f&amp;#x27;Expected &amp;quot;{legal_person_name}&amp;quot;, got &amp;quot;{text}&amp;quot;&amp;#x27;\n            base_page.logger.info(f&amp;quot;\u2705 Verified: &amp;#x27;{legal_person_name}&amp;#x27;&amp;quot;)\n    \n        except AssertionError as ae:\n            base_page.logger.error(f&amp;#x27;\u274c AssertionError: {str(ae)}&amp;#x27;)\n            base_page.take_screenshot(&amp;quot;assertion_error&amp;quot;)\n            pytest.fail(str(ae))\n    \n        except Exception as e:\n            base_page.logger.error(f&amp;#x27;\u274c Error: {str(e)}&amp;#x27;)\n            base_page.take_screenshot(&amp;quot;unexpected_error&amp;quot;)\n&amp;gt;           pytest.fail(str(e))\nE           Failed: Element topilmadi yoki yuklanmadi. Qidirish bekor qilindi.\n\ntests\\test_order\\test_life_cycle.py:203: Failed\n\n----------------------------- Captured stderr call -----------------------------\n2025-03-17 14:55:51,160 - [INFO] - test_legal_person_add - \u25b6\ufe0f Running: test_legal_person_add\n2025-03-17 14:55:51,161 - [INFO] - test_legal_person_add - Data: name=&amp;#x27;legal_person-4&amp;#x27;\n2025-03-17 14:55:51,189 - [DEBUG] - test_legal_person_add - ========== Login Page: -&amp;gt;  Started waiting ==========\n2025-03-17 14:55:51,198 - [DEBUG] - test_legal_person_add - Asinxron operatsiyalar yakunlandi (0.01s)\n2025-03-17 14:55:51,231 - [DEBUG] - test_legal_person_add - Barcha spinner yo\u2018qoldi (0.00s)\n2025-03-17 14:55:51,231 - [DEBUG] - test_legal_person_add - ========== Login Page: -&amp;gt;  Finished waiting ==========\n2025-03-17 14:55:51,247 - [INFO] - test_legal_person_add - Login Page: The &amp;#x27;LOGO&amp;#x27; element is verified\n2025-03-17 14:55:51,247 - [DEBUG] - test_legal_person_add - LoginPage: Running -&amp;gt; input_text: (&amp;#x27;xpath&amp;#x27;, &amp;#x27;//input[@id=&amp;quot;login&amp;quot;]&amp;#x27;)\n2025-03-17 14:55:51,247 - [DEBUG] - test_legal_person_add - ==========  Started waiting ==========\n2025-03-17 14:55:51,250 - [DEBUG] - test_legal_person_add - Asinxron operatsiyalar yakunlandi (0.00s)\n2025-03-17 14:55:51,270 - [DEBUG] - test_legal_person_add - Barcha spinner yo\u2018qoldi (0.00s)\n2025-03-17 14:55:51,270 - [DEBUG] - test_legal_person_add - ==========  Finished waiting ==========\n2025-03-17 14:55:51,342 - [INFO] - test_legal_person_add - Input: send_key -&amp;gt; &amp;#x27;admin@autotest&amp;#x27;\n2025-03-17 14:55:51,342 - [DEBUG] - test_legal_person_add - LoginPage: Running -&amp;gt; input_text: (&amp;#x27;xpath&amp;#x27;, &amp;#x27;//input[@id=&amp;quot;password&amp;quot;]&amp;#x27;)\n2025-03-17 14:55:51,342 - [DEBUG] - test_legal_person_add - ==========  Started waiting ==========\n2025-03-17 14:55:51,345 - [DEBUG] - test_legal_person_add - Asinxron operatsiyalar yakunlandi (0.00s)\n2025-03-17 14:55:51,364 - [DEBUG] - test_legal_person_add - Barcha spinner yo\u2018qoldi (0.00s)\n2025-03-17 14:55:51,364 - [DEBUG] - test_legal_person_add - ==========  Finished waiting ==========\n2025-03-17 14:55:51,429 - [INFO] - test_legal_person_add - Input: send_key -&amp;gt; &amp;#x27;greenwhite&amp;#x27;\n2025-03-17 14:55:51,429 - [INFO] - test_legal_person_add - Login Page: Data entered successfully\n2025-03-17 14:55:51,429 - [DEBUG] - test_legal_person_add - LoginPage: Running click: (&amp;#x27;xpath&amp;#x27;, &amp;#x27;//button[@id=&amp;quot;sign_in&amp;quot;]&amp;#x27;)\n2025-03-17 14:55:51,429 - [DEBUG] - test_legal_person_add - ========== Run click: -&amp;gt;  Started waiting ==========\n2025-03-17 14:55:51,432 - [DEBUG] - test_legal_person_add - Asinxron operatsiyalar yakunlandi (0.00s)\n2025-03-17 14:55:51,453 - [DEBUG] - test_legal_person_add - Barcha spinner yo\u2018qoldi (0.00s)\n2025-03-17 14:55:51,453 - [DEBUG] - test_legal_person_add - ========== Run click: -&amp;gt;  Finished waiting ==========\n2025-03-17 14:55:51,511 - [INFO] - test_legal_person_add - \u23fa LoginPage: Click: (&amp;#x27;xpath&amp;#x27;, &amp;#x27;//button[@id=&amp;quot;sign_in&amp;quot;]&amp;#x27;)\n2025-03-17 14:55:51,516 - [DEBUG] - test_legal_person_add - ========== Dashboard Page: -&amp;gt;  Started waiting ==========\n2025-03-17 14:55:51,520 - [DEBUG] - test_legal_person_add - Asinxron operatsiyalar davom etmoqda, qayta tekshirilmoqda... (0.00s)\n2025-03-17 14:55:55,745 - [DEBUG] - test_legal_person_add - Asinxron operatsiyalar yakunlandi (4.23s)\n2025-03-17 14:55:55,787 - [DEBUG] - test_legal_person_add - Barcha spinner yo\u2018qoldi (0.00s)\n2025-03-17 14:55:55,787 - [DEBUG] - test_legal_person_add - ========== Dashboard Page: -&amp;gt;  Finished waiting ==========\n2025-03-17 14:55:55,799 - [INFO] - test_legal_person_add - \u203c\ufe0fOld sessiya available!\n2025-03-17 14:55:55,800 - [DEBUG] - test_legal_person_add - DashboardPage: Running click: (&amp;#x27;xpath&amp;#x27;, &amp;quot;(//button[@class=&amp;#x27;btn btn-icon btn-danger&amp;#x27;])[1]&amp;quot;)\n2025-03-17 14:55:55,800 - [DEBUG] - test_legal_person_add - ========== Run click: -&amp;gt;  Started waiting ==========\n2025-03-17 14:55:55,802 - [DEBUG] - test_legal_person_add - Asinxron operatsiyalar yakunlandi (0.00s)\n2025-03-17 14:55:55,841 - [DEBUG] - test_legal_person_add - Barcha spinner yo\u2018qoldi (0.00s)\n2025-03-17 14:55:55,841 - [DEBUG] - test_legal_person_add - ========== Run click: -&amp;gt;  Finished waiting ==========\n2025-03-17 14:55:55,899 - [INFO] - test_legal_person_add - \u23fa DashboardPage: Click: (&amp;#x27;xpath&amp;#x27;, &amp;quot;(//button[@class=&amp;#x27;btn btn-icon btn-danger&amp;#x27;])[1]&amp;quot;)\n2025-03-17 14:55:55,899 - [INFO] - test_legal_person_add - Old session successfully deleted\n2025-03-17 14:55:55,899 - [DEBUG] - test_legal_person_add - ========== Dashboard or ChangePassword: -&amp;gt;  Started waiting ==========\n2025-03-17 14:55:55,902 - [DEBUG] - test_legal_person_add - Asinxron operatsiyalar yakunlandi (0.00s)\n2025-03-17 14:55:55,946 - [DEBUG] - test_legal_person_add - Barcha spinner yo\u2018qoldi (0.00s)\n2025-03-17 14:55:55,946 - [DEBUG] - test_legal_person_add - ========== Dashboard or ChangePassword: -&amp;gt;  Finished waiting ==========\n2025-03-17 14:55:56,473 - [INFO] - test_legal_person_add - Dashboard Page: Successfully opened\n2025-03-17 14:55:56,473 - [DEBUG] - test_legal_person_add - DashboardPage: Running click: (&amp;#x27;xpath&amp;#x27;, &amp;#x27;//div[contains(@class, &amp;quot;hover&amp;quot;)]//div[@class=&amp;quot;pt-3 px-2&amp;quot;]&amp;#x27;)\n2025-03-17 14:55:56,473 - [DEBUG] - test_legal_person_add - ========== Run click: -&amp;gt;  Started waiting ==========\n2025-03-17 14:55:56,477 - [DEBUG] - test_legal_person_add - Asinxron operatsiyalar yakunlandi (0.00s)\n2025-03-17 14:55:56,518 - [DEBUG] - test_legal_person_add - Barcha spinner yo\u2018qoldi (0.00s)\n2025-03-17 14:55:56,518 - [DEBUG] - test_legal_person_add - ========== Run click: -&amp;gt;  Finished waiting ==========\n2025-03-17 14:55:56,577 - [INFO] - test_legal_person_add - \u23fa DashboardPage: Click: (&amp;#x27;xpath&amp;#x27;, &amp;#x27;//div[contains(@class, &amp;quot;hover&amp;quot;)]//div[@class=&amp;quot;pt-3 px-2&amp;quot;]&amp;#x27;)\n2025-03-17 14:55:56,577 - [INFO] - test_legal_person_add - DashboardPage: Jadval qatori qidirilmoqda: filial_name\n2025-03-17 14:55:56,577 - [DEBUG] - test_legal_person_add - ========== find_and_click_row: -&amp;gt;  Started waiting ==========\n2025-03-17 14:55:56,580 - [DEBUG] - test_legal_person_add - Asinxron operatsiyalar yakunlandi (0.00s)\n2025-03-17 14:55:56,636 - [DEBUG] - test_legal_person_add - Barcha spinner yo\u2018qoldi (0.00s)\n2025-03-17 14:55:56,636 - [DEBUG] - test_legal_person_add - ========== find_and_click_row: -&amp;gt;  Finished waiting ==========\n2025-03-17 14:55:56,701 - [INFO] - test_legal_person_add - \u23fa DashboardPage: Click: (&amp;#x27;xpath&amp;#x27;, &amp;quot;//div[contains(@class, &amp;#x27;menus&amp;#x27;)]/li[contains(@class, &amp;#x27;filial-list&amp;#x27;)]/a[contains(text(), &amp;#x27;\u0410\u0434\u043c\u0438\u043d\u0438\u0441\u0442\u0440\u0438\u0440\u043e\u0432\u0430\u043d\u0438\u0435&amp;#x27;)]&amp;quot;)\n2025-03-17 14:55:56,704 - [DEBUG] - test_legal_person_add - ========== open_new_window: -&amp;gt;  Started waiting ==========\n2025-03-17 14:55:56,706 - [DEBUG] - test_legal_person_add - Asinxron operatsiyalar yakunlandi (0.00s)\n2025-03-17 14:55:56,746 - [DEBUG] - test_legal_person_add - Barcha spinner yo\u2018qoldi (0.00s)\n2025-03-17 14:55:56,746 - [DEBUG] - test_legal_person_add - ========== open_new_window: -&amp;gt;  Finished waiting ==========\n2025-03-17 14:55:57,031 - [DEBUG] - test_legal_person_add - ========== check_new_window: -&amp;gt;  Started waiting ==========\n2025-03-17 14:55:57,034 - [DEBUG] - test_legal_person_add - Asinxron operatsiyalar davom etmoqda, qayta tekshirilmoqda... (0.00s)\n2025-03-17 14:55:57,544 - [DEBUG] - test_legal_person_add - Asinxron operatsiyalar davom etmoqda, qayta tekshirilmoqda... (0.51s)\n2025-03-17 14:55:58,060 - [DEBUG] - test_legal_person_add - Asinxron operatsiyalar yakunlandi (1.03s)\n2025-03-17 14:55:58,101 - [DEBUG] - test_legal_person_add - Barcha spinner yo\u2018qoldi (0.00s)\n2025-03-17 14:55:58,101 - [DEBUG] - test_legal_person_add - ========== check_new_window: -&amp;gt;  Finished waiting ==========\n2025-03-17 14:55:58,101 - [INFO] - test_legal_person_add - URL muvaffaqiyatli ochildi: https://smartup.online/#/!5fyggzw4x/anor/mr/person/legal_person_list\n2025-03-17 14:55:58,109 - [DEBUG] - test_legal_person_add - LegalPersonList: Running -&amp;gt; wait_for_element_visible: (&amp;#x27;xpath&amp;#x27;, &amp;#x27;//button[@ng-click=&amp;quot;q.oa.firstFn()&amp;quot;]&amp;#x27;)\n2025-03-17 14:55:59,110 - [DEBUG] - test_legal_person_add - ========== Run wait_for_element_visible: -&amp;gt;  Started waiting ==========\n2025-03-17 14:55:59,124 - [DEBUG] - test_legal_person_add - Asinxron operatsiyalar yakunlandi (0.01s)\n2025-03-17 14:55:59,169 - [DEBUG] - test_legal_person_add - Barcha spinner yo\u2018qoldi (0.00s)\n2025-03-17 14:55:59,169 - [DEBUG] - test_legal_person_add - ========== Run wait_for_element_visible: -&amp;gt;  Finished waiting ==========\n2025-03-17 14:55:59,189 - [INFO] - test_legal_person_add - \u23fa LegalPersonList: Element topildi: (&amp;#x27;xpath&amp;#x27;, &amp;#x27;//button[@ng-click=&amp;quot;q.oa.firstFn()&amp;quot;]&amp;#x27;)\n2025-03-17 14:55:59,193 - [DEBUG] - test_legal_person_add - LegalPersonAdd: Running -&amp;gt; wait_for_element_visible: (&amp;#x27;xpath&amp;#x27;, &amp;#x27;//input[@ng-model=&amp;quot;d.name&amp;quot; and @ng-change=&amp;quot;validateName()&amp;quot;]&amp;#x27;)\n2025-03-17 14:56:00,194 - [DEBUG] - test_legal_person_add - ========== Run wait_for_element_visible: -&amp;gt;  Started waiting ==========\n2025-03-17 14:56:00,199 - [DEBUG] - test_legal_person_add - Asinxron operatsiyalar yakunlandi (0.00s)\n2025-03-17 14:56:00,246 - [DEBUG] - test_legal_person_add - Barcha spinner yo\u2018qoldi (0.00s)\n2025-03-17 14:56:00,246 - [DEBUG] - test_legal_person_add - ========== Run wait_for_element_visible: -&amp;gt;  Finished waiting ==========\n2025-03-17 14:56:05,425 - [WARNING] - test_legal_person_add - LegalPersonAdd: Element 5s ichida DOM da topilmadi.: (&amp;#x27;xpath&amp;#x27;, &amp;#x27;//input[@ng-model=&amp;quot;d.name&amp;quot; and @ng-change=&amp;quot;validateName()&amp;quot;]&amp;#x27;): Message: \nStacktrace:\n\tGetHandleVerifier [0x011DB5A3+24387]\n\t(No symbol) [0x01165904]\n\t(No symbol) [0x01040753]\n\t(No symbol) [0x01088BA9]\n\t(No symbol) [0x01088EFB]\n\t(No symbol) [0x010D19C2]\n\t(No symbol) [0x010AD894]\n\t(No symbol) [0x010CF138]\n\t(No symbol) [0x010AD646]\n\t(No symbol) [0x0107C59F]\n\t(No symbol) [0x0107D8E4]\n\tGetHandleVerifier [0x014DD883+3179043]\n\tGetHandleVerifier [0x014F6CF9+3282585]\n\tGetHandleVerifier [0x014F167C+3260444]\n\tGetHandleVerifier [0x01274330+650448]\n\t(No symbol) [0x0116ED0D]\n\t(No symbol) [0x0116BAF8]\n\t(No symbol) [0x0116BC99]\n\t(No symbol) [0x0115E530]\n\tBaseThreadInitThunk [0x76DD7BA9+25]\n\tRtlInitializeExceptionChain [0x77E7C2EB+107]\n\tRtlClearBits [0x77E7C26F+191]\n\n2025-03-17 14:56:05,425 - [WARNING] - test_legal_person_add - LegalPersonAdd: Element topilmadi yoki yuklanmadi. Qidirish bekor qilindi.: (&amp;#x27;xpath&amp;#x27;, &amp;#x27;//input[@ng-model=&amp;quot;d.name&amp;quot; and @ng-change=&amp;quot;validateName()&amp;quot;]&amp;#x27;): Element 5s ichida DOM da topilmadi.\n2025-03-17 14:56:05,528 - [INFO] - test_legal_person_add - Screenshot saved at screenshot_dir\\test_legal_person_add_20250317_145605_legalpersonadd_visible_elem_not_found_error.png\n2025-03-17 14:56:05,529 - [ERROR] - test_legal_person_add - \u274c Error: Element topilmadi yoki yuklanmadi. Qidirish bekor qilindi.\n2025-03-17 14:56:05,628 - [INFO] - test_legal_person_add - Screenshot saved at screenshot_dir\\test_legal_person_add_20250317_145605_unexpected_error.png\n&#34;}], &#34;tests/test_order/test_runner.py::test_all[test_case1]&#34;: [{&#34;extras&#34;: [], &#34;result&#34;: &#34;Failed&#34;, &#34;testId&#34;: &#34;tests/test_order/test_runner.py::test_all[test_case1]&#34;, &#34;duration&#34;: &#34;00:00:21&#34;, &#34;resultsTableRow&#34;: [&#34;&lt;td class=\&#34;col-result\&#34;&gt;Failed&lt;/td&gt;&#34;, &#34;&lt;td class=\&#34;col-testId\&#34;&gt;tests/test_order/test_runner.py::test_all[test_case1]&lt;/td&gt;&#34;, &#34;&lt;td class=\&#34;col-duration\&#34;&gt;00:00:21&lt;/td&gt;&#34;, &#34;&lt;td class=\&#34;col-links\&#34;&gt;&lt;/td&gt;&#34;], &#34;log&#34;: &#34;driver = &amp;lt;selenium.webdriver.chrome.webdriver.WebDriver (session=&amp;quot;4f5e23cf4b10ea59ac6361435365a587&amp;quot;)&amp;gt;\ntest_data = {&amp;#x27;data&amp;#x27;: {&amp;#x27;Administration_name&amp;#x27;: &amp;#x27;\u0410\u0434\u043c\u0438\u043d\u0438\u0441\u0442\u0440\u0438\u0440\u043e\u0432\u0430\u043d\u0438\u0435&amp;#x27;, &amp;#x27;Archive&amp;#x27;: &amp;#x27;\u0410\u0440\u0445\u0438\u0432&amp;#x27;, &amp;#x27;Cancelled&amp;#x27;: &amp;#x27;\u041e\u0442\u043c\u0435\u043d\u0435\u043d&amp;#x27;, &amp;#x27;Delivered&amp;#x27;: &amp;#x27;\u0414\u043e\u0441\u0442\u0430\u0432\u043b\u0435\u043d&amp;#x27;, ...}}\n\n    def test_filial_create(driver, test_data):\n        &amp;quot;&amp;quot;&amp;quot;Test adding a filial&amp;quot;&amp;quot;&amp;quot;\n    \n        base_page = BasePage(driver)\n        base_page.logger.info(&amp;quot;\u25b6\ufe0f Running: test_filial_create&amp;quot;)\n    \n        # Test data\n        data = test_data[&amp;quot;data&amp;quot;]\n        filial_name = data[&amp;quot;filial_name&amp;quot;]\n        currency_code = data[&amp;quot;base_currency_cod&amp;quot;]\n        legal_person = data[&amp;quot;legal_person_name&amp;quot;]\n    \n        try:\n            # Login\n            login_admin(driver, test_data, url=&amp;#x27;anor/mr/filial_list&amp;#x27;)\n    \n            # Open Filial List\n            filial_list = FilialList(driver)\n            assert filial_list.element_visible(), &amp;quot;FilialList not open!&amp;quot;\n            filial_list.click_add_button()\n    \n            # Add Filial\n            filial_add = FilialAdd(driver)\n            assert filial_add.element_visible(), &amp;quot;FilialAdd not open!&amp;quot;\n            filial_add.input_name(filial_name)\n            filial_add.input_base_currency_name(currency_code)\n&amp;gt;           filial_add.input_person_name(legal_person)\n\ntests\\test_order\\test_life_cycle.py:232: \n_ _ _ _ _ _ _ _ _ _ _ _ _ _ _ _ _ _ _ _ _ _ _ _ _ _ _ _ _ _ _ _ _ _ _ _ _ _ _ _ _ _ _ _ _ _ _ _ _ _ _ _ _ _ _ _ _ _ _ _ _ _ _ _ _ _ _ _ _ _ _ _ _ _ _ _ _ _ _ _ _ _ _ _ _ _ _ _ _ _ _ _ _ _ _ _ _ _ _ _ _ _ _ _ _ _ _ _ _ _ _ _ _ _\nautotest\\anor\\mr\\filial_add\\filial_add.py:37: in input_person_name\n    self.click_options(self.person_name_input, self.person_options, legal_person_name)\n_ _ _ _ _ _ _ _ _ _ _ _ _ _ _ _ _ _ _ _ _ _ _ _ _ _ _ _ _ _ _ _ _ _ _ _ _ _ _ _ _ _ _ _ _ _ _ _ _ _ _ _ _ _ _ _ _ _ _ _ _ _ _ _ _ _ _ _ _ _ _ _ _ _ _ _ _ _ _ _ _ _ _ _ _ _ _ _ _ _ _ _ _ _ _ _ _ _ _ _ _ _ _ _ _ _ _ _ _ _ _ _ _ _\n\nself = &amp;lt;autotest.anor.mr.filial_add.filial_add.FilialAdd object at 0x0000021BED70F380&amp;gt;, input_locator = (&amp;#x27;xpath&amp;#x27;, &amp;#x27;//b-input[@name=&amp;quot;legal_persons&amp;quot;]//input&amp;#x27;)\noptions_locator = (&amp;#x27;xpath&amp;#x27;, &amp;#x27;//b-input[@name=&amp;quot;legal_persons&amp;quot;]//div[contains(@class,&amp;quot;hint-item&amp;quot;)]//div[contains(@class,&amp;quot;form-row&amp;quot;)]&amp;#x27;), element = &amp;#x27;legal_person-4&amp;#x27;, scroll = 30\n\n    def click_options(self, input_locator, options_locator, element, scroll=30):\n        &amp;quot;&amp;quot;&amp;quot;Dropdown bilan ishlash uchun funksiya.&amp;quot;&amp;quot;&amp;quot;\n    \n        page_name = self.__class__.__name__\n        self.logger.debug(f&amp;quot;{page_name}: Running: -&amp;gt; click_options: {input_locator}&amp;quot;)\n    \n        try:\n            # 1. Dropdown ochish\n            if not self.click(input_locator):\n                message = &amp;quot;Dropdown ochilmadi&amp;quot;\n                self.logger.error(f&amp;quot;{message}: {input_locator}&amp;quot;)\n                raise ElementNotClickableError(message, input_locator)\n    \n            # 2. Optionlarni yuklanishini kutish\n            self.logger.info(f&amp;quot;{page_name}: Dropdown ochildi, elementlar yuklanmoqda...&amp;quot;)\n            options = self._wait_for_presence_all(options_locator)\n    \n            if not options:\n                message = &amp;quot;Dropdown elementlari topilmadi&amp;quot;\n                self.logger.error(f&amp;quot;{message}: {options_locator}&amp;quot;)\n                raise ElementNotFoundError(message, options_locator)\n    \n            # 3. Element topish va bosish funksiyasi\n            def find_and_click_option(options):\n                element_str = str(element).strip()\n                for option in options:\n                    if option.text.strip() == element_str:\n                        try:\n                            if self._click(option, options_locator) or \\\n                                    self._click(option, options_locator, retry=True) or \\\n                                    self._click_js(option, options_locator):\n                                self.logger.info(f&amp;quot;\u23fa {page_name}: Element &amp;#x27;{element}&amp;#x27; bosildi&amp;quot;)\n                                return True\n                        except Exception as e:\n                            message = &amp;quot;Elementni bosib bo\u2018lmadi&amp;quot;\n                            self.logger.error(f&amp;quot;{message}: {options_locator}: {str(e)}&amp;quot;)\n                            raise ElementNotClickableError(message, options_locator, e)\n                return False\n    \n            # 4. Elementni qidirish\n            if find_and_click_option(options):\n                if self._check_dropdown_closed(options_locator):\n                    return True\n    \n            # 5. Scroll qilib qidirish\n            self.logger.info(f&amp;quot;{page_name}: Element &amp;#x27;{element}&amp;#x27; topilmadi. Scroll qilinmoqda...&amp;quot;)\n    \n            dropdown_container = self._find_visible_container(options_locator)\n            if not dropdown_container:\n                message = &amp;quot;\u274c Dropdown konteyner topilmadi!&amp;quot;\n                self.logger.error(f&amp;quot;{page_name}: {message}: {options_locator}&amp;quot;)\n                self.take_screenshot(f&amp;quot;{page_name.lower()}_dropdown_not_found&amp;quot;)\n                raise ElementNotFoundError(message, options_locator)\n    \n            # 6. Scroll bilan qidirish\n            last_height = 0\n            for attempt in range(scroll):\n                try:\n                    self.driver.execute_script(&amp;quot;arguments[0].scrollBy(0, 300);&amp;quot;, dropdown_container)\n                    time.sleep(0.5)\n    \n                    options = self._wait_for_presence_all(options_locator)\n                    if options and find_and_click_option(options):\n                        if self._check_dropdown_closed(options_locator):\n                            return True\n    \n                    new_height = self.driver.execute_script(&amp;quot;return arguments[0].scrollHeight&amp;quot;, dropdown_container)\n                    if new_height == last_height:\n                        self.logger.warning(f&amp;quot;{page_name}: Element &amp;#x27;{element}&amp;#x27; scroll tugagandan keyin ham topilmadi.&amp;quot;)\n                        break\n    \n                    last_height = new_height\n    \n                except ElementStaleError:\n                    self.logger.warning(f&amp;quot;{page_name}: Stale element topildi, qayta urinish...&amp;quot;)\n                    if attempt == scroll - 1:\n                        raise\n                    continue\n    \n            message = f&amp;quot;Element &amp;#x27;{element}&amp;#x27; {scroll} marta scroll qilingandan keyin ham topilmadi&amp;quot;\n            self.logger.warning(message)\n&amp;gt;           raise ElementNotFoundError(message, options_locator)\nE           utils.exception.ElementNotFoundError: Element &amp;#x27;legal_person-4&amp;#x27; 30 marta scroll qilingandan keyin ham topilmadi\n\nautotest\\core\\md\\base_page.py:959: ElementNotFoundError\n\nDuring handling of the above exception, another exception occurred:\n\ndriver = &amp;lt;selenium.webdriver.chrome.webdriver.WebDriver (session=&amp;quot;4f5e23cf4b10ea59ac6361435365a587&amp;quot;)&amp;gt;\ntest_data = {&amp;#x27;data&amp;#x27;: {&amp;#x27;Administration_name&amp;#x27;: &amp;#x27;\u0410\u0434\u043c\u0438\u043d\u0438\u0441\u0442\u0440\u0438\u0440\u043e\u0432\u0430\u043d\u0438\u0435&amp;#x27;, &amp;#x27;Archive&amp;#x27;: &amp;#x27;\u0410\u0440\u0445\u0438\u0432&amp;#x27;, &amp;#x27;Cancelled&amp;#x27;: &amp;#x27;\u041e\u0442\u043c\u0435\u043d\u0435\u043d&amp;#x27;, &amp;#x27;Delivered&amp;#x27;: &amp;#x27;\u0414\u043e\u0441\u0442\u0430\u0432\u043b\u0435\u043d&amp;#x27;, ...}}\ntest_case = {&amp;#x27;func&amp;#x27;: &amp;lt;function test_filial_create at 0x0000021BEED7B560&amp;gt;, &amp;#x27;name&amp;#x27;: &amp;#x27;Filial Create&amp;#x27;}\n\n    @pytest.mark.parametrize(&amp;quot;test_case&amp;quot;, test_cases)\n    def test_all(driver, test_data, test_case):\n        &amp;quot;&amp;quot;&amp;quot;Barcha testlar&amp;quot;&amp;quot;&amp;quot;\n    \n        global stop_execution  # \ud83d\udd34 Global flagni ishlatamiz\n    \n        if stop_execution:\n            pytest.skip(f&amp;quot;\u274c {test_case[&amp;#x27;name&amp;#x27;]} o&amp;#x27;tkazib yuborildi, chunki oldingi testda xatolik bor!&amp;quot;)\n    \n        with allure.step(test_case[&amp;quot;name&amp;quot;]):\n            try:\n&amp;gt;               test_case[&amp;quot;func&amp;quot;](driver, test_data)\n\ntests\\test_order\\test_runner.py:128: \n_ _ _ _ _ _ _ _ _ _ _ _ _ _ _ _ _ _ _ _ _ _ _ _ _ _ _ _ _ _ _ _ _ _ _ _ _ _ _ _ _ _ _ _ _ _ _ _ _ _ _ _ _ _ _ _ _ _ _ _ _ _ _ _ _ _ _ _ _ _ _ _ _ _ _ _ _ _ _ _ _ _ _ _ _ _ _ _ _ _ _ _ _ _ _ _ _ _ _ _ _ _ _ _ _ _ _ _ _ _ _ _ _ _\n\ndriver = &amp;lt;selenium.webdriver.chrome.webdriver.WebDriver (session=&amp;quot;4f5e23cf4b10ea59ac6361435365a587&amp;quot;)&amp;gt;\ntest_data = {&amp;#x27;data&amp;#x27;: {&amp;#x27;Administration_name&amp;#x27;: &amp;#x27;\u0410\u0434\u043c\u0438\u043d\u0438\u0441\u0442\u0440\u0438\u0440\u043e\u0432\u0430\u043d\u0438\u0435&amp;#x27;, &amp;#x27;Archive&amp;#x27;: &amp;#x27;\u0410\u0440\u0445\u0438\u0432&amp;#x27;, &amp;#x27;Cancelled&amp;#x27;: &amp;#x27;\u041e\u0442\u043c\u0435\u043d\u0435\u043d&amp;#x27;, &amp;#x27;Delivered&amp;#x27;: &amp;#x27;\u0414\u043e\u0441\u0442\u0430\u0432\u043b\u0435\u043d&amp;#x27;, ...}}\n\n    def test_filial_create(driver, test_data):\n        &amp;quot;&amp;quot;&amp;quot;Test adding a filial&amp;quot;&amp;quot;&amp;quot;\n    \n        base_page = BasePage(driver)\n        base_page.logger.info(&amp;quot;\u25b6\ufe0f Running: test_filial_create&amp;quot;)\n    \n        # Test data\n        data = test_data[&amp;quot;data&amp;quot;]\n        filial_name = data[&amp;quot;filial_name&amp;quot;]\n        currency_code = data[&amp;quot;base_currency_cod&amp;quot;]\n        legal_person = data[&amp;quot;legal_person_name&amp;quot;]\n    \n        try:\n            # Login\n            login_admin(driver, test_data, url=&amp;#x27;anor/mr/filial_list&amp;#x27;)\n    \n            # Open Filial List\n            filial_list = FilialList(driver)\n            assert filial_list.element_visible(), &amp;quot;FilialList not open!&amp;quot;\n            filial_list.click_add_button()\n    \n            # Add Filial\n            filial_add = FilialAdd(driver)\n            assert filial_add.element_visible(), &amp;quot;FilialAdd not open!&amp;quot;\n            filial_add.input_name(filial_name)\n            filial_add.input_base_currency_name(currency_code)\n            filial_add.input_person_name(legal_person)\n            filial_add.click_save_button()\n    \n            # Verify in List\n            assert filial_list.element_visible(), &amp;quot;FilialList not open after save!&amp;quot;\n            filial_list.find_filial_row(filial_name)\n            filial_list.click_view_button()\n    \n            # Verify in View\n            filial_view = FilialView(driver)\n            assert filial_view.element_visible(), &amp;quot;FilialView not open!&amp;quot;\n            text = filial_view.check_filial_text()\n            assert filial_name == text, f&amp;#x27;Expected &amp;quot;{filial_name}&amp;quot;, got &amp;quot;{text}&amp;quot;&amp;#x27;\n    \n            filial_view.click_navbar_button()\n            filial_view.click_project_checkbox()\n            filial_view.click_checkbox_button()\n            filial_view.click_close_button()\n    \n            base_page.logger.info(f&amp;quot;\u2705 Filial &amp;#x27;{filial_name}&amp;#x27; added successfully!&amp;quot;)\n    \n        except AssertionError as ae:\n            base_page.logger.error(f&amp;quot;\u274c AssertionError: {str(ae)}&amp;quot;)\n            base_page.take_screenshot(&amp;quot;assertion_error&amp;quot;)\n            pytest.fail(str(ae))\n    \n        except Exception as e:\n            base_page.logger.error(f&amp;quot;\u274c Error: {str(e)}&amp;quot;)\n            base_page.take_screenshot(&amp;quot;unexpected_error&amp;quot;)\n&amp;gt;           pytest.fail(str(e))\nE           Failed: Element &amp;#x27;legal_person-4&amp;#x27; 30 marta scroll qilingandan keyin ham topilmadi\n\ntests\\test_order\\test_life_cycle.py:261: Failed\n\n----------------------------- Captured stderr call -----------------------------\n2025-03-17 14:56:12,948 - [INFO] - test_filial_create - \u25b6\ufe0f Running: test_filial_create\n2025-03-17 14:56:12,969 - [DEBUG] - test_filial_create - ========== Login Page: -&amp;gt;  Started waiting ==========\n2025-03-17 14:56:12,977 - [DEBUG] - test_filial_create - Asinxron operatsiyalar yakunlandi (0.01s)\n2025-03-17 14:56:13,024 - [DEBUG] - test_filial_create - Barcha spinner yo\u2018qoldi (0.00s)\n2025-03-17 14:56:13,025 - [DEBUG] - test_filial_create - ========== Login Page: -&amp;gt;  Finished waiting ==========\n2025-03-17 14:56:13,039 - [INFO] - test_filial_create - Login Page: The &amp;#x27;LOGO&amp;#x27; element is verified\n2025-03-17 14:56:13,040 - [DEBUG] - test_filial_create - LoginPage: Running -&amp;gt; input_text: (&amp;#x27;xpath&amp;#x27;, &amp;#x27;//input[@id=&amp;quot;login&amp;quot;]&amp;#x27;)\n2025-03-17 14:56:13,041 - [DEBUG] - test_filial_create - ==========  Started waiting ==========\n2025-03-17 14:56:13,044 - [DEBUG] - test_filial_create - Asinxron operatsiyalar yakunlandi (0.00s)\n2025-03-17 14:56:13,066 - [DEBUG] - test_filial_create - Barcha spinner yo\u2018qoldi (0.00s)\n2025-03-17 14:56:13,066 - [DEBUG] - test_filial_create - ==========  Finished waiting ==========\n2025-03-17 14:56:13,146 - [INFO] - test_filial_create - Input: send_key -&amp;gt; &amp;#x27;admin@autotest&amp;#x27;\n2025-03-17 14:56:13,146 - [DEBUG] - test_filial_create - LoginPage: Running -&amp;gt; input_text: (&amp;#x27;xpath&amp;#x27;, &amp;#x27;//input[@id=&amp;quot;password&amp;quot;]&amp;#x27;)\n2025-03-17 14:56:13,146 - [DEBUG] - test_filial_create - ==========  Started waiting ==========\n2025-03-17 14:56:13,150 - [DEBUG] - test_filial_create - Asinxron operatsiyalar yakunlandi (0.00s)\n2025-03-17 14:56:13,172 - [DEBUG] - test_filial_create - Barcha spinner yo\u2018qoldi (0.00s)\n2025-03-17 14:56:13,172 - [DEBUG] - test_filial_create - ==========  Finished waiting ==========\n2025-03-17 14:56:13,248 - [INFO] - test_filial_create - Input: send_key -&amp;gt; &amp;#x27;greenwhite&amp;#x27;\n2025-03-17 14:56:13,248 - [INFO] - test_filial_create - Login Page: Data entered successfully\n2025-03-17 14:56:13,248 - [DEBUG] - test_filial_create - LoginPage: Running click: (&amp;#x27;xpath&amp;#x27;, &amp;#x27;//button[@id=&amp;quot;sign_in&amp;quot;]&amp;#x27;)\n2025-03-17 14:56:13,248 - [DEBUG] - test_filial_create - ========== Run click: -&amp;gt;  Started waiting ==========\n2025-03-17 14:56:13,252 - [DEBUG] - test_filial_create - Asinxron operatsiyalar yakunlandi (0.00s)\n2025-03-17 14:56:13,275 - [DEBUG] - test_filial_create - Barcha spinner yo\u2018qoldi (0.00s)\n2025-03-17 14:56:13,275 - [DEBUG] - test_filial_create - ========== Run click: -&amp;gt;  Finished waiting ==========\n2025-03-17 14:56:13,336 - [INFO] - test_filial_create - \u23fa LoginPage: Click: (&amp;#x27;xpath&amp;#x27;, &amp;#x27;//button[@id=&amp;quot;sign_in&amp;quot;]&amp;#x27;)\n2025-03-17 14:56:13,343 - [DEBUG] - test_filial_create - ========== Dashboard Page: -&amp;gt;  Started waiting ==========\n2025-03-17 14:56:13,346 - [DEBUG] - test_filial_create - Asinxron operatsiyalar davom etmoqda, qayta tekshirilmoqda... (0.00s)\n2025-03-17 14:56:17,496 - [DEBUG] - test_filial_create - Asinxron operatsiyalar yakunlandi (4.15s)\n2025-03-17 14:56:17,539 - [DEBUG] - test_filial_create - Barcha spinner yo\u2018qoldi (0.00s)\n2025-03-17 14:56:17,539 - [DEBUG] - test_filial_create - ========== Dashboard Page: -&amp;gt;  Finished waiting ==========\n2025-03-17 14:56:17,551 - [INFO] - test_filial_create - \u203c\ufe0fOld sessiya available!\n2025-03-17 14:56:17,551 - [DEBUG] - test_filial_create - DashboardPage: Running click: (&amp;#x27;xpath&amp;#x27;, &amp;quot;(//button[@class=&amp;#x27;btn btn-icon btn-danger&amp;#x27;])[1]&amp;quot;)\n2025-03-17 14:56:17,551 - [DEBUG] - test_filial_create - ========== Run click: -&amp;gt;  Started waiting ==========\n2025-03-17 14:56:17,554 - [DEBUG] - test_filial_create - Asinxron operatsiyalar yakunlandi (0.00s)\n2025-03-17 14:56:17,591 - [DEBUG] - test_filial_create - Barcha spinner yo\u2018qoldi (0.00s)\n2025-03-17 14:56:17,591 - [DEBUG] - test_filial_create - ========== Run click: -&amp;gt;  Finished waiting ==========\n2025-03-17 14:56:17,649 - [INFO] - test_filial_create - \u23fa DashboardPage: Click: (&amp;#x27;xpath&amp;#x27;, &amp;quot;(//button[@class=&amp;#x27;btn btn-icon btn-danger&amp;#x27;])[1]&amp;quot;)\n2025-03-17 14:56:17,650 - [INFO] - test_filial_create - Old session successfully deleted\n2025-03-17 14:56:17,650 - [DEBUG] - test_filial_create - ========== Dashboard or ChangePassword: -&amp;gt;  Started waiting ==========\n2025-03-17 14:56:17,653 - [DEBUG] - test_filial_create - Asinxron operatsiyalar yakunlandi (0.00s)\n2025-03-17 14:56:17,696 - [DEBUG] - test_filial_create - Barcha spinner yo\u2018qoldi (0.00s)\n2025-03-17 14:56:17,696 - [DEBUG] - test_filial_create - ========== Dashboard or ChangePassword: -&amp;gt;  Finished waiting ==========\n2025-03-17 14:56:18,238 - [INFO] - test_filial_create - Dashboard Page: Successfully opened\n2025-03-17 14:56:18,238 - [DEBUG] - test_filial_create - DashboardPage: Running click: (&amp;#x27;xpath&amp;#x27;, &amp;#x27;//div[contains(@class, &amp;quot;hover&amp;quot;)]//div[@class=&amp;quot;pt-3 px-2&amp;quot;]&amp;#x27;)\n2025-03-17 14:56:18,238 - [DEBUG] - test_filial_create - ========== Run click: -&amp;gt;  Started waiting ==========\n2025-03-17 14:56:18,244 - [DEBUG] - test_filial_create - Asinxron operatsiyalar yakunlandi (0.01s)\n2025-03-17 14:56:18,282 - [DEBUG] - test_filial_create - Barcha spinner yo\u2018qoldi (0.00s)\n2025-03-17 14:56:18,282 - [DEBUG] - test_filial_create - ========== Run click: -&amp;gt;  Finished waiting ==========\n2025-03-17 14:56:18,342 - [INFO] - test_filial_create - \u23fa DashboardPage: Click: (&amp;#x27;xpath&amp;#x27;, &amp;#x27;//div[contains(@class, &amp;quot;hover&amp;quot;)]//div[@class=&amp;quot;pt-3 px-2&amp;quot;]&amp;#x27;)\n2025-03-17 14:56:18,342 - [INFO] - test_filial_create - DashboardPage: Jadval qatori qidirilmoqda: filial_name\n2025-03-17 14:56:18,342 - [DEBUG] - test_filial_create - ========== find_and_click_row: -&amp;gt;  Started waiting ==========\n2025-03-17 14:56:18,345 - [DEBUG] - test_filial_create - Asinxron operatsiyalar yakunlandi (0.00s)\n2025-03-17 14:56:18,384 - [DEBUG] - test_filial_create - Barcha spinner yo\u2018qoldi (0.00s)\n2025-03-17 14:56:18,384 - [DEBUG] - test_filial_create - ========== find_and_click_row: -&amp;gt;  Finished waiting ==========\n2025-03-17 14:56:18,447 - [INFO] - test_filial_create - \u23fa DashboardPage: Click: (&amp;#x27;xpath&amp;#x27;, &amp;quot;//div[contains(@class, &amp;#x27;menus&amp;#x27;)]/li[contains(@class, &amp;#x27;filial-list&amp;#x27;)]/a[contains(text(), &amp;#x27;\u0410\u0434\u043c\u0438\u043d\u0438\u0441\u0442\u0440\u0438\u0440\u043e\u0432\u0430\u043d\u0438\u0435&amp;#x27;)]&amp;quot;)\n2025-03-17 14:56:18,451 - [DEBUG] - test_filial_create - ========== open_new_window: -&amp;gt;  Started waiting ==========\n2025-03-17 14:56:18,453 - [DEBUG] - test_filial_create - Asinxron operatsiyalar yakunlandi (0.00s)\n2025-03-17 14:56:18,507 - [DEBUG] - test_filial_create - Barcha spinner yo\u2018qoldi (0.00s)\n2025-03-17 14:56:18,507 - [DEBUG] - test_filial_create - ========== open_new_window: -&amp;gt;  Finished waiting ==========\n2025-03-17 14:56:18,819 - [DEBUG] - test_filial_create - ========== check_new_window: -&amp;gt;  Started waiting ==========\n2025-03-17 14:56:18,821 - [DEBUG] - test_filial_create - Asinxron operatsiyalar davom etmoqda, qayta tekshirilmoqda... (0.00s)\n2025-03-17 14:56:19,369 - [DEBUG] - test_filial_create - Asinxron operatsiyalar davom etmoqda, qayta tekshirilmoqda... (0.55s)\n2025-03-17 14:56:19,882 - [DEBUG] - test_filial_create - Asinxron operatsiyalar yakunlandi (1.06s)\n2025-03-17 14:56:19,893 - [DEBUG] - test_filial_create - Block UI hali ham ko\u2018rinmoqda, kutish davom etmoqda... (0.00s)\n2025-03-17 14:56:20,450 - [DEBUG] - test_filial_create - Barcha spinner yo\u2018qoldi (0.00s)\n2025-03-17 14:56:20,450 - [DEBUG] - test_filial_create - ========== check_new_window: -&amp;gt;  Finished waiting ==========\n2025-03-17 14:56:20,450 - [INFO] - test_filial_create - URL muvaffaqiyatli ochildi: https://smartup.online/#/!5g83ruru9/anor/mr/filial_list\n2025-03-17 14:56:20,455 - [DEBUG] - test_filial_create - FilialList: Running -&amp;gt; wait_for_element_visible: (&amp;#x27;xpath&amp;#x27;, &amp;#x27;//button[@ng-click=&amp;quot;fi.add()&amp;quot;]&amp;#x27;)\n2025-03-17 14:56:21,456 - [DEBUG] - test_filial_create - ========== Run wait_for_element_visible: -&amp;gt;  Started waiting ==========\n2025-03-17 14:56:21,469 - [DEBUG] - test_filial_create - Asinxron operatsiyalar yakunlandi (0.01s)\n2025-03-17 14:56:21,510 - [DEBUG] - test_filial_create - Barcha spinner yo\u2018qoldi (0.00s)\n2025-03-17 14:56:21,510 - [DEBUG] - test_filial_create - ========== Run wait_for_element_visible: -&amp;gt;  Finished waiting ==========\n2025-03-17 14:56:21,530 - [INFO] - test_filial_create - \u23fa FilialList: Element topildi: (&amp;#x27;xpath&amp;#x27;, &amp;#x27;//button[@ng-click=&amp;quot;fi.add()&amp;quot;]&amp;#x27;)\n2025-03-17 14:56:21,530 - [DEBUG] - test_filial_create - FilialList: Running click: (&amp;#x27;xpath&amp;#x27;, &amp;#x27;//button[@ng-click=&amp;quot;fi.add()&amp;quot;]&amp;#x27;)\n2025-03-17 14:56:21,530 - [DEBUG] - test_filial_create - ========== Run click: -&amp;gt;  Started waiting ==========\n2025-03-17 14:56:21,533 - [DEBUG] - test_filial_create - Asinxron operatsiyalar yakunlandi (0.00s)\n2025-03-17 14:56:21,569 - [DEBUG] - test_filial_create - Barcha spinner yo\u2018qoldi (0.00s)\n2025-03-17 14:56:21,570 - [DEBUG] - test_filial_create - ========== Run click: -&amp;gt;  Finished waiting ==========\n2025-03-17 14:56:21,650 - [INFO] - test_filial_create - \u23fa FilialList: Click: (&amp;#x27;xpath&amp;#x27;, &amp;#x27;//button[@ng-click=&amp;quot;fi.add()&amp;quot;]&amp;#x27;)\n2025-03-17 14:56:21,657 - [DEBUG] - test_filial_create - FilialAdd: Running -&amp;gt; wait_for_element_visible: (&amp;#x27;xpath&amp;#x27;, &amp;#x27;//button[@ng-click=&amp;quot;save()&amp;quot;]&amp;#x27;)\n2025-03-17 14:56:22,657 - [DEBUG] - test_filial_create - ========== Run wait_for_element_visible: -&amp;gt;  Started waiting ==========\n2025-03-17 14:56:22,673 - [DEBUG] - test_filial_create - Asinxron operatsiyalar yakunlandi (0.02s)\n2025-03-17 14:56:22,714 - [DEBUG] - test_filial_create - Barcha spinner yo\u2018qoldi (0.00s)\n2025-03-17 14:56:22,714 - [DEBUG] - test_filial_create - ========== Run wait_for_element_visible: -&amp;gt;  Finished waiting ==========\n2025-03-17 14:56:22,733 - [INFO] - test_filial_create - \u23fa FilialAdd: Element topildi: (&amp;#x27;xpath&amp;#x27;, &amp;#x27;//button[@ng-click=&amp;quot;save()&amp;quot;]&amp;#x27;)\n2025-03-17 14:56:22,733 - [DEBUG] - test_filial_create - FilialAdd: Running -&amp;gt; input_text: (&amp;#x27;xpath&amp;#x27;, &amp;#x27;//input[@ng-model=&amp;quot;d.name&amp;quot;]&amp;#x27;)\n2025-03-17 14:56:22,733 - [DEBUG] - test_filial_create - ==========  Started waiting ==========\n2025-03-17 14:56:22,736 - [DEBUG] - test_filial_create - Asinxron operatsiyalar yakunlandi (0.00s)\n2025-03-17 14:56:22,774 - [DEBUG] - test_filial_create - Barcha spinner yo\u2018qoldi (0.00s)\n2025-03-17 14:56:22,775 - [DEBUG] - test_filial_create - ==========  Finished waiting ==========\n2025-03-17 14:56:22,882 - [INFO] - test_filial_create - Input: send_key -&amp;gt; &amp;#x27;Test_filial-4&amp;#x27;\n2025-03-17 14:56:22,882 - [DEBUG] - test_filial_create - FilialAdd: Running click: (&amp;#x27;xpath&amp;#x27;, &amp;#x27;//b-input[@name=&amp;quot;currencies&amp;quot;]//input&amp;#x27;)\n2025-03-17 14:56:22,882 - [DEBUG] - test_filial_create - ========== Run click: -&amp;gt;  Started waiting ==========\n2025-03-17 14:56:22,886 - [DEBUG] - test_filial_create - Asinxron operatsiyalar yakunlandi (0.00s)\n2025-03-17 14:56:22,926 - [DEBUG] - test_filial_create - Barcha spinner yo\u2018qoldi (0.00s)\n2025-03-17 14:56:22,926 - [DEBUG] - test_filial_create - ========== Run click: -&amp;gt;  Finished waiting ==========\n2025-03-17 14:56:23,029 - [INFO] - test_filial_create - \u23fa FilialAdd: Click: (&amp;#x27;xpath&amp;#x27;, &amp;#x27;//b-input[@name=&amp;quot;currencies&amp;quot;]//input&amp;#x27;)\n2025-03-17 14:56:23,029 - [DEBUG] - test_filial_create - FilialAdd: Running: -&amp;gt; click_options: (&amp;#x27;xpath&amp;#x27;, &amp;#x27;//b-input[@name=&amp;quot;currencies&amp;quot;]//input&amp;#x27;)\n2025-03-17 14:56:23,029 - [DEBUG] - test_filial_create - FilialAdd: Running click: (&amp;#x27;xpath&amp;#x27;, &amp;#x27;//b-input[@name=&amp;quot;currencies&amp;quot;]//input&amp;#x27;)\n2025-03-17 14:56:23,029 - [DEBUG] - test_filial_create - ========== Run click: -&amp;gt;  Started waiting ==========\n2025-03-17 14:56:23,061 - [DEBUG] - test_filial_create - Asinxron operatsiyalar yakunlandi (0.03s)\n2025-03-17 14:56:23,115 - [DEBUG] - test_filial_create - Barcha spinner yo\u2018qoldi (0.00s)\n2025-03-17 14:56:23,115 - [DEBUG] - test_filial_create - ========== Run click: -&amp;gt;  Finished waiting ==========\n2025-03-17 14:56:23,195 - [INFO] - test_filial_create - \u23fa FilialAdd: Click: (&amp;#x27;xpath&amp;#x27;, &amp;#x27;//b-input[@name=&amp;quot;currencies&amp;quot;]//input&amp;#x27;)\n2025-03-17 14:56:23,195 - [INFO] - test_filial_create - FilialAdd: Dropdown ochildi, elementlar yuklanmoqda...\n2025-03-17 14:56:23,820 - [INFO] - test_filial_create - \u23fa FilialAdd: Click: (&amp;#x27;xpath&amp;#x27;, &amp;#x27;//b-input[@name=&amp;quot;currencies&amp;quot;]//div[contains(@class,&amp;quot;hint-item&amp;quot;)]//div[contains(@class,&amp;quot;form-row&amp;quot;)]/div&amp;#x27;)\n2025-03-17 14:56:23,820 - [INFO] - test_filial_create - \u23fa FilialAdd: Element &amp;#x27;860&amp;#x27; bosildi\n2025-03-17 14:56:23,820 - [INFO] - test_filial_create - FilialAdd: Dropdown yopilishi tekshirilmoqda, urinish 1/3\n2025-03-17 14:56:24,290 - [INFO] - test_filial_create - FilialAdd: Dropdown muvaffaqiyatli yopildi\n2025-03-17 14:56:24,290 - [DEBUG] - test_filial_create - FilialAdd: Running click: (&amp;#x27;xpath&amp;#x27;, &amp;#x27;//button[@ng-click=&amp;quot;a.bConfirm.clickYes()&amp;quot;]&amp;#x27;)\n2025-03-17 14:56:24,290 - [DEBUG] - test_filial_create - ========== Run click: -&amp;gt;  Started waiting ==========\n2025-03-17 14:56:24,295 - [DEBUG] - test_filial_create - Asinxron operatsiyalar yakunlandi (0.01s)\n2025-03-17 14:56:24,340 - [DEBUG] - test_filial_create - Barcha spinner yo\u2018qoldi (0.00s)\n2025-03-17 14:56:24,340 - [DEBUG] - test_filial_create - ========== Run click: -&amp;gt;  Finished waiting ==========\n2025-03-17 14:56:24,396 - [INFO] - test_filial_create - \u23fa FilialAdd: Click: (&amp;#x27;xpath&amp;#x27;, &amp;#x27;//button[@ng-click=&amp;quot;a.bConfirm.clickYes()&amp;quot;]&amp;#x27;)\n2025-03-17 14:56:24,397 - [DEBUG] - test_filial_create - FilialAdd: Running: -&amp;gt; click_options: (&amp;#x27;xpath&amp;#x27;, &amp;#x27;//b-input[@name=&amp;quot;legal_persons&amp;quot;]//input&amp;#x27;)\n2025-03-17 14:56:24,397 - [DEBUG] - test_filial_create - FilialAdd: Running click: (&amp;#x27;xpath&amp;#x27;, &amp;#x27;//b-input[@name=&amp;quot;legal_persons&amp;quot;]//input&amp;#x27;)\n2025-03-17 14:56:24,397 - [DEBUG] - test_filial_create - ========== Run click: -&amp;gt;  Started waiting ==========\n2025-03-17 14:56:24,400 - [DEBUG] - test_filial_create - Asinxron operatsiyalar yakunlandi (0.00s)\n2025-03-17 14:56:24,443 - [DEBUG] - test_filial_create - Barcha spinner yo\u2018qoldi (0.00s)\n2025-03-17 14:56:24,443 - [DEBUG] - test_filial_create - ========== Run click: -&amp;gt;  Finished waiting ==========\n2025-03-17 14:56:24,765 - [INFO] - test_filial_create - \u23fa FilialAdd: Click: (&amp;#x27;xpath&amp;#x27;, &amp;#x27;//b-input[@name=&amp;quot;legal_persons&amp;quot;]//input&amp;#x27;)\n2025-03-17 14:56:24,765 - [INFO] - test_filial_create - FilialAdd: Dropdown ochildi, elementlar yuklanmoqda...\n2025-03-17 14:56:25,295 - [INFO] - test_filial_create - FilialAdd: Element &amp;#x27;legal_person-4&amp;#x27; topilmadi. Scroll qilinmoqda...\n2025-03-17 14:56:25,328 - [INFO] - test_filial_create - \u2705 FilialAdd: Tanlangan konteyner: &amp;#x27;//div[contains(@class, &amp;#x27;hint-body&amp;#x27;)]&amp;#x27;, elementlar soni: 4\n2025-03-17 14:56:26,490 - [WARNING] - test_filial_create - FilialAdd: Element &amp;#x27;legal_person-4&amp;#x27; scroll tugagandan keyin ham topilmadi.\n2025-03-17 14:56:26,490 - [WARNING] - test_filial_create - Element &amp;#x27;legal_person-4&amp;#x27; 30 marta scroll qilingandan keyin ham topilmadi\n2025-03-17 14:56:26,490 - [ERROR] - test_filial_create - FilialAdd: Element &amp;#x27;legal_person-4&amp;#x27; 30 marta scroll qilingandan keyin ham topilmadi\n2025-03-17 14:56:26,601 - [INFO] - test_filial_create - Screenshot saved at screenshot_dir\\test_filial_create_20250317_145626_filialadd_click_options_error.png\n2025-03-17 14:56:26,602 - [ERROR] - test_filial_create - \u274c Error: Element &amp;#x27;legal_person-4&amp;#x27; 30 marta scroll qilingandan keyin ham topilmadi\n2025-03-17 14:56:26,693 - [INFO] - test_filial_create - Screenshot saved at screenshot_dir\\test_filial_create_20250317_145626_unexpected_error.png\n&#34;}], &#34;tests/test_order/test_runner.py::test_all[test_case2]&#34;: [{&#34;extras&#34;: [], &#34;result&#34;: &#34;Failed&#34;, &#34;testId&#34;: &#34;tests/test_order/test_runner.py::test_all[test_case2]&#34;, &#34;duration&#34;: &#34;00:00:08&#34;, &#34;resultsTableRow&#34;: [&#34;&lt;td class=\&#34;col-result\&#34;&gt;Failed&lt;/td&gt;&#34;, &#34;&lt;td class=\&#34;col-testId\&#34;&gt;tests/test_order/test_runner.py::test_all[test_case2]&lt;/td&gt;&#34;, &#34;&lt;td class=\&#34;col-duration\&#34;&gt;00:00:08&lt;/td&gt;&#34;, &#34;&lt;td class=\&#34;col-links\&#34;&gt;&lt;/td&gt;&#34;], &#34;log&#34;: &#34;self = &amp;lt;autotest.core.md.login_page.LoginPage object at 0x0000021BFE52DD10&amp;gt;, locator = (&amp;#x27;xpath&amp;#x27;, &amp;#x27;//input[@id=&amp;quot;password&amp;quot;]&amp;#x27;), text = &amp;#x27;greenwhite&amp;#x27;, retries = 3, retry_delay = 1\n\n    def input_text(self, locator, text, retries=3, retry_delay=1):\n        &amp;quot;&amp;quot;&amp;quot;Element topib, matn kiritish funksiyasi&amp;quot;&amp;quot;&amp;quot;\n    \n        page_name = self.__class__.__name__\n        self.logger.debug(f&amp;quot;{page_name}: Running -&amp;gt; input_text: {locator}&amp;quot;)\n    \n        attempt = 0\n        while attempt &amp;lt; retries:\n            try:\n&amp;gt;               self._wait_for_all_loaders()\n\nautotest\\core\\md\\base_page.py:631: \n_ _ _ _ _ _ _ _ _ _ _ _ _ _ _ _ _ _ _ _ _ _ _ _ _ _ _ _ _ _ _ _ _ _ _ _ _ _ _ _ _ _ _ _ _ _ _ _ _ _ _ _ _ _ _ _ _ _ _ _ _ _ _ _ _ _ _ _ _ _ _ _ _ _ _ _ _ _ _ _ _ _ _ _ _ _ _ _ _ _ _ _ _ _ _ _ _ _ _ _ _ _ _ _ _ _ _ _ _ _ _ _ _ _\nautotest\\core\\md\\base_page.py:228: in _wait_for_all_loaders\n    self._wait_for_async_operations(timeout)\nautotest\\core\\md\\base_page.py:87: in _wait_for_async_operations\n    if self.driver.execute_script(async_check_script):\n.venv\\Lib\\site-packages\\selenium\\webdriver\\remote\\webdriver.py:528: in execute_script\n    return self.execute(command, {&amp;quot;script&amp;quot;: script, &amp;quot;args&amp;quot;: converted_args})[&amp;quot;value&amp;quot;]\n.venv\\Lib\\site-packages\\selenium\\webdriver\\remote\\webdriver.py:429: in execute\n    self.error_handler.check_response(response)\n_ _ _ _ _ _ _ _ _ _ _ _ _ _ _ _ _ _ _ _ _ _ _ _ _ _ _ _ _ _ _ _ _ _ _ _ _ _ _ _ _ _ _ _ _ _ _ _ _ _ _ _ _ _ _ _ _ _ _ _ _ _ _ _ _ _ _ _ _ _ _ _ _ _ _ _ _ _ _ _ _ _ _ _ _ _ _ _ _ _ _ _ _ _ _ _ _ _ _ _ _ _ _ _ _ _ _ _ _ _ _ _ _ _\n\nself = &amp;lt;selenium.webdriver.remote.errorhandler.ErrorHandler object at 0x0000021BFE52C410&amp;gt;\nresponse = {&amp;#x27;status&amp;#x27;: 404, &amp;#x27;value&amp;#x27;: &amp;#x27;{&amp;quot;value&amp;quot;:{&amp;quot;error&amp;quot;:&amp;quot;no such window&amp;quot;,&amp;quot;message&amp;quot;:&amp;quot;no such window: target window already closed\\\\...dInitThunk [0x76DD7BA9+25]\\\\n\\\\tRtlInitializeExceptionChain [0x77E7C2EB+107]\\\\n\\\\tRtlClearBits [0x77E7C26F+191]\\\\n&amp;quot;}}&amp;#x27;}\n\n    def check_response(self, response: Dict[str, Any]) -&amp;gt; None:\n        &amp;quot;&amp;quot;&amp;quot;Checks that a JSON response from the WebDriver does not have an\n        error.\n    \n        :Args:\n         - response - The JSON response from the WebDriver server as a dictionary\n           object.\n    \n        :Raises: If the response contains an error message.\n        &amp;quot;&amp;quot;&amp;quot;\n        status = response.get(&amp;quot;status&amp;quot;, None)\n        if not status or status == ErrorCode.SUCCESS:\n            return\n        value = None\n        message = response.get(&amp;quot;message&amp;quot;, &amp;quot;&amp;quot;)\n        screen: str = response.get(&amp;quot;screen&amp;quot;, &amp;quot;&amp;quot;)\n        stacktrace = None\n        if isinstance(status, int):\n            value_json = response.get(&amp;quot;value&amp;quot;, None)\n            if value_json and isinstance(value_json, str):\n                import json\n    \n                try:\n                    value = json.loads(value_json)\n                    if len(value) == 1:\n                        value = value[&amp;quot;value&amp;quot;]\n                    status = value.get(&amp;quot;error&amp;quot;, None)\n                    if not status:\n                        status = value.get(&amp;quot;status&amp;quot;, ErrorCode.UNKNOWN_ERROR)\n                        message = value.get(&amp;quot;value&amp;quot;) or value.get(&amp;quot;message&amp;quot;)\n                        if not isinstance(message, str):\n                            value = message\n                            message = message.get(&amp;quot;message&amp;quot;)\n                    else:\n                        message = value.get(&amp;quot;message&amp;quot;, None)\n                except ValueError:\n                    pass\n    \n        exception_class: Type[WebDriverException]\n        e = ErrorCode()\n        error_codes = [item for item in dir(e) if not item.startswith(&amp;quot;__&amp;quot;)]\n        for error_code in error_codes:\n            error_info = getattr(ErrorCode, error_code)\n            if isinstance(error_info, list) and status in error_info:\n                exception_class = getattr(ExceptionMapping, error_code, WebDriverException)\n                break\n        else:\n            exception_class = WebDriverException\n    \n        if not value:\n            value = response[&amp;quot;value&amp;quot;]\n        if isinstance(value, str):\n            raise exception_class(value)\n        if message == &amp;quot;&amp;quot; and &amp;quot;message&amp;quot; in value:\n            message = value[&amp;quot;message&amp;quot;]\n    \n        screen = None  # type: ignore[assignment]\n        if &amp;quot;screen&amp;quot; in value:\n            screen = value[&amp;quot;screen&amp;quot;]\n    \n        stacktrace = None\n        st_value = value.get(&amp;quot;stackTrace&amp;quot;) or value.get(&amp;quot;stacktrace&amp;quot;)\n        if st_value:\n            if isinstance(st_value, str):\n                stacktrace = st_value.split(&amp;quot;\\n&amp;quot;)\n            else:\n                stacktrace = []\n                try:\n                    for frame in st_value:\n                        line = frame.get(&amp;quot;lineNumber&amp;quot;, &amp;quot;&amp;quot;)\n                        file = frame.get(&amp;quot;fileName&amp;quot;, &amp;quot;&amp;lt;anonymous&amp;gt;&amp;quot;)\n                        if line:\n                            file = f&amp;quot;{file}:{line}&amp;quot;\n                        meth = frame.get(&amp;quot;methodName&amp;quot;, &amp;quot;&amp;lt;anonymous&amp;gt;&amp;quot;)\n                        if &amp;quot;className&amp;quot; in frame:\n                            meth = f&amp;quot;{frame[&amp;#x27;className&amp;#x27;]}.{meth}&amp;quot;\n                        msg = &amp;quot;    at %s (%s)&amp;quot;\n                        msg = msg % (meth, file)\n                        stacktrace.append(msg)\n                except TypeError:\n                    pass\n        if exception_class == UnexpectedAlertPresentException:\n            alert_text = None\n            if &amp;quot;data&amp;quot; in value:\n                alert_text = value[&amp;quot;data&amp;quot;].get(&amp;quot;text&amp;quot;)\n            elif &amp;quot;alert&amp;quot; in value:\n                alert_text = value[&amp;quot;alert&amp;quot;].get(&amp;quot;text&amp;quot;)\n            raise exception_class(message, screen, stacktrace, alert_text)  # type: ignore[call-arg]  # mypy is not smart enough here\n&amp;gt;       raise exception_class(message, screen, stacktrace)\nE       selenium.common.exceptions.NoSuchWindowException: Message: no such window: target window already closed\nE       from unknown error: web view not found\nE         (Session info: chrome=134.0.6998.89)\nE       Stacktrace:\nE       \tGetHandleVerifier [0x011DB5A3+24387]\nE       \t(No symbol) [0x01165904]\nE       \t(No symbol) [0x01040753]\nE       \t(No symbol) [0x0101F83E]\nE       \t(No symbol) [0x010B454E]\nE       \t(No symbol) [0x010CEA19]\nE       \t(No symbol) [0x010AD646]\nE       \t(No symbol) [0x0107C59F]\nE       \t(No symbol) [0x0107D8E4]\nE       \tGetHandleVerifier [0x014DD883+3179043]\nE       \tGetHandleVerifier [0x014F6CF9+3282585]\nE       \tGetHandleVerifier [0x014F167C+3260444]\nE       \tGetHandleVerifier [0x01274330+650448]\nE       \t(No symbol) [0x0116ED0D]\nE       \t(No symbol) [0x0116BAF8]\nE       \t(No symbol) [0x0116BC99]\nE       \t(No symbol) [0x0115E530]\nE       \tBaseThreadInitThunk [0x76DD7BA9+25]\nE       \tRtlInitializeExceptionChain [0x77E7C2EB+107]\nE       \tRtlClearBits [0x77E7C26F+191]\n\n.venv\\Lib\\site-packages\\selenium\\webdriver\\remote\\errorhandler.py:232: NoSuchWindowException\n\nDuring handling of the above exception, another exception occurred:\n\ndriver = &amp;lt;selenium.webdriver.chrome.webdriver.WebDriver (session=&amp;quot;aa71262f209bd2317b9f3fab140e63f0&amp;quot;)&amp;gt;\ntest_data = {&amp;#x27;data&amp;#x27;: {&amp;#x27;Administration_name&amp;#x27;: &amp;#x27;\u0410\u0434\u043c\u0438\u043d\u0438\u0441\u0442\u0440\u0438\u0440\u043e\u0432\u0430\u043d\u0438\u0435&amp;#x27;, &amp;#x27;Archive&amp;#x27;: &amp;#x27;\u0410\u0440\u0445\u0438\u0432&amp;#x27;, &amp;#x27;Cancelled&amp;#x27;: &amp;#x27;\u041e\u0442\u043c\u0435\u043d\u0435\u043d&amp;#x27;, &amp;#x27;Delivered&amp;#x27;: &amp;#x27;\u0414\u043e\u0441\u0442\u0430\u0432\u043b\u0435\u043d&amp;#x27;, ...}}\n\n    def test_room_add(driver, test_data):\n        &amp;quot;&amp;quot;&amp;quot;Test adding a room&amp;quot;&amp;quot;&amp;quot;\n    \n        base_page = BasePage(driver)\n        base_page.logger.info(&amp;quot;\u25b6\ufe0f Running: test_room_add&amp;quot;)\n    \n        # Test data\n        data = test_data[&amp;quot;data&amp;quot;]\n        room_name = data[&amp;quot;room_name&amp;quot;]\n        filial_name = data[&amp;quot;filial_name&amp;quot;]\n    \n        try:\n            # Login\n&amp;gt;           login_admin(driver, test_data, filial_name=filial_name, url=&amp;#x27;trade/trf/room_list&amp;#x27;)\n\ntests\\test_order\\test_life_cycle.py:277: \n_ _ _ _ _ _ _ _ _ _ _ _ _ _ _ _ _ _ _ _ _ _ _ _ _ _ _ _ _ _ _ _ _ _ _ _ _ _ _ _ _ _ _ _ _ _ _ _ _ _ _ _ _ _ _ _ _ _ _ _ _ _ _ _ _ _ _ _ _ _ _ _ _ _ _ _ _ _ _ _ _ _ _ _ _ _ _ _ _ _ _ _ _ _ _ _ _ _ _ _ _ _ _ _ _ _ _ _ _ _ _ _ _ _\ntests\\test_base\\test_base.py:96: in login_admin\n    if not login_system(driver, email, password, filial_name, url):\ntests\\test_base\\test_base.py:63: in login_system\n    if not login(driver, email, password):\ntests\\test_base\\test_base.py:29: in login\n    login_page.fill_form(email, password)\nautotest\\core\\md\\login_page.py:32: in fill_form\n    password_success = self.input_text(self.password_input, password)\nautotest\\core\\md\\base_page.py:661: in input_text\n    self.take_screenshot(f&amp;quot;{page_name.lower()}_input_unexpected_error&amp;quot;)\nautotest\\core\\md\\base_page.py:59: in take_screenshot\n    self.driver.save_screenshot(screenshot_path)\n.venv\\Lib\\site-packages\\selenium\\webdriver\\remote\\webdriver.py:994: in save_screenshot\n    return self.get_screenshot_as_file(filename)\n.venv\\Lib\\site-packages\\selenium\\webdriver\\remote\\webdriver.py:969: in get_screenshot_as_file\n    png = self.get_screenshot_as_png()\n.venv\\Lib\\site-packages\\selenium\\webdriver\\remote\\webdriver.py:1003: in get_screenshot_as_png\n    return b64decode(self.get_screenshot_as_base64().encode(&amp;quot;ascii&amp;quot;))\n.venv\\Lib\\site-packages\\selenium\\webdriver\\remote\\webdriver.py:1013: in get_screenshot_as_base64\n    return self.execute(Command.SCREENSHOT)[&amp;quot;value&amp;quot;]\n.venv\\Lib\\site-packages\\selenium\\webdriver\\remote\\webdriver.py:429: in execute\n    self.error_handler.check_response(response)\n_ _ _ _ _ _ _ _ _ _ _ _ _ _ _ _ _ _ _ _ _ _ _ _ _ _ _ _ _ _ _ _ _ _ _ _ _ _ _ _ _ _ _ _ _ _ _ _ _ _ _ _ _ _ _ _ _ _ _ _ _ _ _ _ _ _ _ _ _ _ _ _ _ _ _ _ _ _ _ _ _ _ _ _ _ _ _ _ _ _ _ _ _ _ _ _ _ _ _ _ _ _ _ _ _ _ _ _ _ _ _ _ _ _\n\nself = &amp;lt;selenium.webdriver.remote.errorhandler.ErrorHandler object at 0x0000021BFE52C410&amp;gt;\nresponse = {&amp;#x27;status&amp;#x27;: 404, &amp;#x27;value&amp;#x27;: &amp;#x27;{&amp;quot;value&amp;quot;:{&amp;quot;error&amp;quot;:&amp;quot;no such window&amp;quot;,&amp;quot;message&amp;quot;:&amp;quot;no such window: target window already closed\\\\...dInitThunk [0x76DD7BA9+25]\\\\n\\\\tRtlInitializeExceptionChain [0x77E7C2EB+107]\\\\n\\\\tRtlClearBits [0x77E7C26F+191]\\\\n&amp;quot;}}&amp;#x27;}\n\n    def check_response(self, response: Dict[str, Any]) -&amp;gt; None:\n        &amp;quot;&amp;quot;&amp;quot;Checks that a JSON response from the WebDriver does not have an\n        error.\n    \n        :Args:\n         - response - The JSON response from the WebDriver server as a dictionary\n           object.\n    \n        :Raises: If the response contains an error message.\n        &amp;quot;&amp;quot;&amp;quot;\n        status = response.get(&amp;quot;status&amp;quot;, None)\n        if not status or status == ErrorCode.SUCCESS:\n            return\n        value = None\n        message = response.get(&amp;quot;message&amp;quot;, &amp;quot;&amp;quot;)\n        screen: str = response.get(&amp;quot;screen&amp;quot;, &amp;quot;&amp;quot;)\n        stacktrace = None\n        if isinstance(status, int):\n            value_json = response.get(&amp;quot;value&amp;quot;, None)\n            if value_json and isinstance(value_json, str):\n                import json\n    \n                try:\n                    value = json.loads(value_json)\n                    if len(value) == 1:\n                        value = value[&amp;quot;value&amp;quot;]\n                    status = value.get(&amp;quot;error&amp;quot;, None)\n                    if not status:\n                        status = value.get(&amp;quot;status&amp;quot;, ErrorCode.UNKNOWN_ERROR)\n                        message = value.get(&amp;quot;value&amp;quot;) or value.get(&amp;quot;message&amp;quot;)\n                        if not isinstance(message, str):\n                            value = message\n                            message = message.get(&amp;quot;message&amp;quot;)\n                    else:\n                        message = value.get(&amp;quot;message&amp;quot;, None)\n                except ValueError:\n                    pass\n    \n        exception_class: Type[WebDriverException]\n        e = ErrorCode()\n        error_codes = [item for item in dir(e) if not item.startswith(&amp;quot;__&amp;quot;)]\n        for error_code in error_codes:\n            error_info = getattr(ErrorCode, error_code)\n            if isinstance(error_info, list) and status in error_info:\n                exception_class = getattr(ExceptionMapping, error_code, WebDriverException)\n                break\n        else:\n            exception_class = WebDriverException\n    \n        if not value:\n            value = response[&amp;quot;value&amp;quot;]\n        if isinstance(value, str):\n            raise exception_class(value)\n        if message == &amp;quot;&amp;quot; and &amp;quot;message&amp;quot; in value:\n            message = value[&amp;quot;message&amp;quot;]\n    \n        screen = None  # type: ignore[assignment]\n        if &amp;quot;screen&amp;quot; in value:\n            screen = value[&amp;quot;screen&amp;quot;]\n    \n        stacktrace = None\n        st_value = value.get(&amp;quot;stackTrace&amp;quot;) or value.get(&amp;quot;stacktrace&amp;quot;)\n        if st_value:\n            if isinstance(st_value, str):\n                stacktrace = st_value.split(&amp;quot;\\n&amp;quot;)\n            else:\n                stacktrace = []\n                try:\n                    for frame in st_value:\n                        line = frame.get(&amp;quot;lineNumber&amp;quot;, &amp;quot;&amp;quot;)\n                        file = frame.get(&amp;quot;fileName&amp;quot;, &amp;quot;&amp;lt;anonymous&amp;gt;&amp;quot;)\n                        if line:\n                            file = f&amp;quot;{file}:{line}&amp;quot;\n                        meth = frame.get(&amp;quot;methodName&amp;quot;, &amp;quot;&amp;lt;anonymous&amp;gt;&amp;quot;)\n                        if &amp;quot;className&amp;quot; in frame:\n                            meth = f&amp;quot;{frame[&amp;#x27;className&amp;#x27;]}.{meth}&amp;quot;\n                        msg = &amp;quot;    at %s (%s)&amp;quot;\n                        msg = msg % (meth, file)\n                        stacktrace.append(msg)\n                except TypeError:\n                    pass\n        if exception_class == UnexpectedAlertPresentException:\n            alert_text = None\n            if &amp;quot;data&amp;quot; in value:\n                alert_text = value[&amp;quot;data&amp;quot;].get(&amp;quot;text&amp;quot;)\n            elif &amp;quot;alert&amp;quot; in value:\n                alert_text = value[&amp;quot;alert&amp;quot;].get(&amp;quot;text&amp;quot;)\n            raise exception_class(message, screen, stacktrace, alert_text)  # type: ignore[call-arg]  # mypy is not smart enough here\n&amp;gt;       raise exception_class(message, screen, stacktrace)\nE       selenium.common.exceptions.NoSuchWindowException: Message: no such window: target window already closed\nE       from unknown error: web view not found\nE         (Session info: chrome=134.0.6998.89)\nE       Stacktrace:\nE       \tGetHandleVerifier [0x011DB5A3+24387]\nE       \t(No symbol) [0x01165904]\nE       \t(No symbol) [0x01040753]\nE       \t(No symbol) [0x0101F83E]\nE       \t(No symbol) [0x010B454E]\nE       \t(No symbol) [0x010CEA19]\nE       \t(No symbol) [0x010AD646]\nE       \t(No symbol) [0x0107C59F]\nE       \t(No symbol) [0x0107D8E4]\nE       \tGetHandleVerifier [0x014DD883+3179043]\nE       \tGetHandleVerifier [0x014F6CF9+3282585]\nE       \tGetHandleVerifier [0x014F167C+3260444]\nE       \tGetHandleVerifier [0x01274330+650448]\nE       \t(No symbol) [0x0116ED0D]\nE       \t(No symbol) [0x0116BAF8]\nE       \t(No symbol) [0x0116BC99]\nE       \t(No symbol) [0x0115E530]\nE       \tBaseThreadInitThunk [0x76DD7BA9+25]\nE       \tRtlInitializeExceptionChain [0x77E7C2EB+107]\nE       \tRtlClearBits [0x77E7C26F+191]\n\n.venv\\Lib\\site-packages\\selenium\\webdriver\\remote\\errorhandler.py:232: NoSuchWindowException\n\nDuring handling of the above exception, another exception occurred:\n\ndriver = &amp;lt;selenium.webdriver.chrome.webdriver.WebDriver (session=&amp;quot;aa71262f209bd2317b9f3fab140e63f0&amp;quot;)&amp;gt;\ntest_data = {&amp;#x27;data&amp;#x27;: {&amp;#x27;Administration_name&amp;#x27;: &amp;#x27;\u0410\u0434\u043c\u0438\u043d\u0438\u0441\u0442\u0440\u0438\u0440\u043e\u0432\u0430\u043d\u0438\u0435&amp;#x27;, &amp;#x27;Archive&amp;#x27;: &amp;#x27;\u0410\u0440\u0445\u0438\u0432&amp;#x27;, &amp;#x27;Cancelled&amp;#x27;: &amp;#x27;\u041e\u0442\u043c\u0435\u043d\u0435\u043d&amp;#x27;, &amp;#x27;Delivered&amp;#x27;: &amp;#x27;\u0414\u043e\u0441\u0442\u0430\u0432\u043b\u0435\u043d&amp;#x27;, ...}}\ntest_case = {&amp;#x27;func&amp;#x27;: &amp;lt;function test_room_add at 0x0000021BFD37A0C0&amp;gt;, &amp;#x27;name&amp;#x27;: &amp;#x27;Room Add&amp;#x27;}\n\n    @pytest.mark.parametrize(&amp;quot;test_case&amp;quot;, test_cases)\n    def test_all(driver, test_data, test_case):\n        &amp;quot;&amp;quot;&amp;quot;Barcha testlar&amp;quot;&amp;quot;&amp;quot;\n    \n        global stop_execution  # \ud83d\udd34 Global flagni ishlatamiz\n    \n        if stop_execution:\n            pytest.skip(f&amp;quot;\u274c {test_case[&amp;#x27;name&amp;#x27;]} o&amp;#x27;tkazib yuborildi, chunki oldingi testda xatolik bor!&amp;quot;)\n    \n        with allure.step(test_case[&amp;quot;name&amp;quot;]):\n            try:\n&amp;gt;               test_case[&amp;quot;func&amp;quot;](driver, test_data)\n\ntests\\test_order\\test_runner.py:128: \n_ _ _ _ _ _ _ _ _ _ _ _ _ _ _ _ _ _ _ _ _ _ _ _ _ _ _ _ _ _ _ _ _ _ _ _ _ _ _ _ _ _ _ _ _ _ _ _ _ _ _ _ _ _ _ _ _ _ _ _ _ _ _ _ _ _ _ _ _ _ _ _ _ _ _ _ _ _ _ _ _ _ _ _ _ _ _ _ _ _ _ _ _ _ _ _ _ _ _ _ _ _ _ _ _ _ _ _ _ _ _ _ _ _\ntests\\test_order\\test_life_cycle.py:311: in test_room_add\n    base_page.take_screenshot(&amp;quot;unexpected_error&amp;quot;)\nautotest\\core\\md\\base_page.py:59: in take_screenshot\n    self.driver.save_screenshot(screenshot_path)\n.venv\\Lib\\site-packages\\selenium\\webdriver\\remote\\webdriver.py:994: in save_screenshot\n    return self.get_screenshot_as_file(filename)\n.venv\\Lib\\site-packages\\selenium\\webdriver\\remote\\webdriver.py:969: in get_screenshot_as_file\n    png = self.get_screenshot_as_png()\n.venv\\Lib\\site-packages\\selenium\\webdriver\\remote\\webdriver.py:1003: in get_screenshot_as_png\n    return b64decode(self.get_screenshot_as_base64().encode(&amp;quot;ascii&amp;quot;))\n.venv\\Lib\\site-packages\\selenium\\webdriver\\remote\\webdriver.py:1013: in get_screenshot_as_base64\n    return self.execute(Command.SCREENSHOT)[&amp;quot;value&amp;quot;]\n.venv\\Lib\\site-packages\\selenium\\webdriver\\remote\\webdriver.py:429: in execute\n    self.error_handler.check_response(response)\n_ _ _ _ _ _ _ _ _ _ _ _ _ _ _ _ _ _ _ _ _ _ _ _ _ _ _ _ _ _ _ _ _ _ _ _ _ _ _ _ _ _ _ _ _ _ _ _ _ _ _ _ _ _ _ _ _ _ _ _ _ _ _ _ _ _ _ _ _ _ _ _ _ _ _ _ _ _ _ _ _ _ _ _ _ _ _ _ _ _ _ _ _ _ _ _ _ _ _ _ _ _ _ _ _ _ _ _ _ _ _ _ _ _\n\nself = &amp;lt;selenium.webdriver.remote.errorhandler.ErrorHandler object at 0x0000021BFE52C410&amp;gt;\nresponse = {&amp;#x27;status&amp;#x27;: 404, &amp;#x27;value&amp;#x27;: &amp;#x27;{&amp;quot;value&amp;quot;:{&amp;quot;error&amp;quot;:&amp;quot;no such window&amp;quot;,&amp;quot;message&amp;quot;:&amp;quot;no such window: target window already closed\\\\...dInitThunk [0x76DD7BA9+25]\\\\n\\\\tRtlInitializeExceptionChain [0x77E7C2EB+107]\\\\n\\\\tRtlClearBits [0x77E7C26F+191]\\\\n&amp;quot;}}&amp;#x27;}\n\n    def check_response(self, response: Dict[str, Any]) -&amp;gt; None:\n        &amp;quot;&amp;quot;&amp;quot;Checks that a JSON response from the WebDriver does not have an\n        error.\n    \n        :Args:\n         - response - The JSON response from the WebDriver server as a dictionary\n           object.\n    \n        :Raises: If the response contains an error message.\n        &amp;quot;&amp;quot;&amp;quot;\n        status = response.get(&amp;quot;status&amp;quot;, None)\n        if not status or status == ErrorCode.SUCCESS:\n            return\n        value = None\n        message = response.get(&amp;quot;message&amp;quot;, &amp;quot;&amp;quot;)\n        screen: str = response.get(&amp;quot;screen&amp;quot;, &amp;quot;&amp;quot;)\n        stacktrace = None\n        if isinstance(status, int):\n            value_json = response.get(&amp;quot;value&amp;quot;, None)\n            if value_json and isinstance(value_json, str):\n                import json\n    \n                try:\n                    value = json.loads(value_json)\n                    if len(value) == 1:\n                        value = value[&amp;quot;value&amp;quot;]\n                    status = value.get(&amp;quot;error&amp;quot;, None)\n                    if not status:\n                        status = value.get(&amp;quot;status&amp;quot;, ErrorCode.UNKNOWN_ERROR)\n                        message = value.get(&amp;quot;value&amp;quot;) or value.get(&amp;quot;message&amp;quot;)\n                        if not isinstance(message, str):\n                            value = message\n                            message = message.get(&amp;quot;message&amp;quot;)\n                    else:\n                        message = value.get(&amp;quot;message&amp;quot;, None)\n                except ValueError:\n                    pass\n    \n        exception_class: Type[WebDriverException]\n        e = ErrorCode()\n        error_codes = [item for item in dir(e) if not item.startswith(&amp;quot;__&amp;quot;)]\n        for error_code in error_codes:\n            error_info = getattr(ErrorCode, error_code)\n            if isinstance(error_info, list) and status in error_info:\n                exception_class = getattr(ExceptionMapping, error_code, WebDriverException)\n                break\n        else:\n            exception_class = WebDriverException\n    \n        if not value:\n            value = response[&amp;quot;value&amp;quot;]\n        if isinstance(value, str):\n            raise exception_class(value)\n        if message == &amp;quot;&amp;quot; and &amp;quot;message&amp;quot; in value:\n            message = value[&amp;quot;message&amp;quot;]\n    \n        screen = None  # type: ignore[assignment]\n        if &amp;quot;screen&amp;quot; in value:\n            screen = value[&amp;quot;screen&amp;quot;]\n    \n        stacktrace = None\n        st_value = value.get(&amp;quot;stackTrace&amp;quot;) or value.get(&amp;quot;stacktrace&amp;quot;)\n        if st_value:\n            if isinstance(st_value, str):\n                stacktrace = st_value.split(&amp;quot;\\n&amp;quot;)\n            else:\n                stacktrace = []\n                try:\n                    for frame in st_value:\n                        line = frame.get(&amp;quot;lineNumber&amp;quot;, &amp;quot;&amp;quot;)\n                        file = frame.get(&amp;quot;fileName&amp;quot;, &amp;quot;&amp;lt;anonymous&amp;gt;&amp;quot;)\n                        if line:\n                            file = f&amp;quot;{file}:{line}&amp;quot;\n                        meth = frame.get(&amp;quot;methodName&amp;quot;, &amp;quot;&amp;lt;anonymous&amp;gt;&amp;quot;)\n                        if &amp;quot;className&amp;quot; in frame:\n                            meth = f&amp;quot;{frame[&amp;#x27;className&amp;#x27;]}.{meth}&amp;quot;\n                        msg = &amp;quot;    at %s (%s)&amp;quot;\n                        msg = msg % (meth, file)\n                        stacktrace.append(msg)\n                except TypeError:\n                    pass\n        if exception_class == UnexpectedAlertPresentException:\n            alert_text = None\n            if &amp;quot;data&amp;quot; in value:\n                alert_text = value[&amp;quot;data&amp;quot;].get(&amp;quot;text&amp;quot;)\n            elif &amp;quot;alert&amp;quot; in value:\n                alert_text = value[&amp;quot;alert&amp;quot;].get(&amp;quot;text&amp;quot;)\n            raise exception_class(message, screen, stacktrace, alert_text)  # type: ignore[call-arg]  # mypy is not smart enough here\n&amp;gt;       raise exception_class(message, screen, stacktrace)\nE       selenium.common.exceptions.NoSuchWindowException: Message: no such window: target window already closed\nE       from unknown error: web view not found\nE         (Session info: chrome=134.0.6998.89)\nE       Stacktrace:\nE       \tGetHandleVerifier [0x011DB5A3+24387]\nE       \t(No symbol) [0x01165904]\nE       \t(No symbol) [0x01040753]\nE       \t(No symbol) [0x0101F83E]\nE       \t(No symbol) [0x010B454E]\nE       \t(No symbol) [0x010CEA19]\nE       \t(No symbol) [0x010AD646]\nE       \t(No symbol) [0x0107C59F]\nE       \t(No symbol) [0x0107D8E4]\nE       \tGetHandleVerifier [0x014DD883+3179043]\nE       \tGetHandleVerifier [0x014F6CF9+3282585]\nE       \tGetHandleVerifier [0x014F167C+3260444]\nE       \tGetHandleVerifier [0x01274330+650448]\nE       \t(No symbol) [0x0116ED0D]\nE       \t(No symbol) [0x0116BAF8]\nE       \t(No symbol) [0x0116BC99]\nE       \t(No symbol) [0x0115E530]\nE       \tBaseThreadInitThunk [0x76DD7BA9+25]\nE       \tRtlInitializeExceptionChain [0x77E7C2EB+107]\nE       \tRtlClearBits [0x77E7C26F+191]\n\n.venv\\Lib\\site-packages\\selenium\\webdriver\\remote\\errorhandler.py:232: NoSuchWindowException\n\nDuring handling of the above exception, another exception occurred:\n\ndriver = &amp;lt;selenium.webdriver.chrome.webdriver.WebDriver (session=&amp;quot;aa71262f209bd2317b9f3fab140e63f0&amp;quot;)&amp;gt;\ntest_data = {&amp;#x27;data&amp;#x27;: {&amp;#x27;Administration_name&amp;#x27;: &amp;#x27;\u0410\u0434\u043c\u0438\u043d\u0438\u0441\u0442\u0440\u0438\u0440\u043e\u0432\u0430\u043d\u0438\u0435&amp;#x27;, &amp;#x27;Archive&amp;#x27;: &amp;#x27;\u0410\u0440\u0445\u0438\u0432&amp;#x27;, &amp;#x27;Cancelled&amp;#x27;: &amp;#x27;\u041e\u0442\u043c\u0435\u043d\u0435\u043d&amp;#x27;, &amp;#x27;Delivered&amp;#x27;: &amp;#x27;\u0414\u043e\u0441\u0442\u0430\u0432\u043b\u0435\u043d&amp;#x27;, ...}}\ntest_case = {&amp;#x27;func&amp;#x27;: &amp;lt;function test_room_add at 0x0000021BFD37A0C0&amp;gt;, &amp;#x27;name&amp;#x27;: &amp;#x27;Room Add&amp;#x27;}\n\n    @pytest.mark.parametrize(&amp;quot;test_case&amp;quot;, test_cases)\n    def test_all(driver, test_data, test_case):\n        &amp;quot;&amp;quot;&amp;quot;Barcha testlar&amp;quot;&amp;quot;&amp;quot;\n    \n        global stop_execution  # \ud83d\udd34 Global flagni ishlatamiz\n    \n        if stop_execution:\n            pytest.skip(f&amp;quot;\u274c {test_case[&amp;#x27;name&amp;#x27;]} o&amp;#x27;tkazib yuborildi, chunki oldingi testda xatolik bor!&amp;quot;)\n    \n        with allure.step(test_case[&amp;quot;name&amp;quot;]):\n            try:\n                test_case[&amp;quot;func&amp;quot;](driver, test_data)\n                print(f&amp;quot;\u2705 {test_case[&amp;#x27;name&amp;#x27;]} passed.&amp;quot;)\n            except AssertionError as ae:\n                error_message = f&amp;quot;\u274c {test_case[&amp;#x27;name&amp;#x27;]} failed with assertion error: {ae}&amp;quot;\n                print(error_message)\n                allure.attach(\n                    body=error_message,\n                    name=f&amp;quot;Assertion Error - {test_case[&amp;#x27;name&amp;#x27;]}&amp;quot;,\n                    attachment_type=allure.attachment_type.TEXT\n                )\n                stop_execution = True  # \ud83d\udd34 Keyingi testlar o&amp;#x27;tkazib yuborilsin\n                pytest.fail(error_message)\n            except Exception as e:\n                error_message = f&amp;quot;\u274c {test_case[&amp;#x27;name&amp;#x27;]} failed with error: {e}&amp;quot;\n                print(error_message)\n                allure.attach(\n                    body=error_message,\n                    name=f&amp;quot;Error Log - {test_case[&amp;#x27;name&amp;#x27;]}&amp;quot;,\n                    attachment_type=allure.attachment_type.TEXT\n                )\n                stop_execution = True  # \ud83d\udd34 Keyingi testlar o&amp;#x27;tkazib yuborilsin\n&amp;gt;               pytest.fail(error_message)\nE               Failed: \u274c Room Add failed with error: Message: no such window: target window already closed\nE               from unknown error: web view not found\nE                 (Session info: chrome=134.0.6998.89)\nE               Stacktrace:\nE               \tGetHandleVerifier [0x011DB5A3+24387]\nE               \t(No symbol) [0x01165904]\nE               \t(No symbol) [0x01040753]\nE               \t(No symbol) [0x0101F83E]\nE               \t(No symbol) [0x010B454E]\nE               \t(No symbol) [0x010CEA19]\nE               \t(No symbol) [0x010AD646]\nE               \t(No symbol) [0x0107C59F]\nE               \t(No symbol) [0x0107D8E4]\nE               \tGetHandleVerifier [0x014DD883+3179043]\nE               \tGetHandleVerifier [0x014F6CF9+3282585]\nE               \tGetHandleVerifier [0x014F167C+3260444]\nE               \tGetHandleVerifier [0x01274330+650448]\nE               \t(No symbol) [0x0116ED0D]\nE               \t(No symbol) [0x0116BAF8]\nE               \t(No symbol) [0x0116BC99]\nE               \t(No symbol) [0x0115E530]\nE               \tBaseThreadInitThunk [0x76DD7BA9+25]\nE               \tRtlInitializeExceptionChain [0x77E7C2EB+107]\nE               \tRtlClearBits [0x77E7C26F+191]\n\ntests\\test_order\\test_runner.py:149: Failed\n\n----------------------------- Captured stdout call -----------------------------\n\u274c Room Add failed with error: Message: no such window: target window already closed\nfrom unknown error: web view not found\n  (Session info: chrome=134.0.6998.89)\nStacktrace:\n\tGetHandleVerifier [0x011DB5A3+24387]\n\t(No symbol) [0x01165904]\n\t(No symbol) [0x01040753]\n\t(No symbol) [0x0101F83E]\n\t(No symbol) [0x010B454E]\n\t(No symbol) [0x010CEA19]\n\t(No symbol) [0x010AD646]\n\t(No symbol) [0x0107C59F]\n\t(No symbol) [0x0107D8E4]\n\tGetHandleVerifier [0x014DD883+3179043]\n\tGetHandleVerifier [0x014F6CF9+3282585]\n\tGetHandleVerifier [0x014F167C+3260444]\n\tGetHandleVerifier [0x01274330+650448]\n\t(No symbol) [0x0116ED0D]\n\t(No symbol) [0x0116BAF8]\n\t(No symbol) [0x0116BC99]\n\t(No symbol) [0x0115E530]\n\tBaseThreadInitThunk [0x76DD7BA9+25]\n\tRtlInitializeExceptionChain [0x77E7C2EB+107]\n\tRtlClearBits [0x77E7C26F+191]\n\n\n----------------------------- Captured stderr call -----------------------------\n2025-03-17 14:56:34,423 - [INFO] - test_room_add - \u25b6\ufe0f Running: test_room_add\n2025-03-17 14:56:34,469 - [DEBUG] - test_room_add - ========== Login Page: -&amp;gt;  Started waiting ==========\n2025-03-17 14:56:34,478 - [DEBUG] - test_room_add - Asinxron operatsiyalar yakunlandi (0.01s)\n2025-03-17 14:56:34,531 - [DEBUG] - test_room_add - Barcha spinner yo\u2018qoldi (0.00s)\n2025-03-17 14:56:34,532 - [DEBUG] - test_room_add - ========== Login Page: -&amp;gt;  Finished waiting ==========\n2025-03-17 14:56:34,558 - [INFO] - test_room_add - Login Page: The &amp;#x27;LOGO&amp;#x27; element is verified\n2025-03-17 14:56:34,559 - [DEBUG] - test_room_add - LoginPage: Running -&amp;gt; input_text: (&amp;#x27;xpath&amp;#x27;, &amp;#x27;//input[@id=&amp;quot;login&amp;quot;]&amp;#x27;)\n2025-03-17 14:56:34,559 - [DEBUG] - test_room_add - ==========  Started waiting ==========\n2025-03-17 14:56:34,565 - [DEBUG] - test_room_add - Asinxron operatsiyalar yakunlandi (0.01s)\n2025-03-17 14:56:34,595 - [DEBUG] - test_room_add - Barcha spinner yo\u2018qoldi (0.00s)\n2025-03-17 14:56:34,596 - [DEBUG] - test_room_add - ==========  Finished waiting ==========\n2025-03-17 14:56:34,715 - [INFO] - test_room_add - Input: send_key -&amp;gt; &amp;#x27;admin@autotest&amp;#x27;\n2025-03-17 14:56:34,715 - [DEBUG] - test_room_add - LoginPage: Running -&amp;gt; input_text: (&amp;#x27;xpath&amp;#x27;, &amp;#x27;//input[@id=&amp;quot;password&amp;quot;]&amp;#x27;)\n2025-03-17 14:56:34,715 - [DEBUG] - test_room_add - ==========  Started waiting ==========\n2025-03-17 14:56:34,717 - [ERROR] - test_room_add - LoginPage: Matn kiritishda kutilmagan xatolik: (&amp;#x27;xpath&amp;#x27;, &amp;#x27;//input[@id=&amp;quot;password&amp;quot;]&amp;#x27;): Message: no such window: target window already closed\nfrom unknown error: web view not found\n  (Session info: chrome=134.0.6998.89)\nStacktrace:\n\tGetHandleVerifier [0x011DB5A3+24387]\n\t(No symbol) [0x01165904]\n\t(No symbol) [0x01040753]\n\t(No symbol) [0x0101F83E]\n\t(No symbol) [0x010B454E]\n\t(No symbol) [0x010CEA19]\n\t(No symbol) [0x010AD646]\n\t(No symbol) [0x0107C59F]\n\t(No symbol) [0x0107D8E4]\n\tGetHandleVerifier [0x014DD883+3179043]\n\tGetHandleVerifier [0x014F6CF9+3282585]\n\tGetHandleVerifier [0x014F167C+3260444]\n\tGetHandleVerifier [0x01274330+650448]\n\t(No symbol) [0x0116ED0D]\n\t(No symbol) [0x0116BAF8]\n\t(No symbol) [0x0116BC99]\n\t(No symbol) [0x0115E530]\n\tBaseThreadInitThunk [0x76DD7BA9+25]\n\tRtlInitializeExceptionChain [0x77E7C2EB+107]\n\tRtlClearBits [0x77E7C26F+191]\n\n2025-03-17 14:56:34,720 - [ERROR] - test_room_add - \u274c Error: Message: no such window: target window already closed\nfrom unknown error: web view not found\n  (Session info: chrome=134.0.6998.89)\nStacktrace:\n\tGetHandleVerifier [0x011DB5A3+24387]\n\t(No symbol) [0x01165904]\n\t(No symbol) [0x01040753]\n\t(No symbol) [0x0101F83E]\n\t(No symbol) [0x010B454E]\n\t(No symbol) [0x010CEA19]\n\t(No symbol) [0x010AD646]\n\t(No symbol) [0x0107C59F]\n\t(No symbol) [0x0107D8E4]\n\tGetHandleVerifier [0x014DD883+3179043]\n\tGetHandleVerifier [0x014F6CF9+3282585]\n\tGetHandleVerifier [0x014F167C+3260444]\n\tGetHandleVerifier [0x01274330+650448]\n\t(No symbol) [0x0116ED0D]\n\t(No symbol) [0x0116BAF8]\n\t(No symbol) [0x0116BC99]\n\t(No symbol) [0x0115E530]\n\tBaseThreadInitThunk [0x76DD7BA9+25]\n\tRtlInitializeExceptionChain [0x77E7C2EB+107]\n\tRtlClearBits [0x77E7C26F+191]\n\n&#34;}], &#34;tests/test_order/test_runner.py::test_all[test_case3]&#34;: [{&#34;extras&#34;: [], &#34;result&#34;: &#34;Skipped&#34;, &#34;testId&#34;: &#34;tests/test_order/test_runner.py::test_all[test_case3]::setup&#34;, &#34;duration&#34;: &#34;2 ms&#34;, &#34;resultsTableRow&#34;: [&#34;&lt;td class=\&#34;col-result\&#34;&gt;Skipped&lt;/td&gt;&#34;, &#34;&lt;td class=\&#34;col-testId\&#34;&gt;tests/test_order/test_runner.py::test_all[test_case3]::setup&lt;/td&gt;&#34;, &#34;&lt;td class=\&#34;col-duration\&#34;&gt;2 ms&lt;/td&gt;&#34;, &#34;&lt;td class=\&#34;col-links\&#34;&gt;&lt;/td&gt;&#34;], &#34;log&#34;: &#34;(&amp;#x27;C:\\\\Users\\\\jasur.turgunov\\\\Desktop\\\\ish\\\\Smartup_testlar\\\\tests\\\\test_order\\\\test_runner.py&amp;#x27;, 117, &amp;quot;Skipped: \u274c Oldingi test fail bo&amp;#x27;lgani uchun bu test o&amp;#x27;tkazib yuborildi!&amp;quot;)\n&#34;}], &#34;tests/test_order/test_runner.py::test_all[test_case4]&#34;: [{&#34;extras&#34;: [], &#34;result&#34;: &#34;Skipped&#34;, &#34;testId&#34;: &#34;tests/test_order/test_runner.py::test_all[test_case4]::setup&#34;, &#34;duration&#34;: &#34;1 ms&#34;, &#34;resultsTableRow&#34;: [&#34;&lt;td class=\&#34;col-result\&#34;&gt;Skipped&lt;/td&gt;&#34;, &#34;&lt;td class=\&#34;col-testId\&#34;&gt;tests/test_order/test_runner.py::test_all[test_case4]::setup&lt;/td&gt;&#34;, &#34;&lt;td class=\&#34;col-duration\&#34;&gt;1 ms&lt;/td&gt;&#34;, &#34;&lt;td class=\&#34;col-links\&#34;&gt;&lt;/td&gt;&#34;], &#34;log&#34;: &#34;(&amp;#x27;C:\\\\Users\\\\jasur.turgunov\\\\Desktop\\\\ish\\\\Smartup_testlar\\\\tests\\\\test_order\\\\test_runner.py&amp;#x27;, 117, &amp;quot;Skipped: \u274c Oldingi test fail bo&amp;#x27;lgani uchun bu test o&amp;#x27;tkazib yuborildi!&amp;quot;)\n&#34;}], &#34;tests/test_order/test_runner.py::test_all[test_case5]&#34;: [{&#34;extras&#34;: [], &#34;result&#34;: &#34;Skipped&#34;, &#34;testId&#34;: &#34;tests/test_order/test_runner.py::test_all[test_case5]::setup&#34;, &#34;duration&#34;: &#34;2 ms&#34;, &#34;resultsTableRow&#34;: [&#34;&lt;td class=\&#34;col-result\&#34;&gt;Skipped&lt;/td&gt;&#34;, &#34;&lt;td class=\&#34;col-testId\&#34;&gt;tests/test_order/test_runner.py::test_all[test_case5]::setup&lt;/td&gt;&#34;, &#34;&lt;td class=\&#34;col-duration\&#34;&gt;2 ms&lt;/td&gt;&#34;, &#34;&lt;td class=\&#34;col-links\&#34;&gt;&lt;/td&gt;&#34;], &#34;log&#34;: &#34;(&amp;#x27;C:\\\\Users\\\\jasur.turgunov\\\\Desktop\\\\ish\\\\Smartup_testlar\\\\tests\\\\test_order\\\\test_runner.py&amp;#x27;, 117, &amp;quot;Skipped: \u274c Oldingi test fail bo&amp;#x27;lgani uchun bu test o&amp;#x27;tkazib yuborildi!&amp;quot;)\n&#34;}], &#34;tests/test_order/test_runner.py::test_all[test_case6]&#34;: [{&#34;extras&#34;: [], &#34;result&#34;: &#34;Skipped&#34;, &#34;testId&#34;: &#34;tests/test_order/test_runner.py::test_all[test_case6]::setup&#34;, &#34;duration&#34;: &#34;1 ms&#34;, &#34;resultsTableRow&#34;: [&#34;&lt;td class=\&#34;col-result\&#34;&gt;Skipped&lt;/td&gt;&#34;, &#34;&lt;td class=\&#34;col-testId\&#34;&gt;tests/test_order/test_runner.py::test_all[test_case6]::setup&lt;/td&gt;&#34;, &#34;&lt;td class=\&#34;col-duration\&#34;&gt;1 ms&lt;/td&gt;&#34;, &#34;&lt;td class=\&#34;col-links\&#34;&gt;&lt;/td&gt;&#34;], &#34;log&#34;: &#34;(&amp;#x27;C:\\\\Users\\\\jasur.turgunov\\\\Desktop\\\\ish\\\\Smartup_testlar\\\\tests\\\\test_order\\\\test_runner.py&amp;#x27;, 117, &amp;quot;Skipped: \u274c Oldingi test fail bo&amp;#x27;lgani uchun bu test o&amp;#x27;tkazib yuborildi!&amp;quot;)\n&#34;}], &#34;tests/test_order/test_runner.py::test_all[test_case7]&#34;: [{&#34;extras&#34;: [], &#34;result&#34;: &#34;Skipped&#34;, &#34;testId&#34;: &#34;tests/test_order/test_runner.py::test_all[test_case7]::setup&#34;, &#34;duration&#34;: &#34;1 ms&#34;, &#34;resultsTableRow&#34;: [&#34;&lt;td class=\&#34;col-result\&#34;&gt;Skipped&lt;/td&gt;&#34;, &#34;&lt;td class=\&#34;col-testId\&#34;&gt;tests/test_order/test_runner.py::test_all[test_case7]::setup&lt;/td&gt;&#34;, &#34;&lt;td class=\&#34;col-duration\&#34;&gt;1 ms&lt;/td&gt;&#34;, &#34;&lt;td class=\&#34;col-links\&#34;&gt;&lt;/td&gt;&#34;], &#34;log&#34;: &#34;(&amp;#x27;C:\\\\Users\\\\jasur.turgunov\\\\Desktop\\\\ish\\\\Smartup_testlar\\\\tests\\\\test_order\\\\test_runner.py&amp;#x27;, 117, &amp;quot;Skipped: \u274c Oldingi test fail bo&amp;#x27;lgani uchun bu test o&amp;#x27;tkazib yuborildi!&amp;quot;)\n&#34;}], &#34;tests/test_order/test_runner.py::test_all[test_case8]&#34;: [{&#34;extras&#34;: [], &#34;result&#34;: &#34;Skipped&#34;, &#34;testId&#34;: &#34;tests/test_order/test_runner.py::test_all[test_case8]::setup&#34;, &#34;duration&#34;: &#34;3 ms&#34;, &#34;resultsTableRow&#34;: [&#34;&lt;td class=\&#34;col-result\&#34;&gt;Skipped&lt;/td&gt;&#34;, &#34;&lt;td class=\&#34;col-testId\&#34;&gt;tests/test_order/test_runner.py::test_all[test_case8]::setup&lt;/td&gt;&#34;, &#34;&lt;td class=\&#34;col-duration\&#34;&gt;3 ms&lt;/td&gt;&#34;, &#34;&lt;td class=\&#34;col-links\&#34;&gt;&lt;/td&gt;&#34;], &#34;log&#34;: &#34;(&amp;#x27;C:\\\\Users\\\\jasur.turgunov\\\\Desktop\\\\ish\\\\Smartup_testlar\\\\tests\\\\test_order\\\\test_runner.py&amp;#x27;, 117, &amp;quot;Skipped: \u274c Oldingi test fail bo&amp;#x27;lgani uchun bu test o&amp;#x27;tkazib yuborildi!&amp;quot;)\n&#34;}], &#34;tests/test_order/test_runner.py::test_all[test_case9]&#34;: [{&#34;extras&#34;: [], &#34;result&#34;: &#34;Skipped&#34;, &#34;testId&#34;: &#34;tests/test_order/test_runner.py::test_all[test_case9]::setup&#34;, &#34;duration&#34;: &#34;2 ms&#34;, &#34;resultsTableRow&#34;: [&#34;&lt;td class=\&#34;col-result\&#34;&gt;Skipped&lt;/td&gt;&#34;, &#34;&lt;td class=\&#34;col-testId\&#34;&gt;tests/test_order/test_runner.py::test_all[test_case9]::setup&lt;/td&gt;&#34;, &#34;&lt;td class=\&#34;col-duration\&#34;&gt;2 ms&lt;/td&gt;&#34;, &#34;&lt;td class=\&#34;col-links\&#34;&gt;&lt;/td&gt;&#34;], &#34;log&#34;: &#34;(&amp;#x27;C:\\\\Users\\\\jasur.turgunov\\\\Desktop\\\\ish\\\\Smartup_testlar\\\\tests\\\\test_order\\\\test_runner.py&amp;#x27;, 117, &amp;quot;Skipped: \u274c Oldingi test fail bo&amp;#x27;lgani uchun bu test o&amp;#x27;tkazib yuborildi!&amp;quot;)\n&#34;}], &#34;tests/test_order/test_runner.py::test_all[test_case10]&#34;: [{&#34;extras&#34;: [], &#34;result&#34;: &#34;Skipped&#34;, &#34;testId&#34;: &#34;tests/test_order/test_runner.py::test_all[test_case10]::setup&#34;, &#34;duration&#34;: &#34;2 ms&#34;, &#34;resultsTableRow&#34;: [&#34;&lt;td class=\&#34;col-result\&#34;&gt;Skipped&lt;/td&gt;&#34;, &#34;&lt;td class=\&#34;col-testId\&#34;&gt;tests/test_order/test_runner.py::test_all[test_case10]::setup&lt;/td&gt;&#34;, &#34;&lt;td class=\&#34;col-duration\&#34;&gt;2 ms&lt;/td&gt;&#34;, &#34;&lt;td class=\&#34;col-links\&#34;&gt;&lt;/td&gt;&#34;], &#34;log&#34;: &#34;(&amp;#x27;C:\\\\Users\\\\jasur.turgunov\\\\Desktop\\\\ish\\\\Smartup_testlar\\\\tests\\\\test_order\\\\test_runner.py&amp;#x27;, 117, &amp;quot;Skipped: \u274c Oldingi test fail bo&amp;#x27;lgani uchun bu test o&amp;#x27;tkazib yuborildi!&amp;quot;)\n&#34;}], &#34;tests/test_order/test_runner.py::test_all[test_case11]&#34;: [{&#34;extras&#34;: [], &#34;result&#34;: &#34;Skipped&#34;, &#34;testId&#34;: &#34;tests/test_order/test_runner.py::test_all[test_case11]::setup&#34;, &#34;duration&#34;: &#34;3 ms&#34;, &#34;resultsTableRow&#34;: [&#34;&lt;td class=\&#34;col-result\&#34;&gt;Skipped&lt;/td&gt;&#34;, &#34;&lt;td class=\&#34;col-testId\&#34;&gt;tests/test_order/test_runner.py::test_all[test_case11]::setup&lt;/td&gt;&#34;, &#34;&lt;td class=\&#34;col-duration\&#34;&gt;3 ms&lt;/td&gt;&#34;, &#34;&lt;td class=\&#34;col-links\&#34;&gt;&lt;/td&gt;&#34;], &#34;log&#34;: &#34;(&amp;#x27;C:\\\\Users\\\\jasur.turgunov\\\\Desktop\\\\ish\\\\Smartup_testlar\\\\tests\\\\test_order\\\\test_runner.py&amp;#x27;, 117, &amp;quot;Skipped: \u274c Oldingi test fail bo&amp;#x27;lgani uchun bu test o&amp;#x27;tkazib yuborildi!&amp;quot;)\n&#34;}], &#34;tests/test_order/test_runner.py::test_all[test_case12]&#34;: [{&#34;extras&#34;: [], &#34;result&#34;: &#34;Skipped&#34;, &#34;testId&#34;: &#34;tests/test_order/test_runner.py::test_all[test_case12]::setup&#34;, &#34;duration&#34;: &#34;2 ms&#34;, &#34;resultsTableRow&#34;: [&#34;&lt;td class=\&#34;col-result\&#34;&gt;Skipped&lt;/td&gt;&#34;, &#34;&lt;td class=\&#34;col-testId\&#34;&gt;tests/test_order/test_runner.py::test_all[test_case12]::setup&lt;/td&gt;&#34;, &#34;&lt;td class=\&#34;col-duration\&#34;&gt;2 ms&lt;/td&gt;&#34;, &#34;&lt;td class=\&#34;col-links\&#34;&gt;&lt;/td&gt;&#34;], &#34;log&#34;: &#34;(&amp;#x27;C:\\\\Users\\\\jasur.turgunov\\\\Desktop\\\\ish\\\\Smartup_testlar\\\\tests\\\\test_order\\\\test_runner.py&amp;#x27;, 117, &amp;quot;Skipped: \u274c Oldingi test fail bo&amp;#x27;lgani uchun bu test o&amp;#x27;tkazib yuborildi!&amp;quot;)\n&#34;}], &#34;tests/test_order/test_runner.py::test_all[test_case13]&#34;: [{&#34;extras&#34;: [], &#34;result&#34;: &#34;Skipped&#34;, &#34;testId&#34;: &#34;tests/test_order/test_runner.py::test_all[test_case13]::setup&#34;, &#34;duration&#34;: &#34;2 ms&#34;, &#34;resultsTableRow&#34;: [&#34;&lt;td class=\&#34;col-result\&#34;&gt;Skipped&lt;/td&gt;&#34;, &#34;&lt;td class=\&#34;col-testId\&#34;&gt;tests/test_order/test_runner.py::test_all[test_case13]::setup&lt;/td&gt;&#34;, &#34;&lt;td class=\&#34;col-duration\&#34;&gt;2 ms&lt;/td&gt;&#34;, &#34;&lt;td class=\&#34;col-links\&#34;&gt;&lt;/td&gt;&#34;], &#34;log&#34;: &#34;(&amp;#x27;C:\\\\Users\\\\jasur.turgunov\\\\Desktop\\\\ish\\\\Smartup_testlar\\\\tests\\\\test_order\\\\test_runner.py&amp;#x27;, 117, &amp;quot;Skipped: \u274c Oldingi test fail bo&amp;#x27;lgani uchun bu test o&amp;#x27;tkazib yuborildi!&amp;quot;)\n&#34;}], &#34;tests/test_order/test_runner.py::test_all[test_case14]&#34;: [{&#34;extras&#34;: [], &#34;result&#34;: &#34;Skipped&#34;, &#34;testId&#34;: &#34;tests/test_order/test_runner.py::test_all[test_case14]::setup&#34;, &#34;duration&#34;: &#34;2 ms&#34;, &#34;resultsTableRow&#34;: [&#34;&lt;td class=\&#34;col-result\&#34;&gt;Skipped&lt;/td&gt;&#34;, &#34;&lt;td class=\&#34;col-testId\&#34;&gt;tests/test_order/test_runner.py::test_all[test_case14]::setup&lt;/td&gt;&#34;, &#34;&lt;td class=\&#34;col-duration\&#34;&gt;2 ms&lt;/td&gt;&#34;, &#34;&lt;td class=\&#34;col-links\&#34;&gt;&lt;/td&gt;&#34;], &#34;log&#34;: &#34;(&amp;#x27;C:\\\\Users\\\\jasur.turgunov\\\\Desktop\\\\ish\\\\Smartup_testlar\\\\tests\\\\test_order\\\\test_runner.py&amp;#x27;, 117, &amp;quot;Skipped: \u274c Oldingi test fail bo&amp;#x27;lgani uchun bu test o&amp;#x27;tkazib yuborildi!&amp;quot;)\n&#34;}], &#34;tests/test_order/test_runner.py::test_all[test_case15]&#34;: [{&#34;extras&#34;: [], &#34;result&#34;: &#34;Skipped&#34;, &#34;testId&#34;: &#34;tests/test_order/test_runner.py::test_all[test_case15]::setup&#34;, &#34;duration&#34;: &#34;2 ms&#34;, &#34;resultsTableRow&#34;: [&#34;&lt;td class=\&#34;col-result\&#34;&gt;Skipped&lt;/td&gt;&#34;, &#34;&lt;td class=\&#34;col-testId\&#34;&gt;tests/test_order/test_runner.py::test_all[test_case15]::setup&lt;/td&gt;&#34;, &#34;&lt;td class=\&#34;col-duration\&#34;&gt;2 ms&lt;/td&gt;&#34;, &#34;&lt;td class=\&#34;col-links\&#34;&gt;&lt;/td&gt;&#34;], &#34;log&#34;: &#34;(&amp;#x27;C:\\\\Users\\\\jasur.turgunov\\\\Desktop\\\\ish\\\\Smartup_testlar\\\\tests\\\\test_order\\\\test_runner.py&amp;#x27;, 117, &amp;quot;Skipped: \u274c Oldingi test fail bo&amp;#x27;lgani uchun bu test o&amp;#x27;tkazib yuborildi!&amp;quot;)\n&#34;}], &#34;tests/test_order/test_runner.py::test_all[test_case16]&#34;: [{&#34;extras&#34;: [], &#34;result&#34;: &#34;Skipped&#34;, &#34;testId&#34;: &#34;tests/test_order/test_runner.py::test_all[test_case16]::setup&#34;, &#34;duration&#34;: &#34;1 ms&#34;, &#34;resultsTableRow&#34;: [&#34;&lt;td class=\&#34;col-result\&#34;&gt;Skipped&lt;/td&gt;&#34;, &#34;&lt;td class=\&#34;col-testId\&#34;&gt;tests/test_order/test_runner.py::test_all[test_case16]::setup&lt;/td&gt;&#34;, &#34;&lt;td class=\&#34;col-duration\&#34;&gt;1 ms&lt;/td&gt;&#34;, &#34;&lt;td class=\&#34;col-links\&#34;&gt;&lt;/td&gt;&#34;], &#34;log&#34;: &#34;(&amp;#x27;C:\\\\Users\\\\jasur.turgunov\\\\Desktop\\\\ish\\\\Smartup_testlar\\\\tests\\\\test_order\\\\test_runner.py&amp;#x27;, 117, &amp;quot;Skipped: \u274c Oldingi test fail bo&amp;#x27;lgani uchun bu test o&amp;#x27;tkazib yuborildi!&amp;quot;)\n&#34;}], &#34;tests/test_order/test_runner.py::test_all[test_case17]&#34;: [{&#34;extras&#34;: [], &#34;result&#34;: &#34;Skipped&#34;, &#34;testId&#34;: &#34;tests/test_order/test_runner.py::test_all[test_case17]::setup&#34;, &#34;duration&#34;: &#34;2 ms&#34;, &#34;resultsTableRow&#34;: [&#34;&lt;td class=\&#34;col-result\&#34;&gt;Skipped&lt;/td&gt;&#34;, &#34;&lt;td class=\&#34;col-testId\&#34;&gt;tests/test_order/test_runner.py::test_all[test_case17]::setup&lt;/td&gt;&#34;, &#34;&lt;td class=\&#34;col-duration\&#34;&gt;2 ms&lt;/td&gt;&#34;, &#34;&lt;td class=\&#34;col-links\&#34;&gt;&lt;/td&gt;&#34;], &#34;log&#34;: &#34;(&amp;#x27;C:\\\\Users\\\\jasur.turgunov\\\\Desktop\\\\ish\\\\Smartup_testlar\\\\tests\\\\test_order\\\\test_runner.py&amp;#x27;, 117, &amp;quot;Skipped: \u274c Oldingi test fail bo&amp;#x27;lgani uchun bu test o&amp;#x27;tkazib yuborildi!&amp;quot;)\n&#34;}], &#34;tests/test_order/test_runner.py::test_all[test_case18]&#34;: [{&#34;extras&#34;: [], &#34;result&#34;: &#34;Skipped&#34;, &#34;testId&#34;: &#34;tests/test_order/test_runner.py::test_all[test_case18]::setup&#34;, &#34;duration&#34;: &#34;2 ms&#34;, &#34;resultsTableRow&#34;: [&#34;&lt;td class=\&#34;col-result\&#34;&gt;Skipped&lt;/td&gt;&#34;, &#34;&lt;td class=\&#34;col-testId\&#34;&gt;tests/test_order/test_runner.py::test_all[test_case18]::setup&lt;/td&gt;&#34;, &#34;&lt;td class=\&#34;col-duration\&#34;&gt;2 ms&lt;/td&gt;&#34;, &#34;&lt;td class=\&#34;col-links\&#34;&gt;&lt;/td&gt;&#34;], &#34;log&#34;: &#34;(&amp;#x27;C:\\\\Users\\\\jasur.turgunov\\\\Desktop\\\\ish\\\\Smartup_testlar\\\\tests\\\\test_order\\\\test_runner.py&amp;#x27;, 117, &amp;quot;Skipped: \u274c Oldingi test fail bo&amp;#x27;lgani uchun bu test o&amp;#x27;tkazib yuborildi!&amp;quot;)\n&#34;}], &#34;tests/test_order/test_runner.py::test_all[test_case19]&#34;: [{&#34;extras&#34;: [], &#34;result&#34;: &#34;Skipped&#34;, &#34;testId&#34;: &#34;tests/test_order/test_runner.py::test_all[test_case19]::setup&#34;, &#34;duration&#34;: &#34;2 ms&#34;, &#34;resultsTableRow&#34;: [&#34;&lt;td class=\&#34;col-result\&#34;&gt;Skipped&lt;/td&gt;&#34;, &#34;&lt;td class=\&#34;col-testId\&#34;&gt;tests/test_order/test_runner.py::test_all[test_case19]::setup&lt;/td&gt;&#34;, &#34;&lt;td class=\&#34;col-duration\&#34;&gt;2 ms&lt;/td&gt;&#34;, &#34;&lt;td class=\&#34;col-links\&#34;&gt;&lt;/td&gt;&#34;], &#34;log&#34;: &#34;(&amp;#x27;C:\\\\Users\\\\jasur.turgunov\\\\Desktop\\\\ish\\\\Smartup_testlar\\\\tests\\\\test_order\\\\test_runner.py&amp;#x27;, 117, &amp;quot;Skipped: \u274c Oldingi test fail bo&amp;#x27;lgani uchun bu test o&amp;#x27;tkazib yuborildi!&amp;quot;)\n&#34;}], &#34;tests/test_order/test_runner.py::test_all[test_case20]&#34;: [{&#34;extras&#34;: [], &#34;result&#34;: &#34;Skipped&#34;, &#34;testId&#34;: &#34;tests/test_order/test_runner.py::test_all[test_case20]::setup&#34;, &#34;duration&#34;: &#34;2 ms&#34;, &#34;resultsTableRow&#34;: [&#34;&lt;td class=\&#34;col-result\&#34;&gt;Skipped&lt;/td&gt;&#34;, &#34;&lt;td class=\&#34;col-testId\&#34;&gt;tests/test_order/test_runner.py::test_all[test_case20]::setup&lt;/td&gt;&#34;, &#34;&lt;td class=\&#34;col-duration\&#34;&gt;2 ms&lt;/td&gt;&#34;, &#34;&lt;td class=\&#34;col-links\&#34;&gt;&lt;/td&gt;&#34;], &#34;log&#34;: &#34;(&amp;#x27;C:\\\\Users\\\\jasur.turgunov\\\\Desktop\\\\ish\\\\Smartup_testlar\\\\tests\\\\test_order\\\\test_runner.py&amp;#x27;, 117, &amp;quot;Skipped: \u274c Oldingi test fail bo&amp;#x27;lgani uchun bu test o&amp;#x27;tkazib yuborildi!&amp;quot;)\n&#34;}], &#34;tests/test_order/test_runner.py::test_all[test_case21]&#34;: [{&#34;extras&#34;: [], &#34;result&#34;: &#34;Skipped&#34;, &#34;testId&#34;: &#34;tests/test_order/test_runner.py::test_all[test_case21]::setup&#34;, &#34;duration&#34;: &#34;2 ms&#34;, &#34;resultsTableRow&#34;: [&#34;&lt;td class=\&#34;col-result\&#34;&gt;Skipped&lt;/td&gt;&#34;, &#34;&lt;td class=\&#34;col-testId\&#34;&gt;tests/test_order/test_runner.py::test_all[test_case21]::setup&lt;/td&gt;&#34;, &#34;&lt;td class=\&#34;col-duration\&#34;&gt;2 ms&lt;/td&gt;&#34;, &#34;&lt;td class=\&#34;col-links\&#34;&gt;&lt;/td&gt;&#34;], &#34;log&#34;: &#34;(&amp;#x27;C:\\\\Users\\\\jasur.turgunov\\\\Desktop\\\\ish\\\\Smartup_testlar\\\\tests\\\\test_order\\\\test_runner.py&amp;#x27;, 117, &amp;quot;Skipped: \u274c Oldingi test fail bo&amp;#x27;lgani uchun bu test o&amp;#x27;tkazib yuborildi!&amp;quot;)\n&#34;}], &#34;tests/test_order/test_runner.py::test_all[test_case22]&#34;: [{&#34;extras&#34;: [], &#34;result&#34;: &#34;Skipped&#34;, &#34;testId&#34;: &#34;tests/test_order/test_runner.py::test_all[test_case22]::setup&#34;, &#34;duration&#34;: &#34;2 ms&#34;, &#34;resultsTableRow&#34;: [&#34;&lt;td class=\&#34;col-result\&#34;&gt;Skipped&lt;/td&gt;&#34;, &#34;&lt;td class=\&#34;col-testId\&#34;&gt;tests/test_order/test_runner.py::test_all[test_case22]::setup&lt;/td&gt;&#34;, &#34;&lt;td class=\&#34;col-duration\&#34;&gt;2 ms&lt;/td&gt;&#34;, &#34;&lt;td class=\&#34;col-links\&#34;&gt;&lt;/td&gt;&#34;], &#34;log&#34;: &#34;(&amp;#x27;C:\\\\Users\\\\jasur.turgunov\\\\Desktop\\\\ish\\\\Smartup_testlar\\\\tests\\\\test_order\\\\test_runner.py&amp;#x27;, 117, &amp;quot;Skipped: \u274c Oldingi test fail bo&amp;#x27;lgani uchun bu test o&amp;#x27;tkazib yuborildi!&amp;quot;)\n&#34;}], &#34;tests/test_order/test_runner.py::test_all[test_case23]&#34;: [{&#34;extras&#34;: [], &#34;result&#34;: &#34;Skipped&#34;, &#34;testId&#34;: &#34;tests/test_order/test_runner.py::test_all[test_case23]::setup&#34;, &#34;duration&#34;: &#34;2 ms&#34;, &#34;resultsTableRow&#34;: [&#34;&lt;td class=\&#34;col-result\&#34;&gt;Skipped&lt;/td&gt;&#34;, &#34;&lt;td class=\&#34;col-testId\&#34;&gt;tests/test_order/test_runner.py::test_all[test_case23]::setup&lt;/td&gt;&#34;, &#34;&lt;td class=\&#34;col-duration\&#34;&gt;2 ms&lt;/td&gt;&#34;, &#34;&lt;td class=\&#34;col-links\&#34;&gt;&lt;/td&gt;&#34;], &#34;log&#34;: &#34;(&amp;#x27;C:\\\\Users\\\\jasur.turgunov\\\\Desktop\\\\ish\\\\Smartup_testlar\\\\tests\\\\test_order\\\\test_runner.py&amp;#x27;, 117, &amp;quot;Skipped: \u274c Oldingi test fail bo&amp;#x27;lgani uchun bu test o&amp;#x27;tkazib yuborildi!&amp;quot;)\n&#34;}], &#34;tests/test_order/test_runner.py::test_all[test_case24]&#34;: [{&#34;extras&#34;: [], &#34;result&#34;: &#34;Skipped&#34;, &#34;testId&#34;: &#34;tests/test_order/test_runner.py::test_all[test_case24]::setup&#34;, &#34;duration&#34;: &#34;2 ms&#34;, &#34;resultsTableRow&#34;: [&#34;&lt;td class=\&#34;col-result\&#34;&gt;Skipped&lt;/td&gt;&#34;, &#34;&lt;td class=\&#34;col-testId\&#34;&gt;tests/test_order/test_runner.py::test_all[test_case24]::setup&lt;/td&gt;&#34;, &#34;&lt;td class=\&#34;col-duration\&#34;&gt;2 ms&lt;/td&gt;&#34;, &#34;&lt;td class=\&#34;col-links\&#34;&gt;&lt;/td&gt;&#34;], &#34;log&#34;: &#34;(&amp;#x27;C:\\\\Users\\\\jasur.turgunov\\\\Desktop\\\\ish\\\\Smartup_testlar\\\\tests\\\\test_order\\\\test_runner.py&amp;#x27;, 117, &amp;quot;Skipped: \u274c Oldingi test fail bo&amp;#x27;lgani uchun bu test o&amp;#x27;tkazib yuborildi!&amp;quot;)\n&#34;}], &#34;tests/test_order/test_runner.py::test_all[test_case25]&#34;: [{&#34;extras&#34;: [], &#34;result&#34;: &#34;Skipped&#34;, &#34;testId&#34;: &#34;tests/test_order/test_runner.py::test_all[test_case25]::setup&#34;, &#34;duration&#34;: &#34;2 ms&#34;, &#34;resultsTableRow&#34;: [&#34;&lt;td class=\&#34;col-result\&#34;&gt;Skipped&lt;/td&gt;&#34;, &#34;&lt;td class=\&#34;col-testId\&#34;&gt;tests/test_order/test_runner.py::test_all[test_case25]::setup&lt;/td&gt;&#34;, &#34;&lt;td class=\&#34;col-duration\&#34;&gt;2 ms&lt;/td&gt;&#34;, &#34;&lt;td class=\&#34;col-links\&#34;&gt;&lt;/td&gt;&#34;], &#34;log&#34;: &#34;(&amp;#x27;C:\\\\Users\\\\jasur.turgunov\\\\Desktop\\\\ish\\\\Smartup_testlar\\\\tests\\\\test_order\\\\test_runner.py&amp;#x27;, 117, &amp;quot;Skipped: \u274c Oldingi test fail bo&amp;#x27;lgani uchun bu test o&amp;#x27;tkazib yuborildi!&amp;quot;)\n&#34;}], &#34;tests/test_order/test_runner.py::test_all[test_case26]&#34;: [{&#34;extras&#34;: [], &#34;result&#34;: &#34;Skipped&#34;, &#34;testId&#34;: &#34;tests/test_order/test_runner.py::test_all[test_case26]::setup&#34;, &#34;duration&#34;: &#34;1 ms&#34;, &#34;resultsTableRow&#34;: [&#34;&lt;td class=\&#34;col-result\&#34;&gt;Skipped&lt;/td&gt;&#34;, &#34;&lt;td class=\&#34;col-testId\&#34;&gt;tests/test_order/test_runner.py::test_all[test_case26]::setup&lt;/td&gt;&#34;, &#34;&lt;td class=\&#34;col-duration\&#34;&gt;1 ms&lt;/td&gt;&#34;, &#34;&lt;td class=\&#34;col-links\&#34;&gt;&lt;/td&gt;&#34;], &#34;log&#34;: &#34;(&amp;#x27;C:\\\\Users\\\\jasur.turgunov\\\\Desktop\\\\ish\\\\Smartup_testlar\\\\tests\\\\test_order\\\\test_runner.py&amp;#x27;, 117, &amp;quot;Skipped: \u274c Oldingi test fail bo&amp;#x27;lgani uchun bu test o&amp;#x27;tkazib yuborildi!&amp;quot;)\n&#34;}], &#34;tests/test_order/test_runner.py::test_all[test_case27]&#34;: [{&#34;extras&#34;: [], &#34;result&#34;: &#34;Skipped&#34;, &#34;testId&#34;: &#34;tests/test_order/test_runner.py::test_all[test_case27]::setup&#34;, &#34;duration&#34;: &#34;1 ms&#34;, &#34;resultsTableRow&#34;: [&#34;&lt;td class=\&#34;col-result\&#34;&gt;Skipped&lt;/td&gt;&#34;, &#34;&lt;td class=\&#34;col-testId\&#34;&gt;tests/test_order/test_runner.py::test_all[test_case27]::setup&lt;/td&gt;&#34;, &#34;&lt;td class=\&#34;col-duration\&#34;&gt;1 ms&lt;/td&gt;&#34;, &#34;&lt;td class=\&#34;col-links\&#34;&gt;&lt;/td&gt;&#34;], &#34;log&#34;: &#34;(&amp;#x27;C:\\\\Users\\\\jasur.turgunov\\\\Desktop\\\\ish\\\\Smartup_testlar\\\\tests\\\\test_order\\\\test_runner.py&amp;#x27;, 117, &amp;quot;Skipped: \u274c Oldingi test fail bo&amp;#x27;lgani uchun bu test o&amp;#x27;tkazib yuborildi!&amp;quot;)\n&#34;}], &#34;tests/test_order/test_runner.py::test_all[test_case28]&#34;: [{&#34;extras&#34;: [], &#34;result&#34;: &#34;Skipped&#34;, &#34;testId&#34;: &#34;tests/test_order/test_runner.py::test_all[test_case28]::setup&#34;, &#34;duration&#34;: &#34;2 ms&#34;, &#34;resultsTableRow&#34;: [&#34;&lt;td class=\&#34;col-result\&#34;&gt;Skipped&lt;/td&gt;&#34;, &#34;&lt;td class=\&#34;col-testId\&#34;&gt;tests/test_order/test_runner.py::test_all[test_case28]::setup&lt;/td&gt;&#34;, &#34;&lt;td class=\&#34;col-duration\&#34;&gt;2 ms&lt;/td&gt;&#34;, &#34;&lt;td class=\&#34;col-links\&#34;&gt;&lt;/td&gt;&#34;], &#34;log&#34;: &#34;(&amp;#x27;C:\\\\Users\\\\jasur.turgunov\\\\Desktop\\\\ish\\\\Smartup_testlar\\\\tests\\\\test_order\\\\test_runner.py&amp;#x27;, 117, &amp;quot;Skipped: \u274c Oldingi test fail bo&amp;#x27;lgani uchun bu test o&amp;#x27;tkazib yuborildi!&amp;quot;)\n&#34;}], &#34;tests/test_order/test_runner.py::test_all[test_case29]&#34;: [{&#34;extras&#34;: [], &#34;result&#34;: &#34;Skipped&#34;, &#34;testId&#34;: &#34;tests/test_order/test_runner.py::test_all[test_case29]::setup&#34;, &#34;duration&#34;: &#34;2 ms&#34;, &#34;resultsTableRow&#34;: [&#34;&lt;td class=\&#34;col-result\&#34;&gt;Skipped&lt;/td&gt;&#34;, &#34;&lt;td class=\&#34;col-testId\&#34;&gt;tests/test_order/test_runner.py::test_all[test_case29]::setup&lt;/td&gt;&#34;, &#34;&lt;td class=\&#34;col-duration\&#34;&gt;2 ms&lt;/td&gt;&#34;, &#34;&lt;td class=\&#34;col-links\&#34;&gt;&lt;/td&gt;&#34;], &#34;log&#34;: &#34;(&amp;#x27;C:\\\\Users\\\\jasur.turgunov\\\\Desktop\\\\ish\\\\Smartup_testlar\\\\tests\\\\test_order\\\\test_runner.py&amp;#x27;, 117, &amp;quot;Skipped: \u274c Oldingi test fail bo&amp;#x27;lgani uchun bu test o&amp;#x27;tkazib yuborildi!&amp;quot;)\n&#34;}], &#34;tests/test_order/test_runner.py::test_all[test_case30]&#34;: [{&#34;extras&#34;: [], &#34;result&#34;: &#34;Skipped&#34;, &#34;testId&#34;: &#34;tests/test_order/test_runner.py::test_all[test_case30]::setup&#34;, &#34;duration&#34;: &#34;1 ms&#34;, &#34;resultsTableRow&#34;: [&#34;&lt;td class=\&#34;col-result\&#34;&gt;Skipped&lt;/td&gt;&#34;, &#34;&lt;td class=\&#34;col-testId\&#34;&gt;tests/test_order/test_runner.py::test_all[test_case30]::setup&lt;/td&gt;&#34;, &#34;&lt;td class=\&#34;col-duration\&#34;&gt;1 ms&lt;/td&gt;&#34;, &#34;&lt;td class=\&#34;col-links\&#34;&gt;&lt;/td&gt;&#34;], &#34;log&#34;: &#34;(&amp;#x27;C:\\\\Users\\\\jasur.turgunov\\\\Desktop\\\\ish\\\\Smartup_testlar\\\\tests\\\\test_order\\\\test_runner.py&amp;#x27;, 117, &amp;quot;Skipped: \u274c Oldingi test fail bo&amp;#x27;lgani uchun bu test o&amp;#x27;tkazib yuborildi!&amp;quot;)\n&#34;}], &#34;tests/test_order/test_runner.py::test_all[test_case31]&#34;: [{&#34;extras&#34;: [], &#34;result&#34;: &#34;Skipped&#34;, &#34;testId&#34;: &#34;tests/test_order/test_runner.py::test_all[test_case31]::setup&#34;, &#34;duration&#34;: &#34;2 ms&#34;, &#34;resultsTableRow&#34;: [&#34;&lt;td class=\&#34;col-result\&#34;&gt;Skipped&lt;/td&gt;&#34;, &#34;&lt;td class=\&#34;col-testId\&#34;&gt;tests/test_order/test_runner.py::test_all[test_case31]::setup&lt;/td&gt;&#34;, &#34;&lt;td class=\&#34;col-duration\&#34;&gt;2 ms&lt;/td&gt;&#34;, &#34;&lt;td class=\&#34;col-links\&#34;&gt;&lt;/td&gt;&#34;], &#34;log&#34;: &#34;(&amp;#x27;C:\\\\Users\\\\jasur.turgunov\\\\Desktop\\\\ish\\\\Smartup_testlar\\\\tests\\\\test_order\\\\test_runner.py&amp;#x27;, 117, &amp;quot;Skipped: \u274c Oldingi test fail bo&amp;#x27;lgani uchun bu test o&amp;#x27;tkazib yuborildi!&amp;quot;)\n&#34;}], &#34;tests/test_order/test_runner.py::test_all[test_case32]&#34;: [{&#34;extras&#34;: [], &#34;result&#34;: &#34;Skipped&#34;, &#34;testId&#34;: &#34;tests/test_order/test_runner.py::test_all[test_case32]::setup&#34;, &#34;duration&#34;: &#34;2 ms&#34;, &#34;resultsTableRow&#34;: [&#34;&lt;td class=\&#34;col-result\&#34;&gt;Skipped&lt;/td&gt;&#34;, &#34;&lt;td class=\&#34;col-testId\&#34;&gt;tests/test_order/test_runner.py::test_all[test_case32]::setup&lt;/td&gt;&#34;, &#34;&lt;td class=\&#34;col-duration\&#34;&gt;2 ms&lt;/td&gt;&#34;, &#34;&lt;td class=\&#34;col-links\&#34;&gt;&lt;/td&gt;&#34;], &#34;log&#34;: &#34;(&amp;#x27;C:\\\\Users\\\\jasur.turgunov\\\\Desktop\\\\ish\\\\Smartup_testlar\\\\tests\\\\test_order\\\\test_runner.py&amp;#x27;, 117, &amp;quot;Skipped: \u274c Oldingi test fail bo&amp;#x27;lgani uchun bu test o&amp;#x27;tkazib yuborildi!&amp;quot;)\n&#34;}], &#34;tests/test_order/test_runner.py::test_all[test_case33]&#34;: [{&#34;extras&#34;: [], &#34;result&#34;: &#34;Skipped&#34;, &#34;testId&#34;: &#34;tests/test_order/test_runner.py::test_all[test_case33]::setup&#34;, &#34;duration&#34;: &#34;1 ms&#34;, &#34;resultsTableRow&#34;: [&#34;&lt;td class=\&#34;col-result\&#34;&gt;Skipped&lt;/td&gt;&#34;, &#34;&lt;td class=\&#34;col-testId\&#34;&gt;tests/test_order/test_runner.py::test_all[test_case33]::setup&lt;/td&gt;&#34;, &#34;&lt;td class=\&#34;col-duration\&#34;&gt;1 ms&lt;/td&gt;&#34;, &#34;&lt;td class=\&#34;col-links\&#34;&gt;&lt;/td&gt;&#34;], &#34;log&#34;: &#34;(&amp;#x27;C:\\\\Users\\\\jasur.turgunov\\\\Desktop\\\\ish\\\\Smartup_testlar\\\\tests\\\\test_order\\\\test_runner.py&amp;#x27;, 117, &amp;quot;Skipped: \u274c Oldingi test fail bo&amp;#x27;lgani uchun bu test o&amp;#x27;tkazib yuborildi!&amp;quot;)\n&#34;}], &#34;tests/test_order/test_runner.py::test_all[test_case34]&#34;: [{&#34;extras&#34;: [], &#34;result&#34;: &#34;Skipped&#34;, &#34;testId&#34;: &#34;tests/test_order/test_runner.py::test_all[test_case34]::setup&#34;, &#34;duration&#34;: &#34;1 ms&#34;, &#34;resultsTableRow&#34;: [&#34;&lt;td class=\&#34;col-result\&#34;&gt;Skipped&lt;/td&gt;&#34;, &#34;&lt;td class=\&#34;col-testId\&#34;&gt;tests/test_order/test_runner.py::test_all[test_case34]::setup&lt;/td&gt;&#34;, &#34;&lt;td class=\&#34;col-duration\&#34;&gt;1 ms&lt;/td&gt;&#34;, &#34;&lt;td class=\&#34;col-links\&#34;&gt;&lt;/td&gt;&#34;], &#34;log&#34;: &#34;(&amp;#x27;C:\\\\Users\\\\jasur.turgunov\\\\Desktop\\\\ish\\\\Smartup_testlar\\\\tests\\\\test_order\\\\test_runner.py&amp;#x27;, 117, &amp;quot;Skipped: \u274c Oldingi test fail bo&amp;#x27;lgani uchun bu test o&amp;#x27;tkazib yuborildi!&amp;quot;)\n&#34;}], &#34;tests/test_order/test_runner.py::test_all[test_case35]&#34;: [{&#34;extras&#34;: [], &#34;result&#34;: &#34;Skipped&#34;, &#34;testId&#34;: &#34;tests/test_order/test_runner.py::test_all[test_case35]::setup&#34;, &#34;duration&#34;: &#34;2 ms&#34;, &#34;resultsTableRow&#34;: [&#34;&lt;td class=\&#34;col-result\&#34;&gt;Skipped&lt;/td&gt;&#34;, &#34;&lt;td class=\&#34;col-testId\&#34;&gt;tests/test_order/test_runner.py::test_all[test_case35]::setup&lt;/td&gt;&#34;, &#34;&lt;td class=\&#34;col-duration\&#34;&gt;2 ms&lt;/td&gt;&#34;, &#34;&lt;td class=\&#34;col-links\&#34;&gt;&lt;/td&gt;&#34;], &#34;log&#34;: &#34;(&amp;#x27;C:\\\\Users\\\\jasur.turgunov\\\\Desktop\\\\ish\\\\Smartup_testlar\\\\tests\\\\test_order\\\\test_runner.py&amp;#x27;, 117, &amp;quot;Skipped: \u274c Oldingi test fail bo&amp;#x27;lgani uchun bu test o&amp;#x27;tkazib yuborildi!&amp;quot;)\n&#34;}], &#34;tests/test_order/test_runner.py::test_all[test_case36]&#34;: [{&#34;extras&#34;: [], &#34;result&#34;: &#34;Skipped&#34;, &#34;testId&#34;: &#34;tests/test_order/test_runner.py::test_all[test_case36]::setup&#34;, &#34;duration&#34;: &#34;1 ms&#34;, &#34;resultsTableRow&#34;: [&#34;&lt;td class=\&#34;col-result\&#34;&gt;Skipped&lt;/td&gt;&#34;, &#34;&lt;td class=\&#34;col-testId\&#34;&gt;tests/test_order/test_runner.py::test_all[test_case36]::setup&lt;/td&gt;&#34;, &#34;&lt;td class=\&#34;col-duration\&#34;&gt;1 ms&lt;/td&gt;&#34;, &#34;&lt;td class=\&#34;col-links\&#34;&gt;&lt;/td&gt;&#34;], &#34;log&#34;: &#34;(&amp;#x27;C:\\\\Users\\\\jasur.turgunov\\\\Desktop\\\\ish\\\\Smartup_testlar\\\\tests\\\\test_order\\\\test_runner.py&amp;#x27;, 117, &amp;quot;Skipped: \u274c Oldingi test fail bo&amp;#x27;lgani uchun bu test o&amp;#x27;tkazib yuborildi!&amp;quot;)\n&#34;}], &#34;tests/test_order/test_runner.py::test_all[test_case37]&#34;: [{&#34;extras&#34;: [], &#34;result&#34;: &#34;Skipped&#34;, &#34;testId&#34;: &#34;tests/test_order/test_runner.py::test_all[test_case37]::setup&#34;, &#34;duration&#34;: &#34;1 ms&#34;, &#34;resultsTableRow&#34;: [&#34;&lt;td class=\&#34;col-result\&#34;&gt;Skipped&lt;/td&gt;&#34;, &#34;&lt;td class=\&#34;col-testId\&#34;&gt;tests/test_order/test_runner.py::test_all[test_case37]::setup&lt;/td&gt;&#34;, &#34;&lt;td class=\&#34;col-duration\&#34;&gt;1 ms&lt;/td&gt;&#34;, &#34;&lt;td class=\&#34;col-links\&#34;&gt;&lt;/td&gt;&#34;], &#34;log&#34;: &#34;(&amp;#x27;C:\\\\Users\\\\jasur.turgunov\\\\Desktop\\\\ish\\\\Smartup_testlar\\\\tests\\\\test_order\\\\test_runner.py&amp;#x27;, 117, &amp;quot;Skipped: \u274c Oldingi test fail bo&amp;#x27;lgani uchun bu test o&amp;#x27;tkazib yuborildi!&amp;quot;)\n&#34;}], &#34;tests/test_order/test_runner.py::test_all[test_case38]&#34;: [{&#34;extras&#34;: [], &#34;result&#34;: &#34;Skipped&#34;, &#34;testId&#34;: &#34;tests/test_order/test_runner.py::test_all[test_case38]::setup&#34;, &#34;duration&#34;: &#34;2 ms&#34;, &#34;resultsTableRow&#34;: [&#34;&lt;td class=\&#34;col-result\&#34;&gt;Skipped&lt;/td&gt;&#34;, &#34;&lt;td class=\&#34;col-testId\&#34;&gt;tests/test_order/test_runner.py::test_all[test_case38]::setup&lt;/td&gt;&#34;, &#34;&lt;td class=\&#34;col-duration\&#34;&gt;2 ms&lt;/td&gt;&#34;, &#34;&lt;td class=\&#34;col-links\&#34;&gt;&lt;/td&gt;&#34;], &#34;log&#34;: &#34;(&amp;#x27;C:\\\\Users\\\\jasur.turgunov\\\\Desktop\\\\ish\\\\Smartup_testlar\\\\tests\\\\test_order\\\\test_runner.py&amp;#x27;, 117, &amp;quot;Skipped: \u274c Oldingi test fail bo&amp;#x27;lgani uchun bu test o&amp;#x27;tkazib yuborildi!&amp;quot;)\n&#34;}], &#34;tests/test_order/test_runner.py::test_all[test_case39]&#34;: [{&#34;extras&#34;: [], &#34;result&#34;: &#34;Skipped&#34;, &#34;testId&#34;: &#34;tests/test_order/test_runner.py::test_all[test_case39]::setup&#34;, &#34;duration&#34;: &#34;2 ms&#34;, &#34;resultsTableRow&#34;: [&#34;&lt;td class=\&#34;col-result\&#34;&gt;Skipped&lt;/td&gt;&#34;, &#34;&lt;td class=\&#34;col-testId\&#34;&gt;tests/test_order/test_runner.py::test_all[test_case39]::setup&lt;/td&gt;&#34;, &#34;&lt;td class=\&#34;col-duration\&#34;&gt;2 ms&lt;/td&gt;&#34;, &#34;&lt;td class=\&#34;col-links\&#34;&gt;&lt;/td&gt;&#34;], &#34;log&#34;: &#34;(&amp;#x27;C:\\\\Users\\\\jasur.turgunov\\\\Desktop\\\\ish\\\\Smartup_testlar\\\\tests\\\\test_order\\\\test_runner.py&amp;#x27;, 117, &amp;quot;Skipped: \u274c Oldingi test fail bo&amp;#x27;lgani uchun bu test o&amp;#x27;tkazib yuborildi!&amp;quot;)\n&#34;}], &#34;tests/test_order/test_runner.py::test_all[test_case40]&#34;: [{&#34;extras&#34;: [], &#34;result&#34;: &#34;Skipped&#34;, &#34;testId&#34;: &#34;tests/test_order/test_runner.py::test_all[test_case40]::setup&#34;, &#34;duration&#34;: &#34;2 ms&#34;, &#34;resultsTableRow&#34;: [&#34;&lt;td class=\&#34;col-result\&#34;&gt;Skipped&lt;/td&gt;&#34;, &#34;&lt;td class=\&#34;col-testId\&#34;&gt;tests/test_order/test_runner.py::test_all[test_case40]::setup&lt;/td&gt;&#34;, &#34;&lt;td class=\&#34;col-duration\&#34;&gt;2 ms&lt;/td&gt;&#34;, &#34;&lt;td class=\&#34;col-links\&#34;&gt;&lt;/td&gt;&#34;], &#34;log&#34;: &#34;(&amp;#x27;C:\\\\Users\\\\jasur.turgunov\\\\Desktop\\\\ish\\\\Smartup_testlar\\\\tests\\\\test_order\\\\test_runner.py&amp;#x27;, 117, &amp;quot;Skipped: \u274c Oldingi test fail bo&amp;#x27;lgani uchun bu test o&amp;#x27;tkazib yuborildi!&amp;quot;)\n&#34;}], &#34;tests/test_order/test_runner.py::test_all[test_case41]&#34;: [{&#34;extras&#34;: [], &#34;result&#34;: &#34;Skipped&#34;, &#34;testId&#34;: &#34;tests/test_order/test_runner.py::test_all[test_case41]::setup&#34;, &#34;duration&#34;: &#34;2 ms&#34;, &#34;resultsTableRow&#34;: [&#34;&lt;td class=\&#34;col-result\&#34;&gt;Skipped&lt;/td&gt;&#34;, &#34;&lt;td class=\&#34;col-testId\&#34;&gt;tests/test_order/test_runner.py::test_all[test_case41]::setup&lt;/td&gt;&#34;, &#34;&lt;td class=\&#34;col-duration\&#34;&gt;2 ms&lt;/td&gt;&#34;, &#34;&lt;td class=\&#34;col-links\&#34;&gt;&lt;/td&gt;&#34;], &#34;log&#34;: &#34;(&amp;#x27;C:\\\\Users\\\\jasur.turgunov\\\\Desktop\\\\ish\\\\Smartup_testlar\\\\tests\\\\test_order\\\\test_runner.py&amp;#x27;, 117, &amp;quot;Skipped: \u274c Oldingi test fail bo&amp;#x27;lgani uchun bu test o&amp;#x27;tkazib yuborildi!&amp;quot;)\n&#34;}], &#34;tests/test_order/test_runner.py::test_all[test_case42]&#34;: [{&#34;extras&#34;: [], &#34;result&#34;: &#34;Skipped&#34;, &#34;testId&#34;: &#34;tests/test_order/test_runner.py::test_all[test_case42]::setup&#34;, &#34;duration&#34;: &#34;2 ms&#34;, &#34;resultsTableRow&#34;: [&#34;&lt;td class=\&#34;col-result\&#34;&gt;Skipped&lt;/td&gt;&#34;, &#34;&lt;td class=\&#34;col-testId\&#34;&gt;tests/test_order/test_runner.py::test_all[test_case42]::setup&lt;/td&gt;&#34;, &#34;&lt;td class=\&#34;col-duration\&#34;&gt;2 ms&lt;/td&gt;&#34;, &#34;&lt;td class=\&#34;col-links\&#34;&gt;&lt;/td&gt;&#34;], &#34;log&#34;: &#34;(&amp;#x27;C:\\\\Users\\\\jasur.turgunov\\\\Desktop\\\\ish\\\\Smartup_testlar\\\\tests\\\\test_order\\\\test_runner.py&amp;#x27;, 117, &amp;quot;Skipped: \u274c Oldingi test fail bo&amp;#x27;lgani uchun bu test o&amp;#x27;tkazib yuborildi!&amp;quot;)\n&#34;}], &#34;tests/test_order/test_runner.py::test_all[test_case43]&#34;: [{&#34;extras&#34;: [], &#34;result&#34;: &#34;Skipped&#34;, &#34;testId&#34;: &#34;tests/test_order/test_runner.py::test_all[test_case43]::setup&#34;, &#34;duration&#34;: &#34;1 ms&#34;, &#34;resultsTableRow&#34;: [&#34;&lt;td class=\&#34;col-result\&#34;&gt;Skipped&lt;/td&gt;&#34;, &#34;&lt;td class=\&#34;col-testId\&#34;&gt;tests/test_order/test_runner.py::test_all[test_case43]::setup&lt;/td&gt;&#34;, &#34;&lt;td class=\&#34;col-duration\&#34;&gt;1 ms&lt;/td&gt;&#34;, &#34;&lt;td class=\&#34;col-links\&#34;&gt;&lt;/td&gt;&#34;], &#34;log&#34;: &#34;(&amp;#x27;C:\\\\Users\\\\jasur.turgunov\\\\Desktop\\\\ish\\\\Smartup_testlar\\\\tests\\\\test_order\\\\test_runner.py&amp;#x27;, 117, &amp;quot;Skipped: \u274c Oldingi test fail bo&amp;#x27;lgani uchun bu test o&amp;#x27;tkazib yuborildi!&amp;quot;)\n&#34;}], &#34;tests/test_order/test_runner.py::test_all[test_case44]&#34;: [{&#34;extras&#34;: [], &#34;result&#34;: &#34;Skipped&#34;, &#34;testId&#34;: &#34;tests/test_order/test_runner.py::test_all[test_case44]::setup&#34;, &#34;duration&#34;: &#34;1 ms&#34;, &#34;resultsTableRow&#34;: [&#34;&lt;td class=\&#34;col-result\&#34;&gt;Skipped&lt;/td&gt;&#34;, &#34;&lt;td class=\&#34;col-testId\&#34;&gt;tests/test_order/test_runner.py::test_all[test_case44]::setup&lt;/td&gt;&#34;, &#34;&lt;td class=\&#34;col-duration\&#34;&gt;1 ms&lt;/td&gt;&#34;, &#34;&lt;td class=\&#34;col-links\&#34;&gt;&lt;/td&gt;&#34;], &#34;log&#34;: &#34;(&amp;#x27;C:\\\\Users\\\\jasur.turgunov\\\\Desktop\\\\ish\\\\Smartup_testlar\\\\tests\\\\test_order\\\\test_runner.py&amp;#x27;, 117, &amp;quot;Skipped: \u274c Oldingi test fail bo&amp;#x27;lgani uchun bu test o&amp;#x27;tkazib yuborildi!&amp;quot;)\n&#34;}], &#34;tests/test_order/test_runner.py::test_all[test_case45]&#34;: [{&#34;extras&#34;: [], &#34;result&#34;: &#34;Skipped&#34;, &#34;testId&#34;: &#34;tests/test_order/test_runner.py::test_all[test_case45]::setup&#34;, &#34;duration&#34;: &#34;3 ms&#34;, &#34;resultsTableRow&#34;: [&#34;&lt;td class=\&#34;col-result\&#34;&gt;Skipped&lt;/td&gt;&#34;, &#34;&lt;td class=\&#34;col-testId\&#34;&gt;tests/test_order/test_runner.py::test_all[test_case45]::setup&lt;/td&gt;&#34;, &#34;&lt;td class=\&#34;col-duration\&#34;&gt;3 ms&lt;/td&gt;&#34;, &#34;&lt;td class=\&#34;col-links\&#34;&gt;&lt;/td&gt;&#34;], &#34;log&#34;: &#34;(&amp;#x27;C:\\\\Users\\\\jasur.turgunov\\\\Desktop\\\\ish\\\\Smartup_testlar\\\\tests\\\\test_order\\\\test_runner.py&amp;#x27;, 117, &amp;quot;Skipped: \u274c Oldingi test fail bo&amp;#x27;lgani uchun bu test o&amp;#x27;tkazib yuborildi!&amp;quot;)\n&#34;}], &#34;tests/test_order/test_runner.py::test_all[test_case46]&#34;: [{&#34;extras&#34;: [], &#34;result&#34;: &#34;Skipped&#34;, &#34;testId&#34;: &#34;tests/test_order/test_runner.py::test_all[test_case46]::setup&#34;, &#34;duration&#34;: &#34;1 ms&#34;, &#34;resultsTableRow&#34;: [&#34;&lt;td class=\&#34;col-result\&#34;&gt;Skipped&lt;/td&gt;&#34;, &#34;&lt;td class=\&#34;col-testId\&#34;&gt;tests/test_order/test_runner.py::test_all[test_case46]::setup&lt;/td&gt;&#34;, &#34;&lt;td class=\&#34;col-duration\&#34;&gt;1 ms&lt;/td&gt;&#34;, &#34;&lt;td class=\&#34;col-links\&#34;&gt;&lt;/td&gt;&#34;], &#34;log&#34;: &#34;(&amp;#x27;C:\\\\Users\\\\jasur.turgunov\\\\Desktop\\\\ish\\\\Smartup_testlar\\\\tests\\\\test_order\\\\test_runner.py&amp;#x27;, 117, &amp;quot;Skipped: \u274c Oldingi test fail bo&amp;#x27;lgani uchun bu test o&amp;#x27;tkazib yuborildi!&amp;quot;)\n&#34;}], &#34;tests/test_order/test_runner.py::test_all[test_case47]&#34;: [{&#34;extras&#34;: [], &#34;result&#34;: &#34;Skipped&#34;, &#34;testId&#34;: &#34;tests/test_order/test_runner.py::test_all[test_case47]::setup&#34;, &#34;duration&#34;: &#34;3 ms&#34;, &#34;resultsTableRow&#34;: [&#34;&lt;td class=\&#34;col-result\&#34;&gt;Skipped&lt;/td&gt;&#34;, &#34;&lt;td class=\&#34;col-testId\&#34;&gt;tests/test_order/test_runner.py::test_all[test_case47]::setup&lt;/td&gt;&#34;, &#34;&lt;td class=\&#34;col-duration\&#34;&gt;3 ms&lt;/td&gt;&#34;, &#34;&lt;td class=\&#34;col-links\&#34;&gt;&lt;/td&gt;&#34;], &#34;log&#34;: &#34;(&amp;#x27;C:\\\\Users\\\\jasur.turgunov\\\\Desktop\\\\ish\\\\Smartup_testlar\\\\tests\\\\test_order\\\\test_runner.py&amp;#x27;, 117, &amp;quot;Skipped: \u274c Oldingi test fail bo&amp;#x27;lgani uchun bu test o&amp;#x27;tkazib yuborildi!&amp;quot;)\n&#34;}], &#34;tests/test_order/test_runner.py::test_all[test_case48]&#34;: [{&#34;extras&#34;: [], &#34;result&#34;: &#34;Skipped&#34;, &#34;testId&#34;: &#34;tests/test_order/test_runner.py::test_all[test_case48]::setup&#34;, &#34;duration&#34;: &#34;2 ms&#34;, &#34;resultsTableRow&#34;: [&#34;&lt;td class=\&#34;col-result\&#34;&gt;Skipped&lt;/td&gt;&#34;, &#34;&lt;td class=\&#34;col-testId\&#34;&gt;tests/test_order/test_runner.py::test_all[test_case48]::setup&lt;/td&gt;&#34;, &#34;&lt;td class=\&#34;col-duration\&#34;&gt;2 ms&lt;/td&gt;&#34;, &#34;&lt;td class=\&#34;col-links\&#34;&gt;&lt;/td&gt;&#34;], &#34;log&#34;: &#34;(&amp;#x27;C:\\\\Users\\\\jasur.turgunov\\\\Desktop\\\\ish\\\\Smartup_testlar\\\\tests\\\\test_order\\\\test_runner.py&amp;#x27;, 117, &amp;quot;Skipped: \u274c Oldingi test fail bo&amp;#x27;lgani uchun bu test o&amp;#x27;tkazib yuborildi!&amp;quot;)\n&#34;}], &#34;tests/test_order/test_runner.py::test_all[test_case49]&#34;: [{&#34;extras&#34;: [], &#34;result&#34;: &#34;Skipped&#34;, &#34;testId&#34;: &#34;tests/test_order/test_runner.py::test_all[test_case49]::setup&#34;, &#34;duration&#34;: &#34;1 ms&#34;, &#34;resultsTableRow&#34;: [&#34;&lt;td class=\&#34;col-result\&#34;&gt;Skipped&lt;/td&gt;&#34;, &#34;&lt;td class=\&#34;col-testId\&#34;&gt;tests/test_order/test_runner.py::test_all[test_case49]::setup&lt;/td&gt;&#34;, &#34;&lt;td class=\&#34;col-duration\&#34;&gt;1 ms&lt;/td&gt;&#34;, &#34;&lt;td class=\&#34;col-links\&#34;&gt;&lt;/td&gt;&#34;], &#34;log&#34;: &#34;(&amp;#x27;C:\\\\Users\\\\jasur.turgunov\\\\Desktop\\\\ish\\\\Smartup_testlar\\\\tests\\\\test_order\\\\test_runner.py&amp;#x27;, 117, &amp;quot;Skipped: \u274c Oldingi test fail bo&amp;#x27;lgani uchun bu test o&amp;#x27;tkazib yuborildi!&amp;quot;)\n&#34;}], &#34;tests/test_order/test_runner.py::test_all[test_case50]&#34;: [{&#34;extras&#34;: [], &#34;result&#34;: &#34;Skipped&#34;, &#34;testId&#34;: &#34;tests/test_order/test_runner.py::test_all[test_case50]::setup&#34;, &#34;duration&#34;: &#34;1 ms&#34;, &#34;resultsTableRow&#34;: [&#34;&lt;td class=\&#34;col-result\&#34;&gt;Skipped&lt;/td&gt;&#34;, &#34;&lt;td class=\&#34;col-testId\&#34;&gt;tests/test_order/test_runner.py::test_all[test_case50]::setup&lt;/td&gt;&#34;, &#34;&lt;td class=\&#34;col-duration\&#34;&gt;1 ms&lt;/td&gt;&#34;, &#34;&lt;td class=\&#34;col-links\&#34;&gt;&lt;/td&gt;&#34;], &#34;log&#34;: &#34;(&amp;#x27;C:\\\\Users\\\\jasur.turgunov\\\\Desktop\\\\ish\\\\Smartup_testlar\\\\tests\\\\test_order\\\\test_runner.py&amp;#x27;, 117, &amp;quot;Skipped: \u274c Oldingi test fail bo&amp;#x27;lgani uchun bu test o&amp;#x27;tkazib yuborildi!&amp;quot;)\n&#34;}], &#34;tests/test_order/test_runner.py::test_all[test_case51]&#34;: [{&#34;extras&#34;: [], &#34;result&#34;: &#34;Skipped&#34;, &#34;testId&#34;: &#34;tests/test_order/test_runner.py::test_all[test_case51]::setup&#34;, &#34;duration&#34;: &#34;1 ms&#34;, &#34;resultsTableRow&#34;: [&#34;&lt;td class=\&#34;col-result\&#34;&gt;Skipped&lt;/td&gt;&#34;, &#34;&lt;td class=\&#34;col-testId\&#34;&gt;tests/test_order/test_runner.py::test_all[test_case51]::setup&lt;/td&gt;&#34;, &#34;&lt;td class=\&#34;col-duration\&#34;&gt;1 ms&lt;/td&gt;&#34;, &#34;&lt;td class=\&#34;col-links\&#34;&gt;&lt;/td&gt;&#34;], &#34;log&#34;: &#34;(&amp;#x27;C:\\\\Users\\\\jasur.turgunov\\\\Desktop\\\\ish\\\\Smartup_testlar\\\\tests\\\\test_order\\\\test_runner.py&amp;#x27;, 117, &amp;quot;Skipped: \u274c Oldingi test fail bo&amp;#x27;lgani uchun bu test o&amp;#x27;tkazib yuborildi!&amp;quot;)\n&#34;}]}, &#34;renderCollapsed&#34;: [&#34;passed&#34;], &#34;initialSort&#34;: &#34;result&#34;, &#34;title&#34;: &#34;report.html&#34;}"></div>
    <script>
      (function(){function r(e,n,t){function o(i,f){if(!n[i]){if(!e[i]){var c="function"==typeof require&&require;if(!f&&c)return c(i,!0);if(u)return u(i,!0);var a=new Error("Cannot find module '"+i+"'");throw a.code="MODULE_NOT_FOUND",a}var p=n[i]={exports:{}};e[i][0].call(p.exports,function(r){var n=e[i][1][r];return o(n||r)},p,p.exports,r,e,n,t)}return n[i].exports}for(var u="function"==typeof require&&require,i=0;i<t.length;i++)o(t[i]);return o}return r})()({1:[function(require,module,exports){
const { getCollapsedCategory, setCollapsedIds } = require('./storage.js')

class DataManager {
    setManager(data) {
        const collapsedCategories = [...getCollapsedCategory(data.renderCollapsed)]
        const collapsedIds = []
        const tests = Object.values(data.tests).flat().map((test, index) => {
            const collapsed = collapsedCategories.includes(test.result.toLowerCase())
            const id = `test_${index}`
            if (collapsed) {
                collapsedIds.push(id)
            }
            return {
                ...test,
                id,
                collapsed,
            }
        })
        const dataBlob = { ...data, tests }
        this.data = { ...dataBlob }
        this.renderData = { ...dataBlob }
        setCollapsedIds(collapsedIds)
    }

    get allData() {
        return { ...this.data }
    }

    resetRender() {
        this.renderData = { ...this.data }
    }

    setRender(data) {
        this.renderData.tests = [...data]
    }

    toggleCollapsedItem(id) {
        this.renderData.tests = this.renderData.tests.map((test) =>
            test.id === id ? { ...test, collapsed: !test.collapsed } : test,
        )
    }

    set allCollapsed(collapsed) {
        this.renderData = { ...this.renderData, tests: [...this.renderData.tests.map((test) => (
            { ...test, collapsed }
        ))] }
    }

    get testSubset() {
        return [...this.renderData.tests]
    }

    get environment() {
        return this.renderData.environment
    }

    get initialSort() {
        return this.data.initialSort
    }
}

module.exports = {
    manager: new DataManager(),
}

},{"./storage.js":8}],2:[function(require,module,exports){
const mediaViewer = require('./mediaviewer.js')
const templateEnvRow = document.getElementById('template_environment_row')
const templateResult = document.getElementById('template_results-table__tbody')

function htmlToElements(html) {
    const temp = document.createElement('template')
    temp.innerHTML = html
    return temp.content.childNodes
}

const find = (selector, elem) => {
    if (!elem) {
        elem = document
    }
    return elem.querySelector(selector)
}

const findAll = (selector, elem) => {
    if (!elem) {
        elem = document
    }
    return [...elem.querySelectorAll(selector)]
}

const dom = {
    getStaticRow: (key, value) => {
        const envRow = templateEnvRow.content.cloneNode(true)
        const isObj = typeof value === 'object' && value !== null
        const values = isObj ? Object.keys(value).map((k) => `${k}: ${value[k]}`) : null

        const valuesElement = htmlToElements(
            values ? `<ul>${values.map((val) => `<li>${val}</li>`).join('')}<ul>` : `<div>${value}</div>`)[0]
        const td = findAll('td', envRow)
        td[0].textContent = key
        td[1].appendChild(valuesElement)

        return envRow
    },
    getResultTBody: ({ testId, id, log, extras, resultsTableRow, tableHtml, result, collapsed }) => {
        const resultBody = templateResult.content.cloneNode(true)
        resultBody.querySelector('tbody').classList.add(result.toLowerCase())
        resultBody.querySelector('tbody').id = testId
        resultBody.querySelector('.collapsible').dataset.id = id

        resultsTableRow.forEach((html) => {
            const t = document.createElement('template')
            t.innerHTML = html
            resultBody.querySelector('.collapsible').appendChild(t.content)
        })

        if (log) {
            // Wrap lines starting with "E" with span.error to color those lines red
            const wrappedLog = log.replace(/^E.*$/gm, (match) => `<span class="error">${match}</span>`)
            resultBody.querySelector('.log').innerHTML = wrappedLog
        } else {
            resultBody.querySelector('.log').remove()
        }

        if (collapsed) {
            resultBody.querySelector('.collapsible > td')?.classList.add('collapsed')
            resultBody.querySelector('.extras-row').classList.add('hidden')
        } else {
            resultBody.querySelector('.collapsible > td')?.classList.remove('collapsed')
        }

        const media = []
        extras?.forEach(({ name, format_type, content }) => {
            if (['image', 'video'].includes(format_type)) {
                media.push({ path: content, name, format_type })
            }

            if (format_type === 'html') {
                resultBody.querySelector('.extraHTML').insertAdjacentHTML('beforeend', `<div>${content}</div>`)
            }
        })
        mediaViewer.setup(resultBody, media)

        // Add custom html from the pytest_html_results_table_html hook
        tableHtml?.forEach((item) => {
            resultBody.querySelector('td[class="extra"]').insertAdjacentHTML('beforeend', item)
        })

        return resultBody
    },
}

module.exports = {
    dom,
    htmlToElements,
    find,
    findAll,
}

},{"./mediaviewer.js":6}],3:[function(require,module,exports){
const { manager } = require('./datamanager.js')
const { doSort } = require('./sort.js')
const storageModule = require('./storage.js')

const getFilteredSubSet = (filter) =>
    manager.allData.tests.filter(({ result }) => filter.includes(result.toLowerCase()))

const doInitFilter = () => {
    const currentFilter = storageModule.getVisible()
    const filteredSubset = getFilteredSubSet(currentFilter)
    manager.setRender(filteredSubset)
}

const doFilter = (type, show) => {
    if (show) {
        storageModule.showCategory(type)
    } else {
        storageModule.hideCategory(type)
    }

    const currentFilter = storageModule.getVisible()
    const filteredSubset = getFilteredSubSet(currentFilter)
    manager.setRender(filteredSubset)

    const sortColumn = storageModule.getSort()
    doSort(sortColumn, true)
}

module.exports = {
    doFilter,
    doInitFilter,
}

},{"./datamanager.js":1,"./sort.js":7,"./storage.js":8}],4:[function(require,module,exports){
const { redraw, bindEvents, renderStatic } = require('./main.js')
const { doInitFilter } = require('./filter.js')
const { doInitSort } = require('./sort.js')
const { manager } = require('./datamanager.js')
const data = JSON.parse(document.getElementById('data-container').dataset.jsonblob)

function init() {
    manager.setManager(data)
    doInitFilter()
    doInitSort()
    renderStatic()
    redraw()
    bindEvents()
}

init()

},{"./datamanager.js":1,"./filter.js":3,"./main.js":5,"./sort.js":7}],5:[function(require,module,exports){
const { dom, find, findAll } = require('./dom.js')
const { manager } = require('./datamanager.js')
const { doSort } = require('./sort.js')
const { doFilter } = require('./filter.js')
const {
    getVisible,
    getCollapsedIds,
    setCollapsedIds,
    getSort,
    getSortDirection,
    possibleFilters,
} = require('./storage.js')

const removeChildren = (node) => {
    while (node.firstChild) {
        node.removeChild(node.firstChild)
    }
}

const renderStatic = () => {
    const renderEnvironmentTable = () => {
        const environment = manager.environment
        const rows = Object.keys(environment).map((key) => dom.getStaticRow(key, environment[key]))
        const table = document.getElementById('environment')
        removeChildren(table)
        rows.forEach((row) => table.appendChild(row))
    }
    renderEnvironmentTable()
}

const addItemToggleListener = (elem) => {
    elem.addEventListener('click', ({ target }) => {
        const id = target.parentElement.dataset.id
        manager.toggleCollapsedItem(id)

        const collapsedIds = getCollapsedIds()
        if (collapsedIds.includes(id)) {
            const updated = collapsedIds.filter((item) => item !== id)
            setCollapsedIds(updated)
        } else {
            collapsedIds.push(id)
            setCollapsedIds(collapsedIds)
        }
        redraw()
    })
}

const renderContent = (tests) => {
    const sortAttr = getSort(manager.initialSort)
    const sortAsc = JSON.parse(getSortDirection())
    const rows = tests.map(dom.getResultTBody)
    const table = document.getElementById('results-table')
    const tableHeader = document.getElementById('results-table-head')

    const newTable = document.createElement('table')
    newTable.id = 'results-table'

    // remove all sorting classes and set the relevant
    findAll('.sortable', tableHeader).forEach((elem) => elem.classList.remove('asc', 'desc'))
    tableHeader.querySelector(`.sortable[data-column-type="${sortAttr}"]`)?.classList.add(sortAsc ? 'desc' : 'asc')
    newTable.appendChild(tableHeader)

    if (!rows.length) {
        const emptyTable = document.getElementById('template_results-table__body--empty').content.cloneNode(true)
        newTable.appendChild(emptyTable)
    } else {
        rows.forEach((row) => {
            if (!!row) {
                findAll('.collapsible td:not(.col-links', row).forEach(addItemToggleListener)
                find('.logexpander', row).addEventListener('click',
                    (evt) => evt.target.parentNode.classList.toggle('expanded'),
                )
                newTable.appendChild(row)
            }
        })
    }

    table.replaceWith(newTable)
}

const renderDerived = () => {
    const currentFilter = getVisible()
    possibleFilters.forEach((result) => {
        const input = document.querySelector(`input[data-test-result="${result}"]`)
        input.checked = currentFilter.includes(result)
    })
}

const bindEvents = () => {
    const filterColumn = (evt) => {
        const { target: element } = evt
        const { testResult } = element.dataset

        doFilter(testResult, element.checked)
        const collapsedIds = getCollapsedIds()
        const updated = manager.renderData.tests.map((test) => {
            return {
                ...test,
                collapsed: collapsedIds.includes(test.id),
            }
        })
        manager.setRender(updated)
        redraw()
    }

    const header = document.getElementById('environment-header')
    header.addEventListener('click', () => {
        const table = document.getElementById('environment')
        table.classList.toggle('hidden')
        header.classList.toggle('collapsed')
    })

    findAll('input[name="filter_checkbox"]').forEach((elem) => {
        elem.addEventListener('click', filterColumn)
    })

    findAll('.sortable').forEach((elem) => {
        elem.addEventListener('click', (evt) => {
            const { target: element } = evt
            const { columnType } = element.dataset
            doSort(columnType)
            redraw()
        })
    })

    document.getElementById('show_all_details').addEventListener('click', () => {
        manager.allCollapsed = false
        setCollapsedIds([])
        redraw()
    })
    document.getElementById('hide_all_details').addEventListener('click', () => {
        manager.allCollapsed = true
        const allIds = manager.renderData.tests.map((test) => test.id)
        setCollapsedIds(allIds)
        redraw()
    })
}

const redraw = () => {
    const { testSubset } = manager

    renderContent(testSubset)
    renderDerived()
}

module.exports = {
    redraw,
    bindEvents,
    renderStatic,
}

},{"./datamanager.js":1,"./dom.js":2,"./filter.js":3,"./sort.js":7,"./storage.js":8}],6:[function(require,module,exports){
class MediaViewer {
    constructor(assets) {
        this.assets = assets
        this.index = 0
    }

    nextActive() {
        this.index = this.index === this.assets.length - 1 ? 0 : this.index + 1
        return [this.activeFile, this.index]
    }

    prevActive() {
        this.index = this.index === 0 ? this.assets.length - 1 : this.index -1
        return [this.activeFile, this.index]
    }

    get currentIndex() {
        return this.index
    }

    get activeFile() {
        return this.assets[this.index]
    }
}


const setup = (resultBody, assets) => {
    if (!assets.length) {
        resultBody.querySelector('.media').classList.add('hidden')
        return
    }

    const mediaViewer = new MediaViewer(assets)
    const container = resultBody.querySelector('.media-container')
    const leftArrow = resultBody.querySelector('.media-container__nav--left')
    const rightArrow = resultBody.querySelector('.media-container__nav--right')
    const mediaName = resultBody.querySelector('.media__name')
    const counter = resultBody.querySelector('.media__counter')
    const imageEl = resultBody.querySelector('img')
    const sourceEl = resultBody.querySelector('source')
    const videoEl = resultBody.querySelector('video')

    const setImg = (media, index) => {
        if (media?.format_type === 'image') {
            imageEl.src = media.path

            imageEl.classList.remove('hidden')
            videoEl.classList.add('hidden')
        } else if (media?.format_type === 'video') {
            sourceEl.src = media.path

            videoEl.classList.remove('hidden')
            imageEl.classList.add('hidden')
        }

        mediaName.innerText = media?.name
        counter.innerText = `${index + 1} / ${assets.length}`
    }
    setImg(mediaViewer.activeFile, mediaViewer.currentIndex)

    const moveLeft = () => {
        const [media, index] = mediaViewer.prevActive()
        setImg(media, index)
    }
    const doRight = () => {
        const [media, index] = mediaViewer.nextActive()
        setImg(media, index)
    }
    const openImg = () => {
        window.open(mediaViewer.activeFile.path, '_blank')
    }
    if (assets.length === 1) {
        container.classList.add('media-container--fullscreen')
    } else {
        leftArrow.addEventListener('click', moveLeft)
        rightArrow.addEventListener('click', doRight)
    }
    imageEl.addEventListener('click', openImg)
}

module.exports = {
    setup,
}

},{}],7:[function(require,module,exports){
const { manager } = require('./datamanager.js')
const storageModule = require('./storage.js')

const genericSort = (list, key, ascending, customOrder) => {
    let sorted
    if (customOrder) {
        sorted = list.sort((a, b) => {
            const aValue = a.result.toLowerCase()
            const bValue = b.result.toLowerCase()

            const aIndex = customOrder.findIndex((item) => item.toLowerCase() === aValue)
            const bIndex = customOrder.findIndex((item) => item.toLowerCase() === bValue)

            // Compare the indices to determine the sort order
            return aIndex - bIndex
        })
    } else {
        sorted = list.sort((a, b) => a[key] === b[key] ? 0 : a[key] > b[key] ? 1 : -1)
    }

    if (ascending) {
        sorted.reverse()
    }
    return sorted
}

const durationSort = (list, ascending) => {
    const parseDuration = (duration) => {
        if (duration.includes(':')) {
            // If it's in the format "HH:mm:ss"
            const [hours, minutes, seconds] = duration.split(':').map(Number)
            return (hours * 3600 + minutes * 60 + seconds) * 1000
        } else {
            // If it's in the format "nnn ms"
            return parseInt(duration)
        }
    }
    const sorted = list.sort((a, b) => parseDuration(a['duration']) - parseDuration(b['duration']))
    if (ascending) {
        sorted.reverse()
    }
    return sorted
}

const doInitSort = () => {
    const type = storageModule.getSort(manager.initialSort)
    const ascending = storageModule.getSortDirection()
    const list = manager.testSubset
    const initialOrder = ['Error', 'Failed', 'Rerun', 'XFailed', 'XPassed', 'Skipped', 'Passed']

    storageModule.setSort(type)
    storageModule.setSortDirection(ascending)

    if (type?.toLowerCase() === 'original') {
        manager.setRender(list)
    } else {
        let sortedList
        switch (type) {
        case 'duration':
            sortedList = durationSort(list, ascending)
            break
        case 'result':
            sortedList = genericSort(list, type, ascending, initialOrder)
            break
        default:
            sortedList = genericSort(list, type, ascending)
            break
        }
        manager.setRender(sortedList)
    }
}

const doSort = (type, skipDirection) => {
    const newSortType = storageModule.getSort(manager.initialSort) !== type
    const currentAsc = storageModule.getSortDirection()
    let ascending
    if (skipDirection) {
        ascending = currentAsc
    } else {
        ascending = newSortType ? false : !currentAsc
    }
    storageModule.setSort(type)
    storageModule.setSortDirection(ascending)

    const list = manager.testSubset
    const sortedList = type === 'duration' ? durationSort(list, ascending) : genericSort(list, type, ascending)
    manager.setRender(sortedList)
}

module.exports = {
    doInitSort,
    doSort,
}

},{"./datamanager.js":1,"./storage.js":8}],8:[function(require,module,exports){
const possibleFilters = [
    'passed',
    'skipped',
    'failed',
    'error',
    'xfailed',
    'xpassed',
    'rerun',
]

const getVisible = () => {
    const url = new URL(window.location.href)
    const settings = new URLSearchParams(url.search).get('visible')
    const lower = (item) => {
        const lowerItem = item.toLowerCase()
        if (possibleFilters.includes(lowerItem)) {
            return lowerItem
        }
        return null
    }
    return settings === null ?
        possibleFilters :
        [...new Set(settings?.split(',').map(lower).filter((item) => item))]
}

const hideCategory = (categoryToHide) => {
    const url = new URL(window.location.href)
    const visibleParams = new URLSearchParams(url.search).get('visible')
    const currentVisible = visibleParams ? visibleParams.split(',') : [...possibleFilters]
    const settings = [...new Set(currentVisible)].filter((f) => f !== categoryToHide).join(',')

    url.searchParams.set('visible', settings)
    window.history.pushState({}, null, unescape(url.href))
}

const showCategory = (categoryToShow) => {
    if (typeof window === 'undefined') {
        return
    }
    const url = new URL(window.location.href)
    const currentVisible = new URLSearchParams(url.search).get('visible')?.split(',').filter(Boolean) ||
        [...possibleFilters]
    const settings = [...new Set([categoryToShow, ...currentVisible])]
    const noFilter = possibleFilters.length === settings.length || !settings.length

    noFilter ? url.searchParams.delete('visible') : url.searchParams.set('visible', settings.join(','))
    window.history.pushState({}, null, unescape(url.href))
}

const getSort = (initialSort) => {
    const url = new URL(window.location.href)
    let sort = new URLSearchParams(url.search).get('sort')
    if (!sort) {
        sort = initialSort || 'result'
    }
    return sort
}

const setSort = (type) => {
    const url = new URL(window.location.href)
    url.searchParams.set('sort', type)
    window.history.pushState({}, null, unescape(url.href))
}

const getCollapsedCategory = (renderCollapsed) => {
    let categories
    if (typeof window !== 'undefined') {
        const url = new URL(window.location.href)
        const collapsedItems = new URLSearchParams(url.search).get('collapsed')
        switch (true) {
        case !renderCollapsed && collapsedItems === null:
            categories = ['passed']
            break
        case collapsedItems?.length === 0 || /^["']{2}$/.test(collapsedItems):
            categories = []
            break
        case /^all$/.test(collapsedItems) || collapsedItems === null && /^all$/.test(renderCollapsed):
            categories = [...possibleFilters]
            break
        default:
            categories = collapsedItems?.split(',').map((item) => item.toLowerCase()) || renderCollapsed
            break
        }
    } else {
        categories = []
    }
    return categories
}

const getSortDirection = () => JSON.parse(sessionStorage.getItem('sortAsc')) || false
const setSortDirection = (ascending) => sessionStorage.setItem('sortAsc', ascending)

const getCollapsedIds = () => JSON.parse(sessionStorage.getItem('collapsedIds')) || []
const setCollapsedIds = (list) => sessionStorage.setItem('collapsedIds', JSON.stringify(list))

module.exports = {
    getVisible,
    hideCategory,
    showCategory,
    getCollapsedIds,
    setCollapsedIds,
    getSort,
    setSort,
    getSortDirection,
    setSortDirection,
    getCollapsedCategory,
    possibleFilters,
}

},{}]},{},[4]);
    </script>
  </footer>
</html>