{"name": "test_login_with_valid_credentials[chrome]", "status": "failed", "statusDetails": {"message": "AssertionError: To'g'ri login va parol testi: Tizimga kirish muvaffaqiyatsiz tugadi!\nassert False", "trace": "driver = <selenium.webdriver.chrome.webdriver.WebDriver (session=\"9148864aec7a91af19909a8fc09b6b7f\")>\n\n    def test_login_with_valid_credentials(driver):\n>       run_test(driver, \"To'g'ri login va parol testi\", \"admin@test\", \"greenwhite\", expect_success=True)\n\ntests\\test_sales\\test_login_negative.py:82: \n_ _ _ _ _ _ _ _ _ _ _ _ _ _ _ _ _ _ _ _ _ _ _ _ _ _ _ _ _ _ _ _ _ _ _ _ _ _ _ _ _ _ _ _ _ _ _ _ _ _ _ _ _ _ _ _ _ _ _ _ _ _ _ _ _ _ _ _ _ _ _ _ _ _ _ _ _ _ _ _ _ _ _ _ _ _ _ _ _ _ _ _ _ _ _ _ _ _ _ _ _ _ _ _ _ _ _ _ _ _ _ _ _ _ _ _\n\ndriver = <selenium.webdriver.chrome.webdriver.WebDriver (session=\"9148864aec7a91af19909a8fc09b6b7f\")>, test_name = \"To'g'ri login va parol testi\", email = 'admin@test', password = 'greenwhite', expect_success = True\n\n    def run_test(driver, test_name, email, password, expect_success=False):\n        login_page = LoginPage(driver)\n        dashboard_page = DashboardPage(driver)\n        time.sleep(2)\n    \n        # Login\n        login_page.fill_form(email, password, LoginPage.email_xpath, LoginPage.password_xpath)\n        login_page.click_button(LoginPage.signup_xpath)\n    \n        if expect_success:\n            result = is_dashboard_visible(driver, DashboardPage.dashboard_header)\n            success_message = \"Tizimga kirish muvaffaqiyatli!\"\n            failure_message = \"Tizimga kirish muvaffaqiyatsiz tugadi!\"\n        else:\n            result = is_error_message_displayed(driver)\n            success_message = \"Xato xabari ko'rsatildi\"\n            failure_message = \"Xato xabarini ko'rsatishda xatolik yuz berdi\"\n    \n        if not result:\n            take_error_screenshot(driver, test_name)\n    \n        print(f\"\\n{test_name}: {'Muvaffaqiyatli' if result else 'Muvaffaqiyatsiz'}\")\n>       assert result, f\"{test_name}: {failure_message}\"\nE       AssertionError: To'g'ri login va parol testi: Tizimga kirish muvaffaqiyatsiz tugadi!\nE       assert False\n\ntests\\test_sales\\test_login_negative.py:32: AssertionError"}, "attachments": [{"name": "stdout", "source": "ae868228-7c27-4aa7-80d7-6f0c95ddd2df-attachment.txt", "type": "text/plain"}], "parameters": [{"name": "driver", "value": "'chrome'"}], "start": 1726394058600, "stop": 1726394066508, "uuid": "02645c22-e683-4a41-a662-d6e4a46a3dca", "historyId": "7a02964ad0d0b0306ba34070ce7577ff", "testCaseId": "b2b8f5210470db5333d54fb6e678d147", "fullName": "tests.test_sales.test_login_negative#test_login_with_valid_credentials", "labels": [{"name": "parentSuite", "value": "tests.test_sales"}, {"name": "suite", "value": "test_login_negative"}, {"name": "host", "value": "Sherzod-Smartup"}, {"name": "thread", "value": "25272-MainThread"}, {"name": "framework", "value": "pytest"}, {"name": "language", "value": "cpython3"}, {"name": "package", "value": "tests.test_sales.test_login_negative"}]}