{"uid":"bf8f6fd368140a56","name":"test_login_with_valid_credentials[chrome]","fullName":"tests.test_sales.test_login_negative#test_login_with_valid_credentials","historyId":"7a02964ad0d0b0306ba34070ce7577ff","time":{"start":1726394058600,"stop":1726394066508,"duration":7908},"status":"failed","statusMessage":"AssertionError: To'g'ri login va parol testi: Tizimga kirish muvaffaqiyatsiz tugadi!\nassert False","statusTrace":"driver = <selenium.webdriver.chrome.webdriver.WebDriver (session=\"9148864aec7a91af19909a8fc09b6b7f\")>\n\n    def test_login_with_valid_credentials(driver):\n>       run_test(driver, \"To'g'ri login va parol testi\", \"admin@test\", \"greenwhite\", expect_success=True)\n\ntests\\test_sales\\test_login_negative.py:82: \n_ _ _ _ _ _ _ _ _ _ _ _ _ _ _ _ _ _ _ _ _ _ _ _ _ _ _ _ _ _ _ _ _ _ _ _ _ _ _ _ _ _ _ _ _ _ _ _ _ _ _ _ _ _ _ _ _ _ _ _ _ _ _ _ _ _ _ _ _ _ _ _ _ _ _ _ _ _ _ _ _ _ _ _ _ _ _ _ _ _ _ _ _ _ _ _ _ _ _ _ _ _ _ _ _ _ _ _ _ _ _ _ _ _ _ _\n\ndriver = <selenium.webdriver.chrome.webdriver.WebDriver (session=\"9148864aec7a91af19909a8fc09b6b7f\")>, test_name = \"To'g'ri login va parol testi\", email = 'admin@test', password = 'greenwhite', expect_success = True\n\n    def run_test(driver, test_name, email, password, expect_success=False):\n        login_page = LoginPage(driver)\n        dashboard_page = DashboardPage(driver)\n        time.sleep(2)\n    \n        # Login\n        login_page.fill_form(email, password, LoginPage.email_xpath, LoginPage.password_xpath)\n        login_page.click_button(LoginPage.signup_xpath)\n    \n        if expect_success:\n            result = is_dashboard_visible(driver, DashboardPage.dashboard_header)\n            success_message = \"Tizimga kirish muvaffaqiyatli!\"\n            failure_message = \"Tizimga kirish muvaffaqiyatsiz tugadi!\"\n        else:\n            result = is_error_message_displayed(driver)\n            success_message = \"Xato xabari ko'rsatildi\"\n            failure_message = \"Xato xabarini ko'rsatishda xatolik yuz berdi\"\n    \n        if not result:\n            take_error_screenshot(driver, test_name)\n    \n        print(f\"\\n{test_name}: {'Muvaffaqiyatli' if result else 'Muvaffaqiyatsiz'}\")\n>       assert result, f\"{test_name}: {failure_message}\"\nE       AssertionError: To'g'ri login va parol testi: Tizimga kirish muvaffaqiyatsiz tugadi!\nE       assert False\n\ntests\\test_sales\\test_login_negative.py:32: AssertionError","flaky":false,"newFailed":false,"newBroken":false,"newPassed":false,"retriesCount":0,"retriesStatusChange":false,"beforeStages":[{"name":"driver","time":{"start":1726394055347,"stop":1726394058600,"duration":3253},"status":"passed","steps":[],"attachments":[],"parameters":[],"hasContent":false,"stepsCount":0,"attachmentStep":false,"attachmentsCount":0,"shouldDisplayMessage":false}],"testStage":{"status":"failed","statusMessage":"AssertionError: To'g'ri login va parol testi: Tizimga kirish muvaffaqiyatsiz tugadi!\nassert False","statusTrace":"driver = <selenium.webdriver.chrome.webdriver.WebDriver (session=\"9148864aec7a91af19909a8fc09b6b7f\")>\n\n    def test_login_with_valid_credentials(driver):\n>       run_test(driver, \"To'g'ri login va parol testi\", \"admin@test\", \"greenwhite\", expect_success=True)\n\ntests\\test_sales\\test_login_negative.py:82: \n_ _ _ _ _ _ _ _ _ _ _ _ _ _ _ _ _ _ _ _ _ _ _ _ _ _ _ _ _ _ _ _ _ _ _ _ _ _ _ _ _ _ _ _ _ _ _ _ _ _ _ _ _ _ _ _ _ _ _ _ _ _ _ _ _ _ _ _ _ _ _ _ _ _ _ _ _ _ _ _ _ _ _ _ _ _ _ _ _ _ _ _ _ _ _ _ _ _ _ _ _ _ _ _ _ _ _ _ _ _ _ _ _ _ _ _\n\ndriver = <selenium.webdriver.chrome.webdriver.WebDriver (session=\"9148864aec7a91af19909a8fc09b6b7f\")>, test_name = \"To'g'ri login va parol testi\", email = 'admin@test', password = 'greenwhite', expect_success = True\n\n    def run_test(driver, test_name, email, password, expect_success=False):\n        login_page = LoginPage(driver)\n        dashboard_page = DashboardPage(driver)\n        time.sleep(2)\n    \n        # Login\n        login_page.fill_form(email, password, LoginPage.email_xpath, LoginPage.password_xpath)\n        login_page.click_button(LoginPage.signup_xpath)\n    \n        if expect_success:\n            result = is_dashboard_visible(driver, DashboardPage.dashboard_header)\n            success_message = \"Tizimga kirish muvaffaqiyatli!\"\n            failure_message = \"Tizimga kirish muvaffaqiyatsiz tugadi!\"\n        else:\n            result = is_error_message_displayed(driver)\n            success_message = \"Xato xabari ko'rsatildi\"\n            failure_message = \"Xato xabarini ko'rsatishda xatolik yuz berdi\"\n    \n        if not result:\n            take_error_screenshot(driver, test_name)\n    \n        print(f\"\\n{test_name}: {'Muvaffaqiyatli' if result else 'Muvaffaqiyatsiz'}\")\n>       assert result, f\"{test_name}: {failure_message}\"\nE       AssertionError: To'g'ri login va parol testi: Tizimga kirish muvaffaqiyatsiz tugadi!\nE       assert False\n\ntests\\test_sales\\test_login_negative.py:32: AssertionError","steps":[],"attachments":[{"uid":"c207d1ca3d5c24f9","name":"stdout","source":"c207d1ca3d5c24f9.txt","type":"text/plain","size":122}],"parameters":[],"hasContent":true,"stepsCount":0,"attachmentStep":false,"attachmentsCount":1,"shouldDisplayMessage":true},"afterStages":[{"name":"driver::0","time":{"start":1726394066577,"stop":1726394068738,"duration":2161},"status":"passed","steps":[],"attachments":[],"parameters":[],"hasContent":false,"stepsCount":0,"attachmentStep":false,"attachmentsCount":0,"shouldDisplayMessage":false}],"labels":[{"name":"parentSuite","value":"tests.test_sales"},{"name":"suite","value":"test_login_negative"},{"name":"host","value":"Sherzod-Smartup"},{"name":"thread","value":"25272-MainThread"},{"name":"framework","value":"pytest"},{"name":"language","value":"cpython3"},{"name":"package","value":"tests.test_sales.test_login_negative"},{"name":"resultFormat","value":"allure2"}],"parameters":[{"name":"driver","value":"'chrome'"}],"links":[],"hidden":true,"retry":true,"extra":{"categories":[],"tags":[]},"source":"bf8f6fd368140a56.json","parameterValues":["'chrome'"]}